<?xml version="1.0" encoding="UTF-8"?>
<coverage generated="1649595145569" clover="3.2.0">
  <project timestamp="1649595145569" name="All files">
    <metrics statements="865" coveredstatements="804" conditionals="295" coveredconditionals="239" methods="122" coveredmethods="117" elements="1282" coveredelements="1160" complexity="0" loc="865" ncloc="865" packages="8" files="9" classes="9"/>
    <package name="sliderMetaLamp">
      <metrics statements="9" coveredstatements="9" conditionals="1" coveredconditionals="1" methods="2" coveredmethods="2"/>
      <file name="sliderMetaLamp.ts" path="C:\Users\Екатерина\Documents\GIT\Metalamp-4th-task\src\plugins\sliderMetaLamp\sliderMetaLamp.ts">
        <metrics statements="9" coveredstatements="9" conditionals="1" coveredconditionals="1" methods="2" coveredmethods="2"/>
        <line num="1" count="1" type="stmt"/>
        <line num="2" count="1" type="stmt"/>
        <line num="5" count="1" type="stmt"/>
        <line num="6" count="1" type="stmt"/>
        <line num="7" count="1" type="stmt"/>
        <line num="8" count="1" type="cond" truecount="1" falsecount="0"/>
        <line num="9" count="1" type="stmt"/>
        <line num="16" count="1" type="stmt"/>
        <line num="19" count="1" type="stmt"/>
      </file>
    </package>
    <package name="sliderMetaLamp.mvc">
      <metrics statements="13" coveredstatements="13" conditionals="3" coveredconditionals="3" methods="5" coveredmethods="5"/>
      <file name="observer.ts" path="C:\Users\Екатерина\Documents\GIT\Metalamp-4th-task\src\plugins\sliderMetaLamp\mvc\observer.ts">
        <metrics statements="11" coveredstatements="11" conditionals="3" coveredconditionals="3" methods="5" coveredmethods="5"/>
        <line num="5" count="6" type="stmt"/>
        <line num="11" count="31" type="stmt"/>
        <line num="15" count="78" type="cond" truecount="2" falsecount="0"/>
        <line num="16" count="77" type="stmt"/>
        <line num="17" count="77" type="stmt"/>
        <line num="19" count="1" type="stmt"/>
        <line num="23" count="141" type="stmt"/>
        <line num="24" count="28" type="stmt"/>
        <line num="28" count="311" type="stmt"/>
        <line num="29" count="533" type="stmt"/>
        <line num="34" count="6" type="stmt"/>
      </file>
      <file name="utils.ts" path="C:\Users\Екатерина\Documents\GIT\Metalamp-4th-task\src\plugins\sliderMetaLamp\mvc\utils.ts">
        <metrics statements="2" coveredstatements="2" conditionals="0" coveredconditionals="0" methods="0" coveredmethods="0"/>
        <line num="7" count="6" type="stmt"/>
        <line num="28" count="6" type="stmt"/>
      </file>
    </package>
    <package name="sliderMetaLamp.mvc.controller">
      <metrics statements="90" coveredstatements="85" conditionals="14" coveredconditionals="14" methods="24" coveredmethods="24"/>
      <file name="controller.ts" path="C:\Users\Екатерина\Documents\GIT\Metalamp-4th-task\src\plugins\sliderMetaLamp\mvc\controller\controller.ts">
        <metrics statements="90" coveredstatements="85" conditionals="14" coveredconditionals="14" methods="24" coveredmethods="24"/>
        <line num="2" count="3" type="stmt"/>
        <line num="3" count="3" type="stmt"/>
        <line num="4" count="3" type="stmt"/>
        <line num="11" count="3" type="stmt"/>
        <line num="12" count="3" type="stmt"/>
        <line num="13" count="3" type="stmt"/>
        <line num="14" count="3" type="stmt"/>
        <line num="15" count="3" type="stmt"/>
        <line num="16" count="3" type="stmt"/>
        <line num="20" count="2" type="stmt"/>
        <line num="24" count="2" type="stmt"/>
        <line num="28" count="2" type="stmt"/>
        <line num="29" count="2" type="stmt"/>
        <line num="30" count="2" type="stmt"/>
        <line num="34" count="2" type="cond" truecount="1" falsecount="0"/>
        <line num="35" count="2" type="stmt"/>
        <line num="36" count="2" type="stmt"/>
        <line num="38" count="2" type="stmt"/>
        <line num="42" count="2" type="stmt"/>
        <line num="43" count="2" type="stmt"/>
        <line num="44" count="2" type="stmt"/>
        <line num="48" count="3" type="stmt"/>
        <line num="49" count="3" type="stmt"/>
        <line num="50" count="3" type="stmt"/>
        <line num="54" count="5" type="stmt"/>
        <line num="55" count="5" type="stmt"/>
        <line num="56" count="5" type="stmt"/>
        <line num="57" count="5" type="stmt"/>
        <line num="58" count="5" type="stmt"/>
        <line num="59" count="5" type="stmt"/>
        <line num="60" count="5" type="stmt"/>
        <line num="61" count="5" type="stmt"/>
        <line num="62" count="5" type="stmt"/>
        <line num="63" count="5" type="stmt"/>
        <line num="64" count="5" type="stmt"/>
        <line num="65" count="5" type="stmt"/>
        <line num="66" count="5" type="stmt"/>
        <line num="70" count="2" type="stmt"/>
        <line num="71" count="2" type="stmt"/>
        <line num="72" count="2" type="stmt"/>
        <line num="73" count="2" type="stmt"/>
        <line num="74" count="2" type="stmt"/>
        <line num="75" count="2" type="stmt"/>
        <line num="76" count="2" type="stmt"/>
        <line num="77" count="2" type="stmt"/>
        <line num="78" count="2" type="stmt"/>
        <line num="79" count="2" type="stmt"/>
        <line num="80" count="2" type="stmt"/>
        <line num="81" count="2" type="stmt"/>
        <line num="82" count="2" type="stmt"/>
        <line num="86" count="3" type="stmt"/>
        <line num="88" count="47" type="cond" truecount="1" falsecount="0"/>
        <line num="89" count="6" type="stmt"/>
        <line num="91" count="3" type="stmt"/>
        <line num="92" count="47" type="cond" truecount="1" falsecount="0"/>
        <line num="93" count="9" type="stmt"/>
        <line num="96" count="3" type="stmt"/>
        <line num="97" count="47" type="cond" truecount="1" falsecount="0"/>
        <line num="98" count="7" type="stmt"/>
        <line num="101" count="3" type="stmt"/>
        <line num="102" count="47" type="cond" truecount="1" falsecount="0"/>
        <line num="103" count="9" type="stmt"/>
        <line num="106" count="3" type="stmt"/>
        <line num="107" count="47" type="cond" truecount="1" falsecount="0"/>
        <line num="108" count="5" type="stmt"/>
        <line num="111" count="3" type="stmt"/>
        <line num="112" count="47" type="cond" truecount="1" falsecount="0"/>
        <line num="113" count="9" type="stmt"/>
        <line num="116" count="3" type="stmt"/>
        <line num="117" count="47" type="cond" truecount="1" falsecount="0"/>
        <line num="118" count="0" type="stmt"/>
        <line num="121" count="3" type="stmt"/>
        <line num="122" count="47" type="cond" truecount="1" falsecount="0"/>
        <line num="123" count="0" type="stmt"/>
        <line num="126" count="3" type="stmt"/>
        <line num="127" count="47" type="cond" truecount="1" falsecount="0"/>
        <line num="128" count="0" type="stmt"/>
        <line num="131" count="3" type="stmt"/>
        <line num="132" count="47" type="cond" truecount="1" falsecount="0"/>
        <line num="133" count="0" type="stmt"/>
        <line num="137" count="3" type="stmt"/>
        <line num="138" count="47" type="cond" truecount="1" falsecount="0"/>
        <line num="139" count="0" type="stmt"/>
        <line num="143" count="3" type="stmt"/>
        <line num="144" count="4" type="cond" truecount="1" falsecount="0"/>
        <line num="145" count="3" type="stmt"/>
        <line num="157" count="3" type="stmt"/>
        <line num="158" count="4" type="cond" truecount="1" falsecount="0"/>
        <line num="159" count="1" type="stmt"/>
        <line num="166" count="4" type="stmt"/>
      </file>
    </package>
    <package name="sliderMetaLamp.mvc.model">
      <metrics statements="378" coveredstatements="347" conditionals="189" coveredconditionals="151" methods="28" coveredmethods="28"/>
      <file name="model.ts" path="C:\Users\Екатерина\Documents\GIT\Metalamp-4th-task\src\plugins\sliderMetaLamp\mvc\model\model.ts">
        <metrics statements="378" coveredstatements="347" conditionals="189" coveredconditionals="151" methods="28" coveredmethods="28"/>
        <line num="8" count="4" type="stmt"/>
        <line num="9" count="4" type="stmt"/>
        <line num="24" count="18" type="stmt"/>
        <line num="26" count="18" type="stmt"/>
        <line num="29" count="18" type="stmt"/>
        <line num="55" count="18" type="stmt"/>
        <line num="67" count="18" type="stmt"/>
        <line num="68" count="18" type="stmt"/>
        <line num="71" count="18" type="stmt"/>
        <line num="73" count="18" type="stmt"/>
        <line num="76" count="18" type="stmt"/>
        <line num="80" count="18" type="stmt"/>
        <line num="81" count="18" type="stmt"/>
        <line num="82" count="18" type="stmt"/>
        <line num="83" count="18" type="stmt"/>
        <line num="84" count="18" type="stmt"/>
        <line num="85" count="18" type="stmt"/>
        <line num="86" count="18" type="stmt"/>
        <line num="87" count="18" type="cond" truecount="1" falsecount="0"/>
        <line num="88" count="11" type="stmt"/>
        <line num="96" count="2" type="stmt"/>
        <line num="110" count="15" type="stmt"/>
        <line num="113" count="15" type="stmt"/>
        <line num="114" count="15" type="cond" truecount="1" falsecount="1"/>
        <line num="115" count="0" type="stmt"/>
        <line num="119" count="15" type="stmt"/>
        <line num="120" count="15" type="cond" truecount="1" falsecount="0"/>
        <line num="121" count="1" type="stmt"/>
        <line num="124" count="15" type="stmt"/>
        <line num="130" count="15" type="cond" truecount="1" falsecount="0"/>
        <line num="131" count="6" type="stmt"/>
        <line num="134" count="15" type="stmt"/>
        <line num="136" count="15" type="cond" truecount="1" falsecount="0"/>
        <line num="137" count="1" type="stmt"/>
        <line num="138" count="1" type="stmt"/>
        <line num="139" count="1" type="stmt"/>
        <line num="141" count="14" type="cond" truecount="1" falsecount="0"/>
        <line num="142" count="2" type="stmt"/>
        <line num="143" count="2" type="stmt"/>
        <line num="144" count="2" type="stmt"/>
        <line num="148" count="12" type="cond" truecount="1" falsecount="0"/>
        <line num="149" count="12" type="cond" truecount="1" falsecount="0"/>
        <line num="150" count="5" type="cond" truecount="1" falsecount="0"/>
        <line num="151" count="2" type="stmt"/>
        <line num="152" count="2" type="stmt"/>
        <line num="153" count="2" type="stmt"/>
        <line num="156" count="10" type="cond" truecount="1" falsecount="0"/>
        <line num="157" count="7" type="cond" truecount="1" falsecount="0"/>
        <line num="158" count="2" type="stmt"/>
        <line num="159" count="2" type="stmt"/>
        <line num="160" count="2" type="stmt"/>
        <line num="165" count="8" type="cond" truecount="2" falsecount="0"/>
        <line num="166" count="3" type="stmt"/>
        <line num="167" count="3" type="stmt"/>
        <line num="169" count="5" type="stmt"/>
        <line num="170" count="5" type="stmt"/>
        <line num="172" count="8" type="cond" truecount="1" falsecount="0"/>
        <line num="173" count="8" type="stmt"/>
        <line num="175" count="8" type="stmt"/>
        <line num="176" count="8" type="cond" truecount="1" falsecount="0"/>
        <line num="177" count="2" type="stmt"/>
        <line num="180" count="8" type="stmt"/>
        <line num="189" count="21" type="stmt"/>
        <line num="190" count="2" type="stmt"/>
        <line num="191" count="2" type="stmt"/>
        <line num="192" count="2" type="stmt"/>
        <line num="193" count="2" type="stmt"/>
        <line num="194" count="2" type="stmt"/>
        <line num="196" count="2" type="stmt"/>
        <line num="199" count="21" type="stmt"/>
        <line num="200" count="2" type="stmt"/>
        <line num="201" count="2" type="stmt"/>
        <line num="202" count="2" type="stmt"/>
        <line num="203" count="2" type="stmt"/>
        <line num="204" count="2" type="stmt"/>
        <line num="205" count="2" type="stmt"/>
        <line num="208" count="21" type="stmt"/>
        <line num="209" count="5" type="cond" truecount="2" falsecount="0"/>
        <line num="210" count="2" type="stmt"/>
        <line num="213" count="3" type="stmt"/>
        <line num="218" count="21" type="stmt"/>
        <line num="219" count="5" type="cond" truecount="2" falsecount="0"/>
        <line num="220" count="2" type="stmt"/>
        <line num="223" count="3" type="stmt"/>
        <line num="232" count="21" type="cond" truecount="2" falsecount="0"/>
        <line num="233" count="11" type="stmt"/>
        <line num="234" count="11" type="cond" truecount="2" falsecount="0"/>
        <line num="235" count="5" type="cond" truecount="4" falsecount="0"/>
        <line num="237" count="1" type="cond" truecount="2" falsecount="0"/>
        <line num="239" count="1" type="cond" truecount="1" falsecount="1"/>
        <line num="241" count="1" type="cond" truecount="2" falsecount="0"/>
        <line num="243" count="1" type="cond" truecount="1" falsecount="1"/>
        <line num="246" count="1" type="cond" truecount="2" falsecount="1"/>
        <line num="247" count="0" type="cond" truecount="0" falsecount="2"/>
        <line num="252" count="0" type="cond" truecount="0" falsecount="3"/>
        <line num="253" count="0" type="stmt"/>
        <line num="255" count="0" type="cond" truecount="0" falsecount="3"/>
        <line num="256" count="0" type="stmt"/>
        <line num="259" count="1" type="cond" truecount="1" falsecount="0"/>
        <line num="260" count="1" type="stmt"/>
        <line num="262" count="1" type="cond" truecount="0" falsecount="1"/>
        <line num="263" count="0" type="stmt"/>
        <line num="267" count="4" type="cond" truecount="2" falsecount="0"/>
        <line num="268" count="2" type="cond" truecount="2" falsecount="0"/>
        <line num="273" count="2" type="cond" truecount="0" falsecount="1"/>
        <line num="274" count="0" type="stmt"/>
        <line num="277" count="2" type="stmt"/>
        <line num="281" count="5" type="stmt"/>
        <line num="282" count="5" type="stmt"/>
        <line num="283" count="5" type="stmt"/>
        <line num="284" count="5" type="stmt"/>
        <line num="285" count="5" type="stmt"/>
        <line num="288" count="6" type="cond" truecount="4" falsecount="0"/>
        <line num="289" count="4" type="cond" truecount="2" falsecount="0"/>
        <line num="291" count="2" type="cond" truecount="2" falsecount="0"/>
        <line num="296" count="2" type="cond" truecount="0" falsecount="1"/>
        <line num="297" count="0" type="stmt"/>
        <line num="299" count="2" type="stmt"/>
        <line num="301" count="2" type="cond" truecount="1" falsecount="1"/>
        <line num="302" count="0" type="cond" truecount="0" falsecount="2"/>
        <line num="307" count="0" type="cond" truecount="0" falsecount="1"/>
        <line num="308" count="0" type="stmt"/>
        <line num="310" count="2" type="stmt"/>
        <line num="312" count="6" type="stmt"/>
        <line num="313" count="6" type="stmt"/>
        <line num="314" count="6" type="stmt"/>
        <line num="315" count="6" type="stmt"/>
        <line num="316" count="6" type="stmt"/>
        <line num="318" count="11" type="stmt"/>
        <line num="323" count="10" type="cond" truecount="2" falsecount="0"/>
        <line num="324" count="5" type="stmt"/>
        <line num="325" count="25" type="stmt"/>
        <line num="326" count="5" type="cond" truecount="4" falsecount="0"/>
        <line num="327" count="1" type="stmt"/>
        <line num="328" count="1" type="cond" truecount="1" falsecount="1"/>
        <line num="329" count="1" type="cond" truecount="5" falsecount="2"/>
        <line num="333" count="0" type="stmt"/>
        <line num="335" count="1" type="stmt"/>
        <line num="337" count="4" type="stmt"/>
        <line num="338" count="4" type="cond" truecount="2" falsecount="0"/>
        <line num="340" count="2" type="cond" truecount="3" falsecount="2"/>
        <line num="342" count="2" type="stmt"/>
        <line num="344" count="0" type="stmt"/>
        <line num="348" count="5" type="stmt"/>
        <line num="349" count="47" type="stmt"/>
        <line num="350" count="5" type="cond" truecount="4" falsecount="0"/>
        <line num="351" count="4" type="stmt"/>
        <line num="352" count="4" type="cond" truecount="2" falsecount="0"/>
        <line num="353" count="2" type="cond" truecount="4" falsecount="1"/>
        <line num="355" count="2" type="stmt"/>
        <line num="357" count="0" type="stmt"/>
        <line num="359" count="1" type="stmt"/>
        <line num="360" count="1" type="cond" truecount="1" falsecount="1"/>
        <line num="361" count="1" type="cond" truecount="2" falsecount="2"/>
        <line num="363" count="0" type="stmt"/>
        <line num="365" count="1" type="stmt"/>
        <line num="369" count="17" type="stmt"/>
        <line num="370" count="17" type="cond" truecount="1" falsecount="0"/>
        <line num="371" count="1" type="stmt"/>
        <line num="373" count="17" type="stmt"/>
        <line num="380" count="64" type="stmt"/>
        <line num="382" count="512" type="stmt"/>
        <line num="383" count="512" type="cond" truecount="1" falsecount="0"/>
        <line num="384" count="512" type="stmt"/>
        <line num="386" count="512" type="stmt"/>
        <line num="389" count="64" type="stmt"/>
        <line num="390" count="384" type="stmt"/>
        <line num="391" count="384" type="cond" truecount="3" falsecount="0"/>
        <line num="392" count="251" type="stmt"/>
        <line num="394" count="384" type="stmt"/>
        <line num="399" count="64" type="stmt"/>
        <line num="403" count="64" type="stmt"/>
        <line num="404" count="64" type="stmt"/>
        <line num="405" count="64" type="stmt"/>
        <line num="406" count="64" type="stmt"/>
        <line num="407" count="64" type="stmt"/>
        <line num="408" count="64" type="stmt"/>
        <line num="409" count="64" type="stmt"/>
        <line num="411" count="64" type="stmt"/>
        <line num="412" count="64" type="stmt"/>
        <line num="413" count="64" type="stmt"/>
        <line num="414" count="64" type="stmt"/>
        <line num="415" count="64" type="stmt"/>
        <line num="416" count="64" type="stmt"/>
        <line num="419" count="64" type="cond" truecount="2" falsecount="1"/>
        <line num="420" count="0" type="stmt"/>
        <line num="424" count="64" type="cond" truecount="1" falsecount="0"/>
        <line num="425" count="3" type="stmt"/>
        <line num="429" count="64" type="cond" truecount="1" falsecount="0"/>
        <line num="430" count="3" type="stmt"/>
        <line num="434" count="64" type="cond" truecount="1" falsecount="0"/>
        <line num="435" count="17" type="stmt"/>
        <line num="436" count="17" type="stmt"/>
        <line num="437" count="17" type="stmt"/>
        <line num="440" count="64" type="cond" truecount="1" falsecount="0"/>
        <line num="441" count="1" type="stmt"/>
        <line num="445" count="64" type="cond" truecount="1" falsecount="0"/>
        <line num="446" count="6" type="stmt"/>
        <line num="449" count="64" type="cond" truecount="2" falsecount="1"/>
        <line num="450" count="0" type="stmt"/>
        <line num="454" count="64" type="cond" truecount="2" falsecount="1"/>
        <line num="455" count="0" type="stmt"/>
        <line num="458" count="64" type="cond" truecount="2" falsecount="1"/>
        <line num="459" count="0" type="stmt"/>
        <line num="463" count="64" type="cond" truecount="2" falsecount="1"/>
        <line num="464" count="0" type="stmt"/>
        <line num="467" count="64" type="cond" truecount="2" falsecount="1"/>
        <line num="468" count="0" type="stmt"/>
        <line num="472" count="64" type="cond" truecount="1" falsecount="0"/>
        <line num="473" count="3" type="stmt"/>
        <line num="475" count="64" type="cond" truecount="1" falsecount="0"/>
        <line num="476" count="22" type="stmt"/>
        <line num="478" count="64" type="stmt"/>
        <line num="483" count="46" type="stmt"/>
        <line num="485" count="46" type="stmt"/>
        <line num="488" count="46" type="stmt"/>
        <line num="489" count="46" type="stmt"/>
        <line num="492" count="46" type="stmt"/>
        <line num="493" count="460" type="cond" truecount="1" falsecount="0"/>
        <line num="494" count="51" type="stmt"/>
        <line num="495" count="51" type="stmt"/>
        <line num="498" count="46" type="cond" truecount="1" falsecount="0"/>
        <line num="499" count="11" type="stmt"/>
        <line num="502" count="46" type="stmt"/>
        <line num="503" count="460" type="cond" truecount="1" falsecount="0"/>
        <line num="504" count="51" type="stmt"/>
        <line num="507" count="46" type="stmt"/>
        <line num="509" count="46" type="stmt"/>
        <line num="517" count="46" type="stmt"/>
        <line num="518" count="1138" type="cond" truecount="2" falsecount="0"/>
        <line num="519" count="1096" type="stmt"/>
        <line num="521" count="42" type="cond" truecount="13" falsecount="3"/>
        <line num="523" count="4" type="stmt"/>
        <line num="524" count="4" type="stmt"/>
        <line num="525" count="4" type="stmt"/>
        <line num="526" count="4" type="stmt"/>
        <line num="527" count="4" type="stmt"/>
        <line num="528" count="4" type="stmt"/>
        <line num="530" count="4" type="stmt"/>
        <line num="531" count="4" type="stmt"/>
        <line num="532" count="4" type="stmt"/>
        <line num="533" count="4" type="stmt"/>
        <line num="534" count="4" type="stmt"/>
        <line num="536" count="4" type="stmt"/>
        <line num="538" count="5" type="stmt"/>
        <line num="539" count="5" type="stmt"/>
        <line num="540" count="5" type="stmt"/>
        <line num="542" count="9" type="stmt"/>
        <line num="543" count="9" type="stmt"/>
        <line num="544" count="9" type="stmt"/>
        <line num="546" count="4" type="stmt"/>
        <line num="547" count="4" type="stmt"/>
        <line num="549" count="4" type="stmt"/>
        <line num="551" count="3" type="stmt"/>
        <line num="552" count="3" type="stmt"/>
        <line num="553" count="3" type="stmt"/>
        <line num="555" count="2" type="stmt"/>
        <line num="556" count="2" type="stmt"/>
        <line num="558" count="1" type="stmt"/>
        <line num="560" count="1" type="stmt"/>
        <line num="562" count="5" type="stmt"/>
        <line num="563" count="5" type="stmt"/>
        <line num="565" count="1" type="stmt"/>
        <line num="566" count="1" type="stmt"/>
        <line num="568" count="1" type="stmt"/>
        <line num="569" count="1" type="stmt"/>
        <line num="571" count="1" type="stmt"/>
        <line num="572" count="1" type="stmt"/>
        <line num="574" count="1" type="stmt"/>
        <line num="575" count="1" type="stmt"/>
        <line num="577" count="0" type="stmt"/>
        <line num="578" count="0" type="stmt"/>
        <line num="579" count="0" type="stmt"/>
        <line num="581" count="0" type="stmt"/>
        <line num="582" count="0" type="stmt"/>
        <line num="583" count="0" type="stmt"/>
        <line num="585" count="0" type="stmt"/>
        <line num="586" count="0" type="stmt"/>
        <line num="587" count="0" type="stmt"/>
        <line num="592" count="46" type="stmt"/>
        <line num="597" count="1" type="stmt"/>
        <line num="598" count="1" type="stmt"/>
        <line num="599" count="1" type="stmt"/>
        <line num="600" count="1" type="stmt"/>
        <line num="601" count="1" type="stmt"/>
        <line num="605" count="5" type="stmt"/>
        <line num="606" count="5" type="stmt"/>
        <line num="607" count="5" type="cond" truecount="1" falsecount="0"/>
        <line num="608" count="1" type="stmt"/>
        <line num="613" count="8" type="stmt"/>
        <line num="614" count="8" type="stmt"/>
        <line num="615" count="8" type="stmt"/>
        <line num="616" count="8" type="cond" truecount="1" falsecount="0"/>
        <line num="617" count="5" type="stmt"/>
        <line num="619" count="8" type="stmt"/>
        <line num="623" count="1" type="stmt"/>
        <line num="627" count="1" type="stmt"/>
        <line num="631" count="1" type="stmt"/>
        <line num="638" count="14" type="stmt"/>
        <line num="639" count="14" type="stmt"/>
        <line num="640" count="76" type="stmt"/>
        <line num="641" count="76" type="cond" truecount="1" falsecount="0"/>
        <line num="642" count="73" type="stmt"/>
        <line num="644" count="76" type="cond" truecount="1" falsecount="0"/>
        <line num="646" count="14" type="stmt"/>
        <line num="647" count="14" type="stmt"/>
        <line num="650" count="14" type="stmt"/>
        <line num="656" count="38" type="stmt"/>
        <line num="662" count="38" type="cond" truecount="1" falsecount="0"/>
        <line num="663" count="4" type="stmt"/>
        <line num="665" count="38" type="cond" truecount="1" falsecount="0"/>
        <line num="666" count="33" type="stmt"/>
        <line num="668" count="38" type="stmt"/>
        <line num="673" count="42" type="stmt"/>
        <line num="675" count="42" type="cond" truecount="1" falsecount="0"/>
        <line num="676" count="4" type="stmt"/>
        <line num="678" count="42" type="cond" truecount="1" falsecount="0"/>
        <line num="679" count="36" type="stmt"/>
        <line num="681" count="42" type="stmt"/>
        <line num="688" count="66" type="cond" truecount="2" falsecount="0"/>
        <line num="689" count="62" type="stmt"/>
        <line num="690" count="62" type="stmt"/>
        <line num="693" count="4" type="stmt"/>
        <line num="694" count="4" type="stmt"/>
        <line num="696" count="66" type="stmt"/>
        <line num="702" count="29" type="stmt"/>
        <line num="704" count="29" type="stmt"/>
        <line num="705" count="29" type="stmt"/>
        <line num="706" count="29" type="stmt"/>
        <line num="707" count="29" type="cond" truecount="1" falsecount="0"/>
        <line num="708" count="26" type="stmt"/>
        <line num="709" count="26" type="stmt"/>
        <line num="710" count="26" type="cond" truecount="2" falsecount="0"/>
        <line num="712" count="26" type="stmt"/>
        <line num="713" count="26" type="stmt"/>
        <line num="714" count="26" type="stmt"/>
        <line num="715" count="26" type="stmt"/>
        <line num="718" count="29" type="cond" truecount="1" falsecount="0"/>
        <line num="719" count="3" type="stmt"/>
        <line num="720" count="3" type="stmt"/>
        <line num="721" count="3" type="cond" truecount="2" falsecount="0"/>
        <line num="723" count="3" type="stmt"/>
        <line num="724" count="3" type="stmt"/>
        <line num="725" count="3" type="stmt"/>
        <line num="726" count="3" type="stmt"/>
        <line num="729" count="29" type="stmt"/>
        <line num="730" count="29" type="stmt"/>
        <line num="732" count="29" type="stmt"/>
        <line num="733" count="266" type="stmt"/>
        <line num="734" count="266" type="stmt"/>
        <line num="738" count="266" type="cond" truecount="1" falsecount="0"/>
        <line num="739" count="264" type="stmt"/>
        <line num="742" count="264" type="stmt"/>
        <line num="743" count="264" type="stmt"/>
        <line num="744" count="264" type="stmt"/>
        <line num="747" count="29" type="cond" truecount="1" falsecount="0"/>
        <line num="749" count="2" type="stmt"/>
        <line num="751" count="29" type="stmt"/>
        <line num="757" count="84" type="cond" truecount="1" falsecount="0"/>
        <line num="758" count="84" type="stmt"/>
        <line num="759" count="84" type="cond" truecount="2" falsecount="0"/>
        <line num="760" count="77" type="stmt"/>
        <line num="763" count="7" type="cond" truecount="2" falsecount="0"/>
        <line num="764" count="1" type="stmt"/>
        <line num="765" count="6" type="cond" truecount="2" falsecount="0"/>
        <line num="766" count="2" type="stmt"/>
        <line num="768" count="4" type="cond" truecount="2" falsecount="0"/>
        <line num="769" count="2" type="stmt"/>
        <line num="771" count="2" type="cond" truecount="1" falsecount="0"/>
        <line num="772" count="2" type="stmt"/>
        <line num="774" count="84" type="cond" truecount="2" falsecount="0"/>
        <line num="775" count="40" type="stmt"/>
        <line num="776" count="40" type="stmt"/>
        <line num="777" count="40" type="stmt"/>
        <line num="779" count="44" type="stmt"/>
        <line num="780" count="44" type="stmt"/>
        <line num="781" count="44" type="stmt"/>
        <line num="787" count="4" type="stmt"/>
      </file>
    </package>
    <package name="sliderMetaLamp.mvc.view">
      <metrics statements="80" coveredstatements="76" conditionals="13" coveredconditionals="12" methods="21" coveredmethods="20"/>
      <file name="view.ts" path="C:\Users\Екатерина\Documents\GIT\Metalamp-4th-task\src\plugins\sliderMetaLamp\mvc\view\view.ts">
        <metrics statements="80" coveredstatements="76" conditionals="13" coveredconditionals="12" methods="21" coveredmethods="20"/>
        <line num="1" count="4" type="stmt"/>
        <line num="2" count="4" type="stmt"/>
        <line num="4" count="4" type="stmt"/>
        <line num="6" count="4" type="stmt"/>
        <line num="27" count="4" type="stmt"/>
        <line num="29" count="4" type="stmt"/>
        <line num="30" count="4" type="stmt"/>
        <line num="31" count="4" type="stmt"/>
        <line num="36" count="4" type="stmt"/>
        <line num="37" count="4" type="stmt"/>
        <line num="38" count="4" type="stmt"/>
        <line num="39" count="4" type="stmt"/>
        <line num="43" count="2" type="stmt"/>
        <line num="47" count="2" type="stmt"/>
        <line num="51" count="7" type="stmt"/>
        <line num="53" count="7" type="stmt"/>
        <line num="57" count="10" type="stmt"/>
        <line num="59" count="10" type="stmt"/>
        <line num="63" count="8" type="stmt"/>
        <line num="67" count="10" type="stmt"/>
        <line num="71" count="6" type="stmt"/>
        <line num="76" count="10" type="stmt"/>
        <line num="81" count="4" type="cond" truecount="1" falsecount="1"/>
        <line num="82" count="0" type="stmt"/>
        <line num="83" count="0" type="stmt"/>
        <line num="84" count="0" type="stmt"/>
        <line num="86" count="4" type="stmt"/>
        <line num="87" count="4" type="stmt"/>
        <line num="88" count="4" type="stmt"/>
        <line num="90" count="4" type="stmt"/>
        <line num="91" count="4" type="stmt"/>
        <line num="95" count="0" type="stmt"/>
        <line num="99" count="1" type="stmt"/>
        <line num="103" count="1" type="stmt"/>
        <line num="107" count="1" type="stmt"/>
        <line num="111" count="4" type="stmt"/>
        <line num="112" count="4" type="stmt"/>
        <line num="113" count="4" type="stmt"/>
        <line num="114" count="4" type="stmt"/>
        <line num="116" count="4" type="stmt"/>
        <line num="117" count="4" type="stmt"/>
        <line num="118" count="4" type="stmt"/>
        <line num="119" count="4" type="stmt"/>
        <line num="120" count="4" type="stmt"/>
        <line num="124" count="4" type="stmt"/>
        <line num="125" count="4" type="stmt"/>
        <line num="126" count="4" type="stmt"/>
        <line num="142" count="4" type="stmt"/>
        <line num="143" count="15" type="stmt"/>
        <line num="144" count="15" type="cond" truecount="1" falsecount="0"/>
        <line num="145" count="15" type="stmt"/>
        <line num="148" count="4" type="stmt"/>
        <line num="150" count="18" type="cond" truecount="1" falsecount="0"/>
        <line num="151" count="9" type="stmt"/>
        <line num="154" count="18" type="cond" truecount="1" falsecount="0"/>
        <line num="155" count="6" type="stmt"/>
        <line num="158" count="18" type="cond" truecount="1" falsecount="0"/>
        <line num="159" count="2" type="stmt"/>
        <line num="162" count="18" type="cond" truecount="1" falsecount="0"/>
        <line num="163" count="1" type="stmt"/>
        <line num="164" count="1" type="stmt"/>
        <line num="166" count="18" type="cond" truecount="1" falsecount="0"/>
        <line num="167" count="1" type="stmt"/>
        <line num="168" count="1" type="stmt"/>
        <line num="170" count="18" type="cond" truecount="1" falsecount="0"/>
        <line num="171" count="1" type="stmt"/>
        <line num="172" count="1" type="stmt"/>
        <line num="175" count="4" type="stmt"/>
        <line num="179" count="4" type="stmt"/>
        <line num="180" count="4" type="stmt"/>
        <line num="182" count="4" type="stmt"/>
        <line num="186" count="4" type="stmt"/>
        <line num="187" count="4" type="stmt"/>
        <line num="190" count="4" type="stmt"/>
        <line num="191" count="4" type="cond" truecount="2" falsecount="0"/>
        <line num="193" count="3" type="stmt"/>
        <line num="197" count="4" type="stmt"/>
        <line num="198" count="4" type="cond" truecount="2" falsecount="0"/>
        <line num="200" count="1" type="stmt"/>
        <line num="205" count="4" type="stmt"/>
      </file>
    </package>
    <package name="sliderMetaLamp.mvc.view.view-bar">
      <metrics statements="25" coveredstatements="25" conditionals="6" coveredconditionals="6" methods="6" coveredmethods="6"/>
      <file name="view-bar.ts" path="C:\Users\Екатерина\Documents\GIT\Metalamp-4th-task\src\plugins\sliderMetaLamp\mvc\view\view-bar\view-bar.ts">
        <metrics statements="25" coveredstatements="25" conditionals="6" coveredconditionals="6" methods="6" coveredmethods="6"/>
        <line num="21" count="5" type="stmt"/>
        <line num="22" count="5" type="stmt"/>
        <line num="27" count="6" type="stmt"/>
        <line num="28" count="6" type="cond" truecount="2" falsecount="0"/>
        <line num="34" count="8" type="stmt"/>
        <line num="35" count="8" type="stmt"/>
        <line num="36" count="8" type="cond" truecount="2" falsecount="0"/>
        <line num="43" count="12" type="stmt"/>
        <line num="44" count="12" type="cond" truecount="2" falsecount="0"/>
        <line num="45" count="10" type="stmt"/>
        <line num="46" count="10" type="stmt"/>
        <line num="47" count="10" type="stmt"/>
        <line num="48" count="10" type="stmt"/>
        <line num="50" count="2" type="stmt"/>
        <line num="51" count="2" type="stmt"/>
        <line num="52" count="2" type="stmt"/>
        <line num="53" count="2" type="stmt"/>
        <line num="59" count="5" type="stmt"/>
        <line num="60" count="5" type="stmt"/>
        <line num="64" count="5" type="stmt"/>
        <line num="65" count="5" type="stmt"/>
        <line num="66" count="5" type="stmt"/>
        <line num="67" count="5" type="stmt"/>
        <line num="68" count="5" type="stmt"/>
        <line num="72" count="5" type="stmt"/>
      </file>
    </package>
    <package name="sliderMetaLamp.mvc.view.view-control">
      <metrics statements="178" coveredstatements="165" conditionals="45" coveredconditionals="32" methods="28" coveredmethods="25"/>
      <file name="view-control.ts" path="C:\Users\Екатерина\Documents\GIT\Metalamp-4th-task\src\plugins\sliderMetaLamp\mvc\view\view-control\view-control.ts">
        <metrics statements="178" coveredstatements="165" conditionals="45" coveredconditionals="32" methods="28" coveredmethods="25"/>
        <line num="2" count="4" type="stmt"/>
        <line num="34" count="4" type="stmt"/>
        <line num="35" count="4" type="stmt"/>
        <line num="36" count="4" type="stmt"/>
        <line num="37" count="4" type="stmt"/>
        <line num="39" count="4" type="stmt"/>
        <line num="65" count="4" type="stmt"/>
        <line num="66" count="4" type="stmt"/>
        <line num="67" count="4" type="stmt"/>
        <line num="68" count="4" type="stmt"/>
        <line num="69" count="4" type="stmt"/>
        <line num="74" count="18" type="cond" truecount="1" falsecount="0"/>
        <line num="75" count="4" type="stmt"/>
        <line num="78" count="18" type="cond" truecount="1" falsecount="1"/>
        <line num="79" count="0" type="stmt"/>
        <line num="80" count="0" type="stmt"/>
        <line num="82" count="18" type="stmt"/>
        <line num="83" count="18" type="stmt"/>
        <line num="86" count="18" type="cond" truecount="2" falsecount="0"/>
        <line num="87" count="7" type="stmt"/>
        <line num="90" count="11" type="stmt"/>
        <line num="97" count="20" type="cond" truecount="2" falsecount="0"/>
        <line num="104" count="18" type="cond" truecount="1" falsecount="0"/>
        <line num="105" count="18" type="stmt"/>
        <line num="113" count="6" type="stmt"/>
        <line num="114" count="6" type="cond" truecount="2" falsecount="0"/>
        <line num="115" count="1" type="stmt"/>
        <line num="116" count="1" type="stmt"/>
        <line num="117" count="1" type="stmt"/>
        <line num="118" count="1" type="stmt"/>
        <line num="119" count="1" type="stmt"/>
        <line num="120" count="1" type="stmt"/>
        <line num="121" count="1" type="stmt"/>
        <line num="122" count="1" type="stmt"/>
        <line num="124" count="5" type="stmt"/>
        <line num="125" count="5" type="stmt"/>
        <line num="126" count="5" type="stmt"/>
        <line num="127" count="5" type="stmt"/>
        <line num="128" count="5" type="stmt"/>
        <line num="129" count="5" type="stmt"/>
        <line num="130" count="5" type="stmt"/>
        <line num="131" count="5" type="stmt"/>
        <line num="137" count="6" type="stmt"/>
        <line num="138" count="6" type="cond" truecount="2" falsecount="0"/>
        <line num="139" count="5" type="stmt"/>
        <line num="140" count="5" type="cond" truecount="1" falsecount="0"/>
        <line num="141" count="5" type="stmt"/>
        <line num="144" count="1" type="stmt"/>
        <line num="145" count="1" type="stmt"/>
        <line num="151" count="7" type="stmt"/>
        <line num="152" count="7" type="cond" truecount="2" falsecount="0"/>
        <line num="153" count="5" type="stmt"/>
        <line num="154" count="5" type="stmt"/>
        <line num="155" count="5" type="cond" truecount="1" falsecount="0"/>
        <line num="156" count="1" type="stmt"/>
        <line num="158" count="1" type="stmt"/>
        <line num="162" count="2" type="stmt"/>
        <line num="163" count="2" type="stmt"/>
        <line num="169" count="4" type="stmt"/>
        <line num="170" count="4" type="stmt"/>
        <line num="171" count="4" type="stmt"/>
        <line num="172" count="4" type="stmt"/>
        <line num="173" count="4" type="stmt"/>
        <line num="178" count="8" type="stmt"/>
        <line num="179" count="8" type="stmt"/>
        <line num="180" count="8" type="stmt"/>
        <line num="181" count="8" type="stmt"/>
        <line num="182" count="8" type="stmt"/>
        <line num="183" count="8" type="stmt"/>
        <line num="184" count="8" type="stmt"/>
        <line num="185" count="8" type="stmt"/>
        <line num="186" count="8" type="stmt"/>
        <line num="192" count="4" type="stmt"/>
        <line num="194" count="4" type="stmt"/>
        <line num="195" count="4" type="stmt"/>
        <line num="200" count="4" type="stmt"/>
        <line num="202" count="4" type="stmt"/>
        <line num="203" count="4" type="stmt"/>
        <line num="206" count="4" type="stmt"/>
        <line num="207" count="20" type="cond" truecount="2" falsecount="0"/>
        <line num="210" count="2" type="stmt"/>
        <line num="211" count="2" type="stmt"/>
        <line num="212" count="2" type="stmt"/>
        <line num="213" count="2" type="stmt"/>
        <line num="214" count="2" type="stmt"/>
        <line num="215" count="2" type="stmt"/>
        <line num="220" count="4" type="stmt"/>
        <line num="221" count="2" type="stmt"/>
        <line num="222" count="2" type="stmt"/>
        <line num="223" count="2" type="cond" truecount="0" falsecount="1"/>
        <line num="224" count="0" type="stmt"/>
        <line num="226" count="2" type="cond" truecount="1" falsecount="0"/>
        <line num="227" count="1" type="stmt"/>
        <line num="229" count="2" type="stmt"/>
        <line num="230" count="2" type="cond" truecount="1" falsecount="0"/>
        <line num="233" count="1" type="stmt"/>
        <line num="235" count="1" type="cond" truecount="1" falsecount="0"/>
        <line num="236" count="1" type="stmt"/>
        <line num="239" count="1" type="stmt"/>
        <line num="241" count="1" type="stmt"/>
        <line num="242" count="1" type="stmt"/>
        <line num="243" count="1" type="stmt"/>
        <line num="244" count="1" type="stmt"/>
        <line num="245" count="1" type="stmt"/>
        <line num="248" count="1" type="stmt"/>
        <line num="249" count="0" type="stmt"/>
        <line num="250" count="0" type="stmt"/>
        <line num="252" count="0" type="stmt"/>
        <line num="258" count="1" type="stmt"/>
        <line num="259" count="1" type="stmt"/>
        <line num="260" count="1" type="stmt"/>
        <line num="264" count="4" type="stmt"/>
        <line num="265" count="4" type="stmt"/>
        <line num="266" count="4" type="stmt"/>
        <line num="271" count="4" type="stmt"/>
        <line num="272" count="1" type="stmt"/>
        <line num="273" count="1" type="stmt"/>
        <line num="274" count="1" type="cond" truecount="0" falsecount="1"/>
        <line num="275" count="0" type="stmt"/>
        <line num="277" count="1" type="stmt"/>
        <line num="278" count="1" type="cond" truecount="1" falsecount="0"/>
        <line num="281" count="1" type="stmt"/>
        <line num="282" count="1" type="stmt"/>
        <line num="284" count="1" type="stmt"/>
        <line num="285" count="1" type="stmt"/>
        <line num="286" count="1" type="stmt"/>
        <line num="288" count="1" type="stmt"/>
        <line num="290" count="1" type="stmt"/>
        <line num="292" count="1" type="stmt"/>
        <line num="295" count="4" type="stmt"/>
        <line num="300" count="4" type="stmt"/>
        <line num="301" count="1" type="stmt"/>
        <line num="302" count="1" type="stmt"/>
        <line num="303" count="1" type="cond" truecount="1" falsecount="0"/>
        <line num="304" count="1" type="stmt"/>
        <line num="305" count="1" type="stmt"/>
        <line num="306" count="1" type="cond" truecount="0" falsecount="1"/>
        <line num="307" count="0" type="stmt"/>
        <line num="309" count="1" type="stmt"/>
        <line num="311" count="1" type="cond" truecount="1" falsecount="0"/>
        <line num="314" count="1" type="cond" truecount="1" falsecount="1"/>
        <line num="317" count="1" type="stmt"/>
        <line num="318" count="1" type="stmt"/>
        <line num="319" count="1" type="stmt"/>
        <line num="323" count="4" type="stmt"/>
        <line num="327" count="4" type="stmt"/>
        <line num="328" count="2" type="stmt"/>
        <line num="329" count="2" type="stmt"/>
        <line num="330" count="2" type="cond" truecount="0" falsecount="1"/>
        <line num="331" count="0" type="stmt"/>
        <line num="333" count="2" type="stmt"/>
        <line num="336" count="2" type="stmt"/>
        <line num="341" count="2" type="stmt"/>
        <line num="342" count="5" type="stmt"/>
        <line num="343" count="2" type="cond" truecount="1" falsecount="0"/>
        <line num="344" count="1" type="stmt"/>
        <line num="345" count="1" type="stmt"/>
        <line num="347" count="1" type="cond" truecount="1" falsecount="1"/>
        <line num="348" count="0" type="stmt"/>
        <line num="351" count="0" type="stmt"/>
        <line num="354" count="1" type="stmt"/>
        <line num="357" count="1" type="stmt"/>
        <line num="363" count="1" type="stmt"/>
        <line num="364" count="1" type="stmt"/>
        <line num="366" count="1" type="stmt"/>
        <line num="367" count="1" type="stmt"/>
        <line num="368" count="1" type="stmt"/>
        <line num="369" count="1" type="stmt"/>
        <line num="370" count="1" type="stmt"/>
        <line num="373" count="1" type="cond" truecount="1" falsecount="1"/>
        <line num="374" count="0" type="stmt"/>
        <line num="378" count="1" type="cond" truecount="1" falsecount="1"/>
        <line num="382" count="1" type="stmt"/>
        <line num="385" count="4" type="stmt"/>
        <line num="389" count="20" type="cond" truecount="1" falsecount="1"/>
        <line num="390" count="0" type="stmt"/>
        <line num="391" count="20" type="stmt"/>
        <line num="397" count="4" type="stmt"/>
      </file>
    </package>
    <package name="sliderMetaLamp.mvc.view.view-scale">
      <metrics statements="92" coveredstatements="84" conditionals="24" coveredconditionals="20" methods="8" coveredmethods="7"/>
      <file name="view-scale.ts" path="C:\Users\Екатерина\Documents\GIT\Metalamp-4th-task\src\plugins\sliderMetaLamp\mvc\view\view-scale\view-scale.ts">
        <metrics statements="92" coveredstatements="84" conditionals="24" coveredconditionals="20" methods="8" coveredmethods="7"/>
        <line num="7" count="7" type="stmt"/>
        <line num="21" count="7" type="stmt"/>
        <line num="22" count="7" type="stmt"/>
        <line num="23" count="7" type="stmt"/>
        <line num="24" count="7" type="cond" truecount="2" falsecount="0"/>
        <line num="25" count="6" type="stmt"/>
        <line num="27" count="1" type="stmt"/>
        <line num="35" count="20" type="stmt"/>
        <line num="36" count="20" type="stmt"/>
        <line num="37" count="20" type="stmt"/>
        <line num="38" count="20" type="cond" truecount="1" falsecount="0"/>
        <line num="39" count="15" type="cond" truecount="1" falsecount="0"/>
        <line num="40" count="9" type="stmt"/>
        <line num="41" count="34" type="stmt"/>
        <line num="44" count="15" type="stmt"/>
        <line num="45" count="73" type="stmt"/>
        <line num="46" count="73" type="stmt"/>
        <line num="47" count="73" type="stmt"/>
        <line num="48" count="73" type="stmt"/>
        <line num="49" count="73" type="stmt"/>
        <line num="50" count="73" type="stmt"/>
        <line num="51" count="73" type="stmt"/>
        <line num="53" count="73" type="cond" truecount="2" falsecount="0"/>
        <line num="54" count="15" type="stmt"/>
        <line num="55" count="15" type="stmt"/>
        <line num="56" count="15" type="stmt"/>
        <line num="58" count="58" type="stmt"/>
        <line num="59" count="58" type="stmt"/>
        <line num="60" count="58" type="stmt"/>
        <line num="62" count="73" type="cond" truecount="1" falsecount="0"/>
        <line num="63" count="12" type="stmt"/>
        <line num="65" count="73" type="stmt"/>
        <line num="66" count="73" type="cond" truecount="2" falsecount="0"/>
        <line num="67" count="15" type="stmt"/>
        <line num="69" count="58" type="stmt"/>
        <line num="73" count="15" type="stmt"/>
        <line num="77" count="20" type="stmt"/>
        <line num="78" count="20" type="stmt"/>
        <line num="82" count="3" type="stmt"/>
        <line num="83" count="3" type="stmt"/>
        <line num="84" count="3" type="cond" truecount="2" falsecount="0"/>
        <line num="85" count="2" type="stmt"/>
        <line num="86" count="6" type="stmt"/>
        <line num="89" count="1" type="stmt"/>
        <line num="90" count="3" type="stmt"/>
        <line num="93" count="3" type="stmt"/>
        <line num="98" count="22" type="stmt"/>
        <line num="100" count="2" type="stmt"/>
        <line num="101" count="2" type="stmt"/>
        <line num="103" count="2" type="stmt"/>
        <line num="105" count="2" type="stmt"/>
        <line num="109" count="2" type="stmt"/>
        <line num="115" count="2" type="stmt"/>
        <line num="116" count="2" type="stmt"/>
        <line num="119" count="22" type="cond" truecount="2" falsecount="0"/>
        <line num="120" count="15" type="stmt"/>
        <line num="122" count="15" type="stmt"/>
        <line num="123" count="66" type="stmt"/>
        <line num="127" count="15" type="cond" truecount="2" falsecount="0"/>
        <line num="129" count="2" type="stmt"/>
        <line num="131" count="13" type="cond" truecount="1" falsecount="0"/>
        <line num="133" count="3" type="stmt"/>
        <line num="136" count="13" type="stmt"/>
        <line num="139" count="7" type="stmt"/>
        <line num="140" count="7" type="stmt"/>
        <line num="141" count="17" type="stmt"/>
        <line num="145" count="7" type="cond" truecount="1" falsecount="1"/>
        <line num="147" count="0" type="stmt"/>
        <line num="149" count="7" type="cond" truecount="1" falsecount="0"/>
        <line num="151" count="2" type="stmt"/>
        <line num="154" count="7" type="stmt"/>
        <line num="163" count="5" type="stmt"/>
        <line num="164" count="5" type="stmt"/>
        <line num="166" count="5" type="stmt"/>
        <line num="167" count="5" type="cond" truecount="1" falsecount="0"/>
        <line num="168" count="5" type="stmt"/>
        <line num="169" count="5" type="stmt"/>
        <line num="170" count="5" type="stmt"/>
        <line num="172" count="5" type="stmt"/>
        <line num="173" count="5" type="stmt"/>
        <line num="174" count="5" type="stmt"/>
        <line num="180" count="20" type="stmt"/>
        <line num="181" count="20" type="stmt"/>
        <line num="182" count="0" type="stmt"/>
        <line num="183" count="0" type="cond" truecount="0" falsecount="1"/>
        <line num="184" count="0" type="cond" truecount="0" falsecount="1"/>
        <line num="185" count="0" type="stmt"/>
        <line num="187" count="0" type="cond" truecount="0" falsecount="1"/>
        <line num="188" count="0" type="stmt"/>
        <line num="190" count="0" type="stmt"/>
        <line num="193" count="20" type="stmt"/>
        <line num="199" count="5" type="stmt"/>
      </file>
    </package>
  </project>
</coverage>
