{"C:\\Users\\Екатерина\\Documents\\GIT\\Metalamp-4th-task\\src\\plugins\\sliderMetaLamp\\sliderMetaLamp.ts": {"path":"C:\\Users\\Екатерина\\Documents\\GIT\\Metalamp-4th-task\\src\\plugins\\sliderMetaLamp\\sliderMetaLamp.ts","statementMap":{"0":{"start":{"line":1,"column":0},"end":{"line":1,"column":23}},"1":{"start":{"line":2,"column":0},"end":{"line":2,"column":null}},"2":{"start":{"line":6,"column":2},"end":{"line":15,"column":null}},"3":{"start":{"line":7,"column":21},"end":{"line":7,"column":26}},"4":{"start":{"line":8,"column":4},"end":{"line":14,"column":null}},"5":{"start":{"line":9,"column":6},"end":{"line":13,"column":8}},"6":{"start":{"line":16,"column":2},"end":{"line":16,"column":14}},"7":{"start":{"line":5,"column":0},"end":{"line":5,"column":16}},"8":{"start":{"line":19,"column":0},"end":{"line":19,"column":29}}},"fnMap":{"0":{"name":"plugin","decl":{"start":{"line":5,"column":16},"end":{"line":5,"column":22}},"loc":{"start":{"line":5,"column":49},"end":{"line":17,"column":1}}},"1":{"name":"(anonymous_2)","decl":{"start":{"line":6,"column":12},"end":{"line":6,"column":13}},"loc":{"start":{"line":6,"column":31},"end":{"line":15,"column":3}}}},"branchMap":{"0":{"loc":{"start":{"line":8,"column":4},"end":{"line":14,"column":null}},"type":"if","locations":[{"start":{"line":8,"column":4},"end":{"line":14,"column":null}}]}},"s":{"0":1,"1":1,"2":1,"3":1,"4":1,"5":1,"6":1,"7":1,"8":1},"f":{"0":1,"1":1},"b":{"0":[1]}}
,"C:\\Users\\Екатерина\\Documents\\GIT\\Metalamp-4th-task\\src\\plugins\\sliderMetaLamp\\mvc\\observer.ts": {"path":"C:\\Users\\Екатерина\\Documents\\GIT\\Metalamp-4th-task\\src\\plugins\\sliderMetaLamp\\mvc\\observer.ts","statementMap":{"0":{"start":{"line":5,"column":0},"end":{"line":5,"column":38}},"1":{"start":{"line":11,"column":4},"end":{"line":11,"column":24}},"2":{"start":{"line":15,"column":4},"end":{"line":19,"column":22}},"3":{"start":{"line":16,"column":6},"end":{"line":16,"column":36}},"4":{"start":{"line":17,"column":6},"end":{"line":17,"column":28}},"5":{"start":{"line":19,"column":9},"end":{"line":19,"column":22}},"6":{"start":{"line":23,"column":4},"end":{"line":23,"column":68}},"7":{"start":{"line":23,"column":50},"end":{"line":23,"column":66}},"8":{"start":{"line":24,"column":4},"end":{"line":24,"column":26}},"9":{"start":{"line":28,"column":4},"end":{"line":30,"column":null}},"10":{"start":{"line":29,"column":6},"end":{"line":29,"column":32}},"11":{"start":{"line":34,"column":9},"end":{"line":34,"column":17}}},"fnMap":{"0":{"name":"(anonymous_0)","decl":{"start":{"line":10,"column":2},"end":{"line":10,"column":null}},"loc":{"start":{"line":10,"column":2},"end":{"line":12,"column":3}}},"1":{"name":"(anonymous_1)","decl":{"start":{"line":14,"column":9},"end":{"line":14,"column":18}},"loc":{"start":{"line":14,"column":37},"end":{"line":20,"column":3}}},"2":{"name":"(anonymous_2)","decl":{"start":{"line":22,"column":9},"end":{"line":22,"column":20}},"loc":{"start":{"line":22,"column":39},"end":{"line":25,"column":3}}},"3":{"name":"(anonymous_3)","decl":{"start":{"line":23,"column":43},"end":{"line":23,"column":46}},"loc":{"start":{"line":23,"column":50},"end":{"line":23,"column":66}}},"4":{"name":"(anonymous_4)","decl":{"start":{"line":27,"column":12},"end":{"line":27,"column":16}},"loc":{"start":{"line":27,"column":76},"end":{"line":31,"column":3}}}},"branchMap":{"0":{"loc":{"start":{"line":15,"column":4},"end":{"line":19,"column":22}},"type":"if","locations":[{"start":{"line":15,"column":4},"end":{"line":19,"column":22}},{"start":{"line":19,"column":9},"end":{"line":19,"column":22}}]},"1":{"loc":{"start":{"line":27,"column":47},"end":{"line":27,"column":76}},"type":"default-arg","locations":[{"start":{"line":27,"column":65},"end":{"line":27,"column":76}}]}},"s":{"0":6,"1":31,"2":78,"3":77,"4":77,"5":1,"6":28,"7":141,"8":28,"9":311,"10":533,"11":6},"f":{"0":31,"1":78,"2":28,"3":141,"4":311},"b":{"0":[77,1],"1":[111]}}
,"C:\\Users\\Екатерина\\Documents\\GIT\\Metalamp-4th-task\\src\\plugins\\sliderMetaLamp\\mvc\\utils.ts": {"path":"C:\\Users\\Екатерина\\Documents\\GIT\\Metalamp-4th-task\\src\\plugins\\sliderMetaLamp\\mvc\\utils.ts","statementMap":{"0":{"start":{"line":7,"column":13},"end":{"line":26,"column":2}},"1":{"start":{"line":23,"column":17},"end":{"line":23,"column":21}},"2":{"start":{"line":24,"column":18},"end":{"line":24,"column":22}},"3":{"start":{"line":25,"column":18},"end":{"line":25,"column":22}},"4":{"start":{"line":28,"column":13},"end":{"line":41,"column":2}}},"fnMap":{"0":{"name":"(anonymous_0)","decl":{"start":{"line":23,"column":11},"end":{"line":23,"column":14}},"loc":{"start":{"line":23,"column":17},"end":{"line":23,"column":21}}},"1":{"name":"(anonymous_1)","decl":{"start":{"line":24,"column":12},"end":{"line":24,"column":15}},"loc":{"start":{"line":24,"column":18},"end":{"line":24,"column":22}}},"2":{"name":"(anonymous_2)","decl":{"start":{"line":25,"column":12},"end":{"line":25,"column":15}},"loc":{"start":{"line":25,"column":18},"end":{"line":25,"column":22}}}},"branchMap":{},"s":{"0":6,"1":6,"2":28,"3":34,"4":6},"f":{"0":6,"1":28,"2":34},"b":{}}
,"C:\\Users\\Екатерина\\Documents\\GIT\\Metalamp-4th-task\\src\\plugins\\sliderMetaLamp\\mvc\\controller\\controller.ts": {"path":"C:\\Users\\Екатерина\\Documents\\GIT\\Metalamp-4th-task\\src\\plugins\\sliderMetaLamp\\mvc\\controller\\controller.ts","statementMap":{"0":{"start":{"line":2,"column":0},"end":{"line":2,"column":9}},"1":{"start":{"line":206,"column":9},"end":{"line":2,"column":41}},"2":{"start":{"line":3,"column":0},"end":{"line":3,"column":9}},"3":{"start":{"line":206,"column":16},"end":{"line":3,"column":38}},"4":{"start":{"line":4,"column":0},"end":{"line":4,"column":39}},"5":{"start":{"line":11,"column":4},"end":{"line":11,"column":12}},"6":{"start":{"line":100,"column":10},"end":{"line":106,"column":null}},"7":{"start":{"line":102,"column":6},"end":{"line":102,"column":47}},"8":{"start":{"line":102,"column":40},"end":{"line":102,"column":47}},"9":{"start":{"line":103,"column":6},"end":{"line":105,"column":null}},"10":{"start":{"line":104,"column":8},"end":{"line":104,"column":56}},"11":{"start":{"line":107,"column":10},"end":{"line":112,"column":null}},"12":{"start":{"line":108,"column":4},"end":{"line":108,"column":43}},"13":{"start":{"line":108,"column":36},"end":{"line":108,"column":43}},"14":{"start":{"line":109,"column":4},"end":{"line":111,"column":null}},"15":{"start":{"line":110,"column":6},"end":{"line":110,"column":52}},"16":{"start":{"line":114,"column":10},"end":{"line":119,"column":null}},"17":{"start":{"line":115,"column":4},"end":{"line":115,"column":42}},"18":{"start":{"line":115,"column":35},"end":{"line":115,"column":42}},"19":{"start":{"line":116,"column":4},"end":{"line":118,"column":null}},"20":{"start":{"line":117,"column":6},"end":{"line":117,"column":42}},"21":{"start":{"line":121,"column":10},"end":{"line":126,"column":null}},"22":{"start":{"line":122,"column":4},"end":{"line":122,"column":40}},"23":{"start":{"line":122,"column":33},"end":{"line":122,"column":40}},"24":{"start":{"line":123,"column":4},"end":{"line":125,"column":null}},"25":{"start":{"line":124,"column":6},"end":{"line":124,"column":40}},"26":{"start":{"line":128,"column":10},"end":{"line":133,"column":null}},"27":{"start":{"line":129,"column":4},"end":{"line":129,"column":38}},"28":{"start":{"line":129,"column":31},"end":{"line":129,"column":38}},"29":{"start":{"line":130,"column":4},"end":{"line":132,"column":null}},"30":{"start":{"line":131,"column":6},"end":{"line":131,"column":52}},"31":{"start":{"line":135,"column":10},"end":{"line":140,"column":null}},"32":{"start":{"line":136,"column":4},"end":{"line":136,"column":36}},"33":{"start":{"line":136,"column":29},"end":{"line":136,"column":36}},"34":{"start":{"line":137,"column":4},"end":{"line":139,"column":null}},"35":{"start":{"line":138,"column":6},"end":{"line":138,"column":50}},"36":{"start":{"line":142,"column":10},"end":{"line":147,"column":null}},"37":{"start":{"line":143,"column":4},"end":{"line":143,"column":43}},"38":{"start":{"line":143,"column":36},"end":{"line":143,"column":43}},"39":{"start":{"line":144,"column":4},"end":{"line":146,"column":null}},"40":{"start":{"line":145,"column":6},"end":{"line":145,"column":43}},"41":{"start":{"line":149,"column":10},"end":{"line":154,"column":null}},"42":{"start":{"line":150,"column":4},"end":{"line":150,"column":40}},"43":{"start":{"line":150,"column":33},"end":{"line":150,"column":40}},"44":{"start":{"line":151,"column":4},"end":{"line":153,"column":null}},"45":{"start":{"line":152,"column":6},"end":{"line":152,"column":40}},"46":{"start":{"line":156,"column":10},"end":{"line":161,"column":null}},"47":{"start":{"line":157,"column":4},"end":{"line":157,"column":40}},"48":{"start":{"line":157,"column":33},"end":{"line":157,"column":40}},"49":{"start":{"line":158,"column":4},"end":{"line":160,"column":null}},"50":{"start":{"line":159,"column":6},"end":{"line":159,"column":40}},"51":{"start":{"line":163,"column":10},"end":{"line":168,"column":null}},"52":{"start":{"line":164,"column":4},"end":{"line":164,"column":38}},"53":{"start":{"line":164,"column":31},"end":{"line":164,"column":38}},"54":{"start":{"line":165,"column":4},"end":{"line":167,"column":null}},"55":{"start":{"line":166,"column":6},"end":{"line":166,"column":38}},"56":{"start":{"line":171,"column":10},"end":{"line":176,"column":null}},"57":{"start":{"line":172,"column":4},"end":{"line":172,"column":38}},"58":{"start":{"line":172,"column":31},"end":{"line":172,"column":38}},"59":{"start":{"line":173,"column":4},"end":{"line":175,"column":null}},"60":{"start":{"line":174,"column":6},"end":{"line":174,"column":38}},"61":{"start":{"line":179,"column":10},"end":{"line":193,"column":null}},"62":{"start":{"line":180,"column":4},"end":{"line":180,"column":42}},"63":{"start":{"line":180,"column":35},"end":{"line":180,"column":42}},"64":{"start":{"line":181,"column":4},"end":{"line":192,"column":null}},"65":{"start":{"line":182,"column":6},"end":{"line":191,"column":41}},"66":{"start":{"line":195,"column":10},"end":{"line":203,"column":null}},"67":{"start":{"line":196,"column":4},"end":{"line":196,"column":45}},"68":{"start":{"line":196,"column":38},"end":{"line":196,"column":45}},"69":{"start":{"line":197,"column":4},"end":{"line":202,"column":null}},"70":{"start":{"line":198,"column":6},"end":{"line":201,"column":41}},"71":{"start":{"line":12,"column":4},"end":{"line":12,"column":23}},"72":{"start":{"line":13,"column":4},"end":{"line":13,"column":21}},"73":{"start":{"line":14,"column":4},"end":{"line":14,"column":27}},"74":{"start":{"line":15,"column":4},"end":{"line":15,"column":16}},"75":{"start":{"line":16,"column":4},"end":{"line":16,"column":24}},"76":{"start":{"line":20,"column":4},"end":{"line":22,"column":null}},"77":{"start":{"line":21,"column":6},"end":{"line":21,"column":30}},"78":{"start":{"line":26,"column":4},"end":{"line":28,"column":null}},"79":{"start":{"line":27,"column":6},"end":{"line":27,"column":34}},"80":{"start":{"line":32,"column":4},"end":{"line":36,"column":null}},"81":{"start":{"line":33,"column":6},"end":{"line":33,"column":29}},"82":{"start":{"line":34,"column":6},"end":{"line":34,"column":27}},"83":{"start":{"line":35,"column":6},"end":{"line":35,"column":26}},"84":{"start":{"line":40,"column":4},"end":{"line":43,"column":null}},"85":{"start":{"line":41,"column":6},"end":{"line":41,"column":29}},"86":{"start":{"line":42,"column":6},"end":{"line":42,"column":25}},"87":{"start":{"line":44,"column":4},"end":{"line":44,"column":24}},"88":{"start":{"line":48,"column":4},"end":{"line":52,"column":null}},"89":{"start":{"line":49,"column":6},"end":{"line":49,"column":32}},"90":{"start":{"line":50,"column":6},"end":{"line":50,"column":23}},"91":{"start":{"line":51,"column":6},"end":{"line":51,"column":24}},"92":{"start":{"line":56,"column":4},"end":{"line":60,"column":null}},"93":{"start":{"line":57,"column":6},"end":{"line":57,"column":48}},"94":{"start":{"line":58,"column":6},"end":{"line":58,"column":38}},"95":{"start":{"line":59,"column":6},"end":{"line":59,"column":25}},"96":{"start":{"line":64,"column":4},"end":{"line":78,"column":null}},"97":{"start":{"line":65,"column":6},"end":{"line":65,"column":52}},"98":{"start":{"line":66,"column":6},"end":{"line":66,"column":50}},"99":{"start":{"line":67,"column":6},"end":{"line":67,"column":49}},"100":{"start":{"line":68,"column":6},"end":{"line":68,"column":47}},"101":{"start":{"line":69,"column":6},"end":{"line":69,"column":43}},"102":{"start":{"line":70,"column":6},"end":{"line":70,"column":45}},"103":{"start":{"line":71,"column":6},"end":{"line":71,"column":50}},"104":{"start":{"line":72,"column":6},"end":{"line":72,"column":47}},"105":{"start":{"line":73,"column":6},"end":{"line":73,"column":47}},"106":{"start":{"line":74,"column":6},"end":{"line":74,"column":45}},"107":{"start":{"line":75,"column":6},"end":{"line":75,"column":45}},"108":{"start":{"line":76,"column":6},"end":{"line":76,"column":48}},"109":{"start":{"line":77,"column":6},"end":{"line":77,"column":51}},"110":{"start":{"line":82,"column":4},"end":{"line":96,"column":null}},"111":{"start":{"line":83,"column":6},"end":{"line":83,"column":54}},"112":{"start":{"line":84,"column":6},"end":{"line":84,"column":52}},"113":{"start":{"line":85,"column":6},"end":{"line":85,"column":51}},"114":{"start":{"line":86,"column":6},"end":{"line":86,"column":49}},"115":{"start":{"line":87,"column":6},"end":{"line":87,"column":45}},"116":{"start":{"line":88,"column":6},"end":{"line":88,"column":47}},"117":{"start":{"line":89,"column":6},"end":{"line":89,"column":52}},"118":{"start":{"line":90,"column":6},"end":{"line":90,"column":49}},"119":{"start":{"line":91,"column":6},"end":{"line":91,"column":49}},"120":{"start":{"line":92,"column":6},"end":{"line":92,"column":47}},"121":{"start":{"line":93,"column":6},"end":{"line":93,"column":47}},"122":{"start":{"line":94,"column":6},"end":{"line":94,"column":50}},"123":{"start":{"line":95,"column":6},"end":{"line":95,"column":53}},"124":{"start":{"line":206,"column":22},"end":{"line":206,"column":32}}},"fnMap":{"0":{"name":"(anonymous_0)","decl":{"start":{"line":206,"column":9},"end":{"line":206,"column":14}},"loc":{"start":{"line":206,"column":9},"end":{"line":2,"column":41}}},"1":{"name":"(anonymous_1)","decl":{"start":{"line":206,"column":16},"end":{"line":206,"column":20}},"loc":{"start":{"line":206,"column":16},"end":{"line":3,"column":38}}},"2":{"name":"(anonymous_2)","decl":{"start":{"line":10,"column":2},"end":{"line":10,"column":14}},"loc":{"start":{"line":10,"column":38},"end":{"line":17,"column":3}}},"3":{"name":"(anonymous_3)","decl":{"start":{"line":101,"column":4},"end":{"line":101,"column":5}},"loc":{"start":{"line":101,"column":26},"end":{"line":106,"column":5}}},"4":{"name":"(anonymous_4)","decl":{"start":{"line":107,"column":29},"end":{"line":107,"column":30}},"loc":{"start":{"line":107,"column":51},"end":{"line":112,"column":3}}},"5":{"name":"(anonymous_5)","decl":{"start":{"line":114,"column":28},"end":{"line":114,"column":29}},"loc":{"start":{"line":114,"column":50},"end":{"line":119,"column":3}}},"6":{"name":"(anonymous_6)","decl":{"start":{"line":121,"column":26},"end":{"line":121,"column":27}},"loc":{"start":{"line":121,"column":48},"end":{"line":126,"column":3}}},"7":{"name":"(anonymous_7)","decl":{"start":{"line":128,"column":24},"end":{"line":128,"column":25}},"loc":{"start":{"line":128,"column":46},"end":{"line":133,"column":3}}},"8":{"name":"(anonymous_8)","decl":{"start":{"line":135,"column":22},"end":{"line":135,"column":23}},"loc":{"start":{"line":135,"column":44},"end":{"line":140,"column":3}}},"9":{"name":"(anonymous_9)","decl":{"start":{"line":142,"column":29},"end":{"line":142,"column":30}},"loc":{"start":{"line":142,"column":51},"end":{"line":147,"column":3}}},"10":{"name":"(anonymous_10)","decl":{"start":{"line":149,"column":26},"end":{"line":149,"column":27}},"loc":{"start":{"line":149,"column":48},"end":{"line":154,"column":3}}},"11":{"name":"(anonymous_11)","decl":{"start":{"line":156,"column":26},"end":{"line":156,"column":27}},"loc":{"start":{"line":156,"column":48},"end":{"line":161,"column":3}}},"12":{"name":"(anonymous_12)","decl":{"start":{"line":163,"column":24},"end":{"line":163,"column":25}},"loc":{"start":{"line":163,"column":46},"end":{"line":168,"column":3}}},"13":{"name":"(anonymous_13)","decl":{"start":{"line":171,"column":24},"end":{"line":171,"column":25}},"loc":{"start":{"line":171,"column":46},"end":{"line":176,"column":3}}},"14":{"name":"(anonymous_14)","decl":{"start":{"line":179,"column":28},"end":{"line":179,"column":29}},"loc":{"start":{"line":179,"column":50},"end":{"line":193,"column":3}}},"15":{"name":"(anonymous_15)","decl":{"start":{"line":195,"column":31},"end":{"line":195,"column":32}},"loc":{"start":{"line":195,"column":53},"end":{"line":203,"column":3}}},"16":{"name":"(anonymous_16)","decl":{"start":{"line":19,"column":9},"end":{"line":19,"column":15}},"loc":{"start":{"line":19,"column":27},"end":{"line":23,"column":3}}},"17":{"name":"(anonymous_17)","decl":{"start":{"line":25,"column":9},"end":{"line":25,"column":16}},"loc":{"start":{"line":25,"column":16},"end":{"line":29,"column":3}}},"18":{"name":"(anonymous_18)","decl":{"start":{"line":31,"column":9},"end":{"line":31,"column":16}},"loc":{"start":{"line":31,"column":16},"end":{"line":37,"column":3}}},"19":{"name":"(anonymous_19)","decl":{"start":{"line":39,"column":9},"end":{"line":39,"column":15}},"loc":{"start":{"line":39,"column":15},"end":{"line":45,"column":3}}},"20":{"name":"(anonymous_20)","decl":{"start":{"line":47,"column":9},"end":{"line":47,"column":16}},"loc":{"start":{"line":47,"column":16},"end":{"line":53,"column":3}}},"21":{"name":"(anonymous_21)","decl":{"start":{"line":55,"column":10},"end":{"line":55,"column":14}},"loc":{"start":{"line":55,"column":14},"end":{"line":61,"column":3}}},"22":{"name":"(anonymous_22)","decl":{"start":{"line":63,"column":10},"end":{"line":63,"column":25}},"loc":{"start":{"line":63,"column":25},"end":{"line":79,"column":3}}},"23":{"name":"(anonymous_23)","decl":{"start":{"line":81,"column":10},"end":{"line":81,"column":25}},"loc":{"start":{"line":81,"column":25},"end":{"line":97,"column":3}}}},"branchMap":{"0":{"loc":{"start":{"line":102,"column":6},"end":{"line":102,"column":47}},"type":"if","locations":[{"start":{"line":102,"column":6},"end":{"line":102,"column":47}}]},"1":{"loc":{"start":{"line":103,"column":6},"end":{"line":105,"column":null}},"type":"if","locations":[{"start":{"line":103,"column":6},"end":{"line":105,"column":null}}]},"2":{"loc":{"start":{"line":108,"column":4},"end":{"line":108,"column":43}},"type":"if","locations":[{"start":{"line":108,"column":4},"end":{"line":108,"column":43}}]},"3":{"loc":{"start":{"line":109,"column":4},"end":{"line":111,"column":null}},"type":"if","locations":[{"start":{"line":109,"column":4},"end":{"line":111,"column":null}}]},"4":{"loc":{"start":{"line":115,"column":4},"end":{"line":115,"column":42}},"type":"if","locations":[{"start":{"line":115,"column":4},"end":{"line":115,"column":42}}]},"5":{"loc":{"start":{"line":116,"column":4},"end":{"line":118,"column":null}},"type":"if","locations":[{"start":{"line":116,"column":4},"end":{"line":118,"column":null}}]},"6":{"loc":{"start":{"line":122,"column":4},"end":{"line":122,"column":40}},"type":"if","locations":[{"start":{"line":122,"column":4},"end":{"line":122,"column":40}}]},"7":{"loc":{"start":{"line":123,"column":4},"end":{"line":125,"column":null}},"type":"if","locations":[{"start":{"line":123,"column":4},"end":{"line":125,"column":null}}]},"8":{"loc":{"start":{"line":129,"column":4},"end":{"line":129,"column":38}},"type":"if","locations":[{"start":{"line":129,"column":4},"end":{"line":129,"column":38}}]},"9":{"loc":{"start":{"line":130,"column":4},"end":{"line":132,"column":null}},"type":"if","locations":[{"start":{"line":130,"column":4},"end":{"line":132,"column":null}}]},"10":{"loc":{"start":{"line":136,"column":4},"end":{"line":136,"column":36}},"type":"if","locations":[{"start":{"line":136,"column":4},"end":{"line":136,"column":36}}]},"11":{"loc":{"start":{"line":137,"column":4},"end":{"line":139,"column":null}},"type":"if","locations":[{"start":{"line":137,"column":4},"end":{"line":139,"column":null}}]},"12":{"loc":{"start":{"line":143,"column":4},"end":{"line":143,"column":43}},"type":"if","locations":[{"start":{"line":143,"column":4},"end":{"line":143,"column":43}}]},"13":{"loc":{"start":{"line":144,"column":4},"end":{"line":146,"column":null}},"type":"if","locations":[{"start":{"line":144,"column":4},"end":{"line":146,"column":null}}]},"14":{"loc":{"start":{"line":150,"column":4},"end":{"line":150,"column":40}},"type":"if","locations":[{"start":{"line":150,"column":4},"end":{"line":150,"column":40}}]},"15":{"loc":{"start":{"line":151,"column":4},"end":{"line":153,"column":null}},"type":"if","locations":[{"start":{"line":151,"column":4},"end":{"line":153,"column":null}}]},"16":{"loc":{"start":{"line":157,"column":4},"end":{"line":157,"column":40}},"type":"if","locations":[{"start":{"line":157,"column":4},"end":{"line":157,"column":40}}]},"17":{"loc":{"start":{"line":158,"column":4},"end":{"line":160,"column":null}},"type":"if","locations":[{"start":{"line":158,"column":4},"end":{"line":160,"column":null}}]},"18":{"loc":{"start":{"line":164,"column":4},"end":{"line":164,"column":38}},"type":"if","locations":[{"start":{"line":164,"column":4},"end":{"line":164,"column":38}}]},"19":{"loc":{"start":{"line":165,"column":4},"end":{"line":167,"column":null}},"type":"if","locations":[{"start":{"line":165,"column":4},"end":{"line":167,"column":null}}]},"20":{"loc":{"start":{"line":172,"column":4},"end":{"line":172,"column":38}},"type":"if","locations":[{"start":{"line":172,"column":4},"end":{"line":172,"column":38}}]},"21":{"loc":{"start":{"line":173,"column":4},"end":{"line":175,"column":null}},"type":"if","locations":[{"start":{"line":173,"column":4},"end":{"line":175,"column":null}}]},"22":{"loc":{"start":{"line":180,"column":4},"end":{"line":180,"column":42}},"type":"if","locations":[{"start":{"line":180,"column":4},"end":{"line":180,"column":42}}]},"23":{"loc":{"start":{"line":181,"column":4},"end":{"line":192,"column":null}},"type":"if","locations":[{"start":{"line":181,"column":4},"end":{"line":192,"column":null}}]},"24":{"loc":{"start":{"line":196,"column":4},"end":{"line":196,"column":45}},"type":"if","locations":[{"start":{"line":196,"column":4},"end":{"line":196,"column":45}}]},"25":{"loc":{"start":{"line":197,"column":4},"end":{"line":202,"column":null}},"type":"if","locations":[{"start":{"line":197,"column":4},"end":{"line":202,"column":null}}]},"26":{"loc":{"start":{"line":20,"column":4},"end":{"line":22,"column":null}},"type":"if","locations":[{"start":{"line":20,"column":4},"end":{"line":22,"column":null}}]},"27":{"loc":{"start":{"line":26,"column":4},"end":{"line":28,"column":null}},"type":"if","locations":[{"start":{"line":26,"column":4},"end":{"line":28,"column":null}}]},"28":{"loc":{"start":{"line":32,"column":4},"end":{"line":36,"column":null}},"type":"if","locations":[{"start":{"line":32,"column":4},"end":{"line":36,"column":null}}]},"29":{"loc":{"start":{"line":40,"column":4},"end":{"line":43,"column":null}},"type":"if","locations":[{"start":{"line":40,"column":4},"end":{"line":43,"column":null}}]},"30":{"loc":{"start":{"line":40,"column":8},"end":{"line":40,"column":34}},"type":"binary-expr","locations":[{"start":{"line":40,"column":8},"end":{"line":40,"column":21}},{"start":{"line":40,"column":25},"end":{"line":40,"column":34}}]},"31":{"loc":{"start":{"line":48,"column":4},"end":{"line":52,"column":null}},"type":"if","locations":[{"start":{"line":48,"column":4},"end":{"line":52,"column":null}}]},"32":{"loc":{"start":{"line":56,"column":4},"end":{"line":60,"column":null}},"type":"if","locations":[{"start":{"line":56,"column":4},"end":{"line":60,"column":null}}]},"33":{"loc":{"start":{"line":56,"column":8},"end":{"line":56,"column":31}},"type":"binary-expr","locations":[{"start":{"line":56,"column":8},"end":{"line":56,"column":17}},{"start":{"line":56,"column":21},"end":{"line":56,"column":31}}]},"34":{"loc":{"start":{"line":64,"column":4},"end":{"line":78,"column":null}},"type":"if","locations":[{"start":{"line":64,"column":4},"end":{"line":78,"column":null}}]},"35":{"loc":{"start":{"line":64,"column":8},"end":{"line":64,"column":31}},"type":"binary-expr","locations":[{"start":{"line":64,"column":8},"end":{"line":64,"column":17}},{"start":{"line":64,"column":21},"end":{"line":64,"column":31}}]},"36":{"loc":{"start":{"line":82,"column":4},"end":{"line":96,"column":null}},"type":"if","locations":[{"start":{"line":82,"column":4},"end":{"line":96,"column":null}}]},"37":{"loc":{"start":{"line":82,"column":8},"end":{"line":82,"column":31}},"type":"binary-expr","locations":[{"start":{"line":82,"column":8},"end":{"line":82,"column":17}},{"start":{"line":82,"column":21},"end":{"line":82,"column":31}}]}},"s":{"0":3,"1":4,"2":3,"3":4,"4":3,"5":3,"6":3,"7":47,"8":41,"9":6,"10":6,"11":3,"12":47,"13":38,"14":9,"15":9,"16":3,"17":47,"18":40,"19":7,"20":7,"21":3,"22":47,"23":38,"24":9,"25":9,"26":3,"27":47,"28":42,"29":5,"30":5,"31":3,"32":47,"33":38,"34":9,"35":9,"36":3,"37":47,"38":47,"39":0,"40":0,"41":3,"42":47,"43":47,"44":0,"45":0,"46":3,"47":47,"48":47,"49":0,"50":0,"51":3,"52":47,"53":47,"54":0,"55":0,"56":3,"57":47,"58":47,"59":0,"60":0,"61":3,"62":4,"63":1,"64":3,"65":3,"66":3,"67":4,"68":3,"69":1,"70":1,"71":3,"72":3,"73":3,"74":3,"75":3,"76":2,"77":2,"78":2,"79":2,"80":2,"81":2,"82":2,"83":2,"84":2,"85":2,"86":2,"87":2,"88":2,"89":2,"90":2,"91":2,"92":3,"93":3,"94":3,"95":3,"96":5,"97":5,"98":5,"99":5,"100":5,"101":5,"102":5,"103":5,"104":5,"105":5,"106":5,"107":5,"108":5,"109":5,"110":2,"111":2,"112":2,"113":2,"114":2,"115":2,"116":2,"117":2,"118":2,"119":2,"120":2,"121":2,"122":2,"123":2,"124":3},"f":{"0":1,"1":1,"2":3,"3":47,"4":47,"5":47,"6":47,"7":47,"8":47,"9":47,"10":47,"11":47,"12":47,"13":47,"14":4,"15":4,"16":2,"17":2,"18":2,"19":2,"20":2,"21":3,"22":5,"23":2},"b":{"0":[41],"1":[6],"2":[38],"3":[9],"4":[40],"5":[7],"6":[38],"7":[9],"8":[42],"9":[5],"10":[38],"11":[9],"12":[47],"13":[0],"14":[47],"15":[0],"16":[47],"17":[0],"18":[47],"19":[0],"20":[47],"21":[0],"22":[1],"23":[3],"24":[3],"25":[1],"26":[2],"27":[2],"28":[2],"29":[2],"30":[2,2],"31":[2],"32":[3],"33":[3,3],"34":[5],"35":[5,5],"36":[2],"37":[2,2]}}
,"C:\\Users\\Екатерина\\Documents\\GIT\\Metalamp-4th-task\\src\\plugins\\sliderMetaLamp\\mvc\\model\\model.ts": {"path":"C:\\Users\\Екатерина\\Documents\\GIT\\Metalamp-4th-task\\src\\plugins\\sliderMetaLamp\\mvc\\model\\model.ts","statementMap":{"0":{"start":{"line":8,"column":0},"end":{"line":8,"column":39}},"1":{"start":{"line":9,"column":0},"end":{"line":9,"column":39}},"2":{"start":{"line":24,"column":4},"end":{"line":24,"column":12}},"3":{"start":{"line":26,"column":4},"end":{"line":26,"column":28}},"4":{"start":{"line":29,"column":4},"end":{"line":53,"column":6}},"5":{"start":{"line":55,"column":4},"end":{"line":66,"column":6}},"6":{"start":{"line":67,"column":4},"end":{"line":67,"column":26}},"7":{"start":{"line":68,"column":4},"end":{"line":68,"column":26}},"8":{"start":{"line":71,"column":4},"end":{"line":71,"column":28}},"9":{"start":{"line":73,"column":21},"end":{"line":74,"column":50}},"10":{"start":{"line":76,"column":4},"end":{"line":76,"column":50}},"11":{"start":{"line":80,"column":4},"end":{"line":80,"column":37}},"12":{"start":{"line":81,"column":4},"end":{"line":81,"column":39}},"13":{"start":{"line":82,"column":4},"end":{"line":82,"column":39}},"14":{"start":{"line":83,"column":4},"end":{"line":83,"column":21}},"15":{"start":{"line":84,"column":4},"end":{"line":84,"column":28}},"16":{"start":{"line":85,"column":4},"end":{"line":85,"column":26}},"17":{"start":{"line":86,"column":4},"end":{"line":86,"column":19}},"18":{"start":{"line":87,"column":4},"end":{"line":89,"column":null}},"19":{"start":{"line":88,"column":6},"end":{"line":88,"column":30}},"20":{"start":{"line":93,"column":4},"end":{"line":93,"column":21}},"21":{"start":{"line":107,"column":17},"end":{"line":107,"column":18}},"22":{"start":{"line":108,"column":4},"end":{"line":120,"column":null}},"23":{"start":{"line":109,"column":6},"end":{"line":110,"column":41}},"24":{"start":{"line":113,"column":18},"end":{"line":113,"column":19}},"25":{"start":{"line":114,"column":6},"end":{"line":116,"column":null}},"26":{"start":{"line":115,"column":8},"end":{"line":115,"column":42}},"27":{"start":{"line":118,"column":6},"end":{"line":119,"column":49}},"28":{"start":{"line":124,"column":4},"end":{"line":126,"column":null}},"29":{"start":{"line":125,"column":6},"end":{"line":125,"column":38}},"30":{"start":{"line":128,"column":17},"end":{"line":128,"column":22}},"31":{"start":{"line":130,"column":4},"end":{"line":134,"column":null}},"32":{"start":{"line":131,"column":6},"end":{"line":131,"column":20}},"33":{"start":{"line":132,"column":6},"end":{"line":132,"column":45}},"34":{"start":{"line":133,"column":6},"end":{"line":133,"column":26}},"35":{"start":{"line":135,"column":4},"end":{"line":139,"column":null}},"36":{"start":{"line":136,"column":6},"end":{"line":136,"column":20}},"37":{"start":{"line":137,"column":6},"end":{"line":137,"column":45}},"38":{"start":{"line":138,"column":6},"end":{"line":138,"column":28}},"39":{"start":{"line":142,"column":4},"end":{"line":157,"column":null}},"40":{"start":{"line":143,"column":6},"end":{"line":149,"column":null}},"41":{"start":{"line":144,"column":8},"end":{"line":148,"column":null}},"42":{"start":{"line":145,"column":10},"end":{"line":145,"column":24}},"43":{"start":{"line":146,"column":10},"end":{"line":146,"column":53}},"44":{"start":{"line":147,"column":10},"end":{"line":147,"column":34}},"45":{"start":{"line":150,"column":6},"end":{"line":156,"column":null}},"46":{"start":{"line":151,"column":8},"end":{"line":155,"column":null}},"47":{"start":{"line":152,"column":10},"end":{"line":152,"column":24}},"48":{"start":{"line":153,"column":10},"end":{"line":153,"column":53}},"49":{"start":{"line":154,"column":10},"end":{"line":154,"column":36}},"50":{"start":{"line":159,"column":4},"end":{"line":165,"column":null}},"51":{"start":{"line":160,"column":6},"end":{"line":160,"column":33}},"52":{"start":{"line":161,"column":6},"end":{"line":161,"column":54}},"53":{"start":{"line":163,"column":6},"end":{"line":163,"column":31}},"54":{"start":{"line":164,"column":6},"end":{"line":164,"column":52}},"55":{"start":{"line":166,"column":4},"end":{"line":167,"column":53}},"56":{"start":{"line":167,"column":6},"end":{"line":167,"column":53}},"57":{"start":{"line":169,"column":4},"end":{"line":169,"column":19}},"58":{"start":{"line":170,"column":4},"end":{"line":172,"column":null}},"59":{"start":{"line":171,"column":6},"end":{"line":171,"column":31}},"60":{"start":{"line":174,"column":4},"end":{"line":174,"column":18}},"61":{"start":{"line":183,"column":21},"end":{"line":191,"column":5}},"62":{"start":{"line":184,"column":6},"end":{"line":184,"column":32}},"63":{"start":{"line":185,"column":6},"end":{"line":185,"column":35}},"64":{"start":{"line":186,"column":6},"end":{"line":186,"column":43}},"65":{"start":{"line":187,"column":6},"end":{"line":187,"column":43}},"66":{"start":{"line":188,"column":6},"end":{"line":188,"column":40}},"67":{"start":{"line":190,"column":6},"end":{"line":190,"column":60}},"68":{"start":{"line":193,"column":19},"end":{"line":200,"column":5}},"69":{"start":{"line":194,"column":6},"end":{"line":194,"column":30}},"70":{"start":{"line":195,"column":6},"end":{"line":195,"column":33}},"71":{"start":{"line":196,"column":6},"end":{"line":196,"column":41}},"72":{"start":{"line":197,"column":6},"end":{"line":197,"column":41}},"73":{"start":{"line":198,"column":6},"end":{"line":198,"column":38}},"74":{"start":{"line":199,"column":6},"end":{"line":199,"column":60}},"75":{"start":{"line":202,"column":15},"end":{"line":210,"column":5}},"76":{"start":{"line":203,"column":6},"end":{"line":209,"column":null}},"77":{"start":{"line":204,"column":8},"end":{"line":205,"column":36}},"78":{"start":{"line":207,"column":8},"end":{"line":208,"column":36}},"79":{"start":{"line":212,"column":15},"end":{"line":220,"column":5}},"80":{"start":{"line":213,"column":6},"end":{"line":219,"column":null}},"81":{"start":{"line":214,"column":8},"end":{"line":215,"column":36}},"82":{"start":{"line":217,"column":8},"end":{"line":218,"column":36}},"83":{"start":{"line":226,"column":4},"end":{"line":362,"column":null}},"84":{"start":{"line":227,"column":6},"end":{"line":227,"column":27}},"85":{"start":{"line":228,"column":6},"end":{"line":311,"column":null}},"86":{"start":{"line":229,"column":8},"end":{"line":273,"column":null}},"87":{"start":{"line":231,"column":32},"end":{"line":232,"column":24}},"88":{"start":{"line":233,"column":34},"end":{"line":234,"column":42}},"89":{"start":{"line":235,"column":32},"end":{"line":236,"column":42}},"90":{"start":{"line":237,"column":34},"end":{"line":238,"column":43}},"91":{"start":{"line":240,"column":10},"end":{"line":252,"column":null}},"92":{"start":{"line":241,"column":12},"end":{"line":245,"column":39}},"93":{"start":{"line":246,"column":12},"end":{"line":248,"column":null}},"94":{"start":{"line":247,"column":14},"end":{"line":247,"column":36}},"95":{"start":{"line":249,"column":12},"end":{"line":251,"column":null}},"96":{"start":{"line":250,"column":14},"end":{"line":250,"column":37}},"97":{"start":{"line":253,"column":10},"end":{"line":255,"column":null}},"98":{"start":{"line":254,"column":12},"end":{"line":254,"column":34}},"99":{"start":{"line":256,"column":10},"end":{"line":258,"column":null}},"100":{"start":{"line":257,"column":12},"end":{"line":257,"column":35}},"101":{"start":{"line":261,"column":10},"end":{"line":272,"column":null}},"102":{"start":{"line":262,"column":12},"end":{"line":266,"column":39}},"103":{"start":{"line":267,"column":12},"end":{"line":269,"column":null}},"104":{"start":{"line":268,"column":14},"end":{"line":268,"column":37}},"105":{"start":{"line":271,"column":12},"end":{"line":271,"column":35}},"106":{"start":{"line":275,"column":8},"end":{"line":275,"column":43}},"107":{"start":{"line":276,"column":8},"end":{"line":276,"column":40}},"108":{"start":{"line":277,"column":8},"end":{"line":277,"column":32}},"109":{"start":{"line":278,"column":8},"end":{"line":278,"column":42}},"110":{"start":{"line":279,"column":8},"end":{"line":279,"column":24}},"111":{"start":{"line":282,"column":8},"end":{"line":305,"column":null}},"112":{"start":{"line":283,"column":10},"end":{"line":293,"column":40}},"113":{"start":{"line":285,"column":12},"end":{"line":289,"column":39}},"114":{"start":{"line":290,"column":12},"end":{"line":292,"column":null}},"115":{"start":{"line":291,"column":14},"end":{"line":291,"column":37}},"116":{"start":{"line":293,"column":17},"end":{"line":293,"column":40}},"117":{"start":{"line":295,"column":10},"end":{"line":304,"column":41}},"118":{"start":{"line":296,"column":12},"end":{"line":300,"column":39}},"119":{"start":{"line":301,"column":12},"end":{"line":303,"column":null}},"120":{"start":{"line":302,"column":14},"end":{"line":302,"column":38}},"121":{"start":{"line":304,"column":17},"end":{"line":304,"column":41}},"122":{"start":{"line":306,"column":8},"end":{"line":306,"column":41}},"123":{"start":{"line":307,"column":8},"end":{"line":307,"column":30}},"124":{"start":{"line":308,"column":8},"end":{"line":308,"column":30}},"125":{"start":{"line":309,"column":8},"end":{"line":309,"column":40}},"126":{"start":{"line":310,"column":8},"end":{"line":310,"column":24}},"127":{"start":{"line":312,"column":6},"end":{"line":312,"column":28}},"128":{"start":{"line":317,"column":6},"end":{"line":361,"column":null}},"129":{"start":{"line":318,"column":20},"end":{"line":319,"column":55}},"130":{"start":{"line":319,"column":28},"end":{"line":319,"column":54}},"131":{"start":{"line":320,"column":8},"end":{"line":339,"column":null}},"132":{"start":{"line":321,"column":10},"end":{"line":321,"column":29}},"133":{"start":{"line":322,"column":10},"end":{"line":329,"column":41}},"134":{"start":{"line":322,"column":33},"end":{"line":322,"column":53}},"135":{"start":{"line":323,"column":15},"end":{"line":329,"column":41}},"136":{"start":{"line":327,"column":12},"end":{"line":327,"column":38}},"137":{"start":{"line":329,"column":15},"end":{"line":329,"column":41}},"138":{"start":{"line":331,"column":10},"end":{"line":331,"column":29}},"139":{"start":{"line":332,"column":10},"end":{"line":338,"column":43}},"140":{"start":{"line":332,"column":33},"end":{"line":332,"column":51}},"141":{"start":{"line":334,"column":15},"end":{"line":338,"column":43}},"142":{"start":{"line":336,"column":12},"end":{"line":336,"column":38}},"143":{"start":{"line":338,"column":15},"end":{"line":338,"column":43}},"144":{"start":{"line":342,"column":20},"end":{"line":343,"column":53}},"145":{"start":{"line":343,"column":28},"end":{"line":343,"column":52}},"146":{"start":{"line":344,"column":8},"end":{"line":360,"column":null}},"147":{"start":{"line":345,"column":10},"end":{"line":345,"column":29}},"148":{"start":{"line":346,"column":10},"end":{"line":351,"column":41}},"149":{"start":{"line":346,"column":33},"end":{"line":346,"column":53}},"150":{"start":{"line":347,"column":15},"end":{"line":351,"column":41}},"151":{"start":{"line":349,"column":12},"end":{"line":349,"column":36}},"152":{"start":{"line":351,"column":15},"end":{"line":351,"column":41}},"153":{"start":{"line":353,"column":10},"end":{"line":353,"column":29}},"154":{"start":{"line":354,"column":10},"end":{"line":359,"column":43}},"155":{"start":{"line":354,"column":33},"end":{"line":354,"column":51}},"156":{"start":{"line":355,"column":15},"end":{"line":359,"column":43}},"157":{"start":{"line":357,"column":12},"end":{"line":357,"column":36}},"158":{"start":{"line":359,"column":15},"end":{"line":359,"column":43}},"159":{"start":{"line":363,"column":4},"end":{"line":363,"column":19}},"160":{"start":{"line":364,"column":4},"end":{"line":366,"column":null}},"161":{"start":{"line":365,"column":6},"end":{"line":365,"column":31}},"162":{"start":{"line":367,"column":4},"end":{"line":367,"column":18}},"163":{"start":{"line":374,"column":6},"end":{"line":381,"column":7}},"164":{"start":{"line":376,"column":21},"end":{"line":376,"column":22}},"165":{"start":{"line":377,"column":8},"end":{"line":379,"column":null}},"166":{"start":{"line":378,"column":10},"end":{"line":378,"column":26}},"167":{"start":{"line":380,"column":8},"end":{"line":380,"column":22}},"168":{"start":{"line":383,"column":25},"end":{"line":389,"column":5}},"169":{"start":{"line":384,"column":19},"end":{"line":384,"column":24}},"170":{"start":{"line":385,"column":6},"end":{"line":387,"column":null}},"171":{"start":{"line":386,"column":8},"end":{"line":386,"column":22}},"172":{"start":{"line":388,"column":6},"end":{"line":388,"column":20}},"173":{"start":{"line":391,"column":4},"end":{"line":391,"column":37}},"174":{"start":{"line":392,"column":4},"end":{"line":392,"column":37}},"175":{"start":{"line":393,"column":4},"end":{"line":393,"column":39}},"176":{"start":{"line":394,"column":4},"end":{"line":394,"column":35}},"177":{"start":{"line":395,"column":4},"end":{"line":395,"column":39}},"178":{"start":{"line":396,"column":4},"end":{"line":396,"column":47}},"179":{"start":{"line":397,"column":4},"end":{"line":397,"column":59}},"180":{"start":{"line":398,"column":4},"end":{"line":398,"column":59}},"181":{"start":{"line":400,"column":4},"end":{"line":400,"column":48}},"182":{"start":{"line":401,"column":4},"end":{"line":401,"column":42}},"183":{"start":{"line":402,"column":4},"end":{"line":402,"column":44}},"184":{"start":{"line":403,"column":4},"end":{"line":403,"column":42}},"185":{"start":{"line":404,"column":4},"end":{"line":404,"column":38}},"186":{"start":{"line":405,"column":4},"end":{"line":405,"column":38}},"187":{"start":{"line":408,"column":4},"end":{"line":411,"column":null}},"188":{"start":{"line":409,"column":6},"end":{"line":409,"column":30}},"189":{"start":{"line":413,"column":4},"end":{"line":417,"column":null}},"190":{"start":{"line":414,"column":6},"end":{"line":414,"column":30}},"191":{"start":{"line":418,"column":4},"end":{"line":421,"column":null}},"192":{"start":{"line":419,"column":6},"end":{"line":419,"column":30}},"193":{"start":{"line":423,"column":4},"end":{"line":428,"column":null}},"194":{"start":{"line":424,"column":6},"end":{"line":424,"column":31}},"195":{"start":{"line":425,"column":6},"end":{"line":425,"column":27}},"196":{"start":{"line":426,"column":6},"end":{"line":426,"column":25}},"197":{"start":{"line":429,"column":4},"end":{"line":432,"column":null}},"198":{"start":{"line":430,"column":6},"end":{"line":430,"column":27}},"199":{"start":{"line":434,"column":4},"end":{"line":437,"column":null}},"200":{"start":{"line":435,"column":6},"end":{"line":435,"column":26}},"201":{"start":{"line":438,"column":4},"end":{"line":441,"column":null}},"202":{"start":{"line":439,"column":6},"end":{"line":439,"column":26}},"203":{"start":{"line":443,"column":4},"end":{"line":446,"column":null}},"204":{"start":{"line":444,"column":6},"end":{"line":444,"column":25}},"205":{"start":{"line":447,"column":4},"end":{"line":450,"column":null}},"206":{"start":{"line":448,"column":6},"end":{"line":448,"column":26}},"207":{"start":{"line":452,"column":4},"end":{"line":455,"column":null}},"208":{"start":{"line":453,"column":6},"end":{"line":453,"column":27}},"209":{"start":{"line":456,"column":4},"end":{"line":459,"column":null}},"210":{"start":{"line":457,"column":6},"end":{"line":457,"column":27}},"211":{"start":{"line":461,"column":4},"end":{"line":463,"column":null}},"212":{"start":{"line":462,"column":6},"end":{"line":462,"column":44}},"213":{"start":{"line":464,"column":4},"end":{"line":466,"column":null}},"214":{"start":{"line":465,"column":6},"end":{"line":465,"column":24}},"215":{"start":{"line":467,"column":4},"end":{"line":467,"column":16}},"216":{"start":{"line":472,"column":15},"end":{"line":472,"column":52}},"217":{"start":{"line":474,"column":4},"end":{"line":474,"column":32}},"218":{"start":{"line":477,"column":4},"end":{"line":477,"column":42}},"219":{"start":{"line":478,"column":4},"end":{"line":478,"column":21}},"220":{"start":{"line":481,"column":4},"end":{"line":486,"column":null}},"221":{"start":{"line":482,"column":6},"end":{"line":485,"column":null}},"222":{"start":{"line":483,"column":21},"end":{"line":483,"column":36}},"223":{"start":{"line":484,"column":8},"end":{"line":484,"column":21}},"224":{"start":{"line":487,"column":4},"end":{"line":489,"column":null}},"225":{"start":{"line":488,"column":6},"end":{"line":488,"column":31}},"226":{"start":{"line":491,"column":4},"end":{"line":495,"column":null}},"227":{"start":{"line":492,"column":6},"end":{"line":494,"column":null}},"228":{"start":{"line":493,"column":8},"end":{"line":493,"column":34}},"229":{"start":{"line":496,"column":4},"end":{"line":496,"column":26}},"230":{"start":{"line":498,"column":4},"end":{"line":498,"column":47}},"231":{"start":{"line":504,"column":4},"end":{"line":580,"column":null}},"232":{"start":{"line":505,"column":6},"end":{"line":579,"column":null}},"233":{"start":{"line":506,"column":8},"end":{"line":506,"column":17}},"234":{"start":{"line":508,"column":8},"end":{"line":578,"column":null}},"235":{"start":{"line":510,"column":12},"end":{"line":510,"column":34}},"236":{"start":{"line":511,"column":12},"end":{"line":511,"column":42}},"237":{"start":{"line":512,"column":12},"end":{"line":512,"column":49}},"238":{"start":{"line":513,"column":12},"end":{"line":513,"column":47}},"239":{"start":{"line":514,"column":12},"end":{"line":514,"column":40}},"240":{"start":{"line":515,"column":12},"end":{"line":515,"column":18}},"241":{"start":{"line":517,"column":12},"end":{"line":517,"column":34}},"242":{"start":{"line":518,"column":12},"end":{"line":518,"column":42}},"243":{"start":{"line":519,"column":12},"end":{"line":519,"column":49}},"244":{"start":{"line":520,"column":12},"end":{"line":520,"column":47}},"245":{"start":{"line":521,"column":12},"end":{"line":521,"column":40}},"246":{"start":{"line":522,"column":12},"end":{"line":522,"column":18}},"247":{"start":{"line":524,"column":12},"end":{"line":524,"column":49}},"248":{"start":{"line":525,"column":12},"end":{"line":525,"column":40}},"249":{"start":{"line":526,"column":12},"end":{"line":526,"column":18}},"250":{"start":{"line":528,"column":12},"end":{"line":528,"column":47}},"251":{"start":{"line":529,"column":12},"end":{"line":529,"column":40}},"252":{"start":{"line":530,"column":12},"end":{"line":530,"column":18}},"253":{"start":{"line":532,"column":12},"end":{"line":532,"column":42}},"254":{"start":{"line":533,"column":12},"end":{"line":533,"column":49}},"255":{"start":{"line":534,"column":12},"end":{"line":534,"column":18}},"256":{"start":{"line":536,"column":12},"end":{"line":536,"column":42}},"257":{"start":{"line":537,"column":12},"end":{"line":537,"column":49}},"258":{"start":{"line":538,"column":12},"end":{"line":538,"column":18}},"259":{"start":{"line":540,"column":12},"end":{"line":540,"column":42}},"260":{"start":{"line":541,"column":12},"end":{"line":541,"column":18}},"261":{"start":{"line":543,"column":12},"end":{"line":543,"column":47}},"262":{"start":{"line":544,"column":12},"end":{"line":544,"column":18}},"263":{"start":{"line":546,"column":12},"end":{"line":546,"column":44}},"264":{"start":{"line":547,"column":12},"end":{"line":547,"column":18}},"265":{"start":{"line":549,"column":12},"end":{"line":549,"column":44}},"266":{"start":{"line":550,"column":12},"end":{"line":550,"column":18}},"267":{"start":{"line":552,"column":12},"end":{"line":552,"column":42}},"268":{"start":{"line":553,"column":12},"end":{"line":553,"column":18}},"269":{"start":{"line":555,"column":12},"end":{"line":555,"column":42}},"270":{"start":{"line":556,"column":12},"end":{"line":556,"column":18}},"271":{"start":{"line":558,"column":12},"end":{"line":558,"column":49}},"272":{"start":{"line":559,"column":12},"end":{"line":559,"column":18}},"273":{"start":{"line":561,"column":12},"end":{"line":564,"column":null}},"274":{"start":{"line":562,"column":14},"end":{"line":562,"column":50}},"275":{"start":{"line":563,"column":14},"end":{"line":563,"column":45}},"276":{"start":{"line":565,"column":12},"end":{"line":565,"column":18}},"277":{"start":{"line":567,"column":12},"end":{"line":570,"column":null}},"278":{"start":{"line":568,"column":14},"end":{"line":568,"column":52}},"279":{"start":{"line":569,"column":14},"end":{"line":569,"column":47}},"280":{"start":{"line":571,"column":12},"end":{"line":571,"column":18}},"281":{"start":{"line":573,"column":12},"end":{"line":576,"column":null}},"282":{"start":{"line":574,"column":14},"end":{"line":574,"column":52}},"283":{"start":{"line":575,"column":14},"end":{"line":575,"column":47}},"284":{"start":{"line":577,"column":12},"end":{"line":577,"column":18}},"285":{"start":{"line":581,"column":4},"end":{"line":581,"column":24}},"286":{"start":{"line":586,"column":4},"end":{"line":586,"column":56}},"287":{"start":{"line":587,"column":4},"end":{"line":587,"column":34}},"288":{"start":{"line":588,"column":4},"end":{"line":588,"column":32}},"289":{"start":{"line":589,"column":4},"end":{"line":589,"column":25}},"290":{"start":{"line":590,"column":4},"end":{"line":590,"column":27}},"291":{"start":{"line":594,"column":4},"end":{"line":594,"column":53}},"292":{"start":{"line":595,"column":4},"end":{"line":595,"column":25}},"293":{"start":{"line":596,"column":4},"end":{"line":598,"column":6}},"294":{"start":{"line":597,"column":6},"end":{"line":597,"column":37}},"295":{"start":{"line":602,"column":4},"end":{"line":602,"column":34}},"296":{"start":{"line":603,"column":4},"end":{"line":603,"column":32}},"297":{"start":{"line":604,"column":4},"end":{"line":604,"column":25}},"298":{"start":{"line":605,"column":4},"end":{"line":607,"column":6}},"299":{"start":{"line":606,"column":6},"end":{"line":606,"column":37}},"300":{"start":{"line":608,"column":4},"end":{"line":608,"column":54}},"301":{"start":{"line":612,"column":4},"end":{"line":612,"column":47}},"302":{"start":{"line":616,"column":4},"end":{"line":616,"column":45}},"303":{"start":{"line":620,"column":4},"end":{"line":620,"column":45}},"304":{"start":{"line":627,"column":14},"end":{"line":627,"column":15}},"305":{"start":{"line":628,"column":4},"end":{"line":638,"column":null}},"306":{"start":{"line":628,"column":17},"end":{"line":628,"column":18}},"307":{"start":{"line":629,"column":14},"end":{"line":629,"column":15}},"308":{"start":{"line":630,"column":6},"end":{"line":632,"column":null}},"309":{"start":{"line":631,"column":8},"end":{"line":631,"column":42}},"310":{"start":{"line":633,"column":6},"end":{"line":637,"column":null}},"311":{"start":{"line":635,"column":8},"end":{"line":635,"column":40}},"312":{"start":{"line":636,"column":8},"end":{"line":636,"column":14}},"313":{"start":{"line":639,"column":4},"end":{"line":639,"column":15}},"314":{"start":{"line":643,"column":4},"end":{"line":645,"column":38}},"315":{"start":{"line":649,"column":4},"end":{"line":651,"column":null}},"316":{"start":{"line":650,"column":6},"end":{"line":650,"column":60}},"317":{"start":{"line":652,"column":4},"end":{"line":654,"column":null}},"318":{"start":{"line":653,"column":6},"end":{"line":653,"column":55}},"319":{"start":{"line":655,"column":4},"end":{"line":655,"column":52}},"320":{"start":{"line":660,"column":4},"end":{"line":661,"column":38}},"321":{"start":{"line":662,"column":4},"end":{"line":664,"column":null}},"322":{"start":{"line":663,"column":6},"end":{"line":663,"column":56}},"323":{"start":{"line":665,"column":4},"end":{"line":667,"column":null}},"324":{"start":{"line":666,"column":6},"end":{"line":666,"column":53}},"325":{"start":{"line":668,"column":4},"end":{"line":668,"column":50}},"326":{"start":{"line":675,"column":4},"end":{"line":682,"column":null}},"327":{"start":{"line":676,"column":6},"end":{"line":676,"column":43}},"328":{"start":{"line":677,"column":6},"end":{"line":678,"column":26}},"329":{"start":{"line":680,"column":6},"end":{"line":680,"column":27}},"330":{"start":{"line":681,"column":6},"end":{"line":681,"column":45}},"331":{"start":{"line":683,"column":4},"end":{"line":683,"column":43}},"332":{"start":{"line":689,"column":19},"end":{"line":689,"column":20}},"333":{"start":{"line":690,"column":15},"end":{"line":690,"column":16}},"334":{"start":{"line":691,"column":14},"end":{"line":691,"column":16}},"335":{"start":{"line":692,"column":4},"end":{"line":701,"column":null}},"336":{"start":{"line":693,"column":6},"end":{"line":693,"column":28}},"337":{"start":{"line":694,"column":6},"end":{"line":694,"column":56}},"338":{"start":{"line":695,"column":6},"end":{"line":696,"column":41}},"339":{"start":{"line":697,"column":6},"end":{"line":697,"column":35}},"340":{"start":{"line":698,"column":6},"end":{"line":698,"column":36}},"341":{"start":{"line":699,"column":6},"end":{"line":699,"column":51}},"342":{"start":{"line":700,"column":6},"end":{"line":700,"column":43}},"343":{"start":{"line":703,"column":4},"end":{"line":712,"column":null}},"344":{"start":{"line":704,"column":6},"end":{"line":704,"column":36}},"345":{"start":{"line":705,"column":6},"end":{"line":705,"column":56}},"346":{"start":{"line":706,"column":16},"end":{"line":707,"column":31}},"347":{"start":{"line":708,"column":6},"end":{"line":708,"column":39}},"348":{"start":{"line":709,"column":6},"end":{"line":709,"column":49}},"349":{"start":{"line":710,"column":6},"end":{"line":710,"column":32}},"350":{"start":{"line":711,"column":6},"end":{"line":711,"column":39}},"351":{"start":{"line":714,"column":4},"end":{"line":714,"column":58}},"352":{"start":{"line":715,"column":14},"end":{"line":715,"column":27}},"353":{"start":{"line":717,"column":4},"end":{"line":728,"column":null}},"354":{"start":{"line":717,"column":17},"end":{"line":717,"column":18}},"355":{"start":{"line":718,"column":22},"end":{"line":718,"column":40}},"356":{"start":{"line":719,"column":6},"end":{"line":719,"column":18}},"357":{"start":{"line":720,"column":6},"end":{"line":727,"column":null}},"358":{"start":{"line":721,"column":18},"end":{"line":722,"column":41}},"359":{"start":{"line":724,"column":8},"end":{"line":724,"column":45}},"360":{"start":{"line":725,"column":8},"end":{"line":725,"column":22}},"361":{"start":{"line":726,"column":8},"end":{"line":726,"column":37}},"362":{"start":{"line":729,"column":4},"end":{"line":732,"column":null}},"363":{"start":{"line":731,"column":6},"end":{"line":731,"column":64}},"364":{"start":{"line":733,"column":4},"end":{"line":733,"column":45}},"365":{"start":{"line":739,"column":4},"end":{"line":765,"column":null}},"366":{"start":{"line":740,"column":19},"end":{"line":740,"column":21}},"367":{"start":{"line":741,"column":6},"end":{"line":755,"column":null}},"368":{"start":{"line":742,"column":8},"end":{"line":743,"column":50}},"369":{"start":{"line":745,"column":13},"end":{"line":755,"column":null}},"370":{"start":{"line":746,"column":8},"end":{"line":746,"column":39}},"371":{"start":{"line":747,"column":13},"end":{"line":755,"column":null}},"372":{"start":{"line":748,"column":8},"end":{"line":748,"column":39}},"373":{"start":{"line":750,"column":11},"end":{"line":755,"column":null}},"374":{"start":{"line":751,"column":8},"end":{"line":751,"column":38}},"375":{"start":{"line":753,"column":11},"end":{"line":755,"column":null}},"376":{"start":{"line":754,"column":8},"end":{"line":754,"column":40}},"377":{"start":{"line":756,"column":6},"end":{"line":764,"column":null}},"378":{"start":{"line":757,"column":8},"end":{"line":757,"column":35}},"379":{"start":{"line":758,"column":8},"end":{"line":758,"column":44}},"380":{"start":{"line":759,"column":8},"end":{"line":759,"column":42}},"381":{"start":{"line":761,"column":8},"end":{"line":761,"column":33}},"382":{"start":{"line":762,"column":8},"end":{"line":762,"column":42}},"383":{"start":{"line":763,"column":8},"end":{"line":763,"column":40}},"384":{"start":{"line":769,"column":9},"end":{"line":769,"column":14}}},"fnMap":{"0":{"name":"(anonymous_7)","decl":{"start":{"line":23,"column":2},"end":{"line":23,"column":14}},"loc":{"start":{"line":23,"column":25},"end":{"line":69,"column":3}}},"1":{"name":"(anonymous_8)","decl":{"start":{"line":70,"column":9},"end":{"line":70,"column":16}},"loc":{"start":{"line":70,"column":28},"end":{"line":77,"column":3}}},"2":{"name":"(anonymous_9)","decl":{"start":{"line":79,"column":9},"end":{"line":79,"column":14}},"loc":{"start":{"line":79,"column":14},"end":{"line":90,"column":3}}},"3":{"name":"(anonymous_10)","decl":{"start":{"line":92,"column":9},"end":{"line":92,"column":16}},"loc":{"start":{"line":92,"column":16},"end":{"line":94,"column":3}}},"4":{"name":"(anonymous_11)","decl":{"start":{"line":97,"column":9},"end":{"line":97,"column":16}},"loc":{"start":{"line":105,"column":26},"end":{"line":177,"column":3}}},"5":{"name":"(anonymous_12)","decl":{"start":{"line":181,"column":9},"end":{"line":181,"column":19}},"loc":{"start":{"line":181,"column":72},"end":{"line":368,"column":3}}},"6":{"name":"(anonymous_13)","decl":{"start":{"line":183,"column":21},"end":{"line":183,"column":22}},"loc":{"start":{"line":183,"column":36},"end":{"line":191,"column":5}}},"7":{"name":"(anonymous_14)","decl":{"start":{"line":193,"column":19},"end":{"line":193,"column":20}},"loc":{"start":{"line":193,"column":34},"end":{"line":200,"column":5}}},"8":{"name":"(anonymous_15)","decl":{"start":{"line":202,"column":15},"end":{"line":202,"column":16}},"loc":{"start":{"line":202,"column":33},"end":{"line":210,"column":5}}},"9":{"name":"(anonymous_16)","decl":{"start":{"line":212,"column":15},"end":{"line":212,"column":16}},"loc":{"start":{"line":212,"column":33},"end":{"line":220,"column":5}}},"10":{"name":"(anonymous_17)","decl":{"start":{"line":319,"column":20},"end":{"line":319,"column":24}},"loc":{"start":{"line":319,"column":28},"end":{"line":319,"column":54}}},"11":{"name":"(anonymous_18)","decl":{"start":{"line":343,"column":20},"end":{"line":343,"column":24}},"loc":{"start":{"line":343,"column":28},"end":{"line":343,"column":52}}},"12":{"name":"(anonymous_19)","decl":{"start":{"line":370,"column":10},"end":{"line":370,"column":19}},"loc":{"start":{"line":370,"column":35},"end":{"line":468,"column":3}}},"13":{"name":"(anonymous_21)","decl":{"start":{"line":383,"column":25},"end":{"line":383,"column":26}},"loc":{"start":{"line":383,"column":40},"end":{"line":389,"column":5}}},"14":{"name":"(anonymous_22)","decl":{"start":{"line":470,"column":9},"end":{"line":470,"column":15}},"loc":{"start":{"line":470,"column":30},"end":{"line":499,"column":3}}},"15":{"name":"(anonymous_23)","decl":{"start":{"line":502,"column":10},"end":{"line":502,"column":25}},"loc":{"start":{"line":502,"column":64},"end":{"line":582,"column":3}}},"16":{"name":"(anonymous_24)","decl":{"start":{"line":585,"column":16},"end":{"line":585,"column":30}},"loc":{"start":{"line":585,"column":30},"end":{"line":591,"column":null}}},"17":{"name":"(anonymous_26)","decl":{"start":{"line":593,"column":16},"end":{"line":593,"column":27}},"loc":{"start":{"line":593,"column":27},"end":{"line":599,"column":null}}},"18":{"name":"(anonymous_28)","decl":{"start":{"line":601,"column":16},"end":{"line":601,"column":32}},"loc":{"start":{"line":601,"column":32},"end":{"line":609,"column":null}}},"19":{"name":"(anonymous_30)","decl":{"start":{"line":611,"column":10},"end":{"line":611,"column":21}},"loc":{"start":{"line":611,"column":21},"end":{"line":613,"column":3}}},"20":{"name":"(anonymous_31)","decl":{"start":{"line":615,"column":10},"end":{"line":615,"column":19}},"loc":{"start":{"line":615,"column":19},"end":{"line":617,"column":3}}},"21":{"name":"(anonymous_32)","decl":{"start":{"line":619,"column":10},"end":{"line":619,"column":19}},"loc":{"start":{"line":619,"column":19},"end":{"line":621,"column":3}}},"22":{"name":"(anonymous_33)","decl":{"start":{"line":623,"column":10},"end":{"line":623,"column":19}},"loc":{"start":{"line":623,"column":38},"end":{"line":640,"column":3}}},"23":{"name":"(anonymous_34)","decl":{"start":{"line":642,"column":10},"end":{"line":642,"column":26}},"loc":{"start":{"line":642,"column":26},"end":{"line":657,"column":3}}},"24":{"name":"(anonymous_35)","decl":{"start":{"line":659,"column":10},"end":{"line":659,"column":24}},"loc":{"start":{"line":659,"column":24},"end":{"line":669,"column":3}}},"25":{"name":"(anonymous_36)","decl":{"start":{"line":674,"column":10},"end":{"line":674,"column":17}},"loc":{"start":{"line":674,"column":17},"end":{"line":684,"column":3}}},"26":{"name":"(anonymous_37)","decl":{"start":{"line":688,"column":10},"end":{"line":688,"column":19}},"loc":{"start":{"line":688,"column":19},"end":{"line":734,"column":3}}},"27":{"name":"(anonymous_38)","decl":{"start":{"line":736,"column":10},"end":{"line":736,"column":17}},"loc":{"start":{"line":738,"column":26},"end":{"line":766,"column":3}}}},"branchMap":{"0":{"loc":{"start":{"line":87,"column":4},"end":{"line":89,"column":null}},"type":"if","locations":[{"start":{"line":87,"column":4},"end":{"line":89,"column":null}}]},"1":{"loc":{"start":{"line":97,"column":17},"end":{"line":97,"column":46}},"type":"default-arg","locations":[{"start":{"line":97,"column":32},"end":{"line":97,"column":46}}]},"2":{"loc":{"start":{"line":108,"column":4},"end":{"line":120,"column":null}},"type":"if","locations":[{"start":{"line":108,"column":4},"end":{"line":120,"column":null}},{"start":{"line":112,"column":11},"end":{"line":120,"column":null}}]},"3":{"loc":{"start":{"line":114,"column":6},"end":{"line":116,"column":null}},"type":"if","locations":[{"start":{"line":114,"column":6},"end":{"line":116,"column":null}}]},"4":{"loc":{"start":{"line":124,"column":4},"end":{"line":126,"column":null}},"type":"if","locations":[{"start":{"line":124,"column":4},"end":{"line":126,"column":null}}]},"5":{"loc":{"start":{"line":130,"column":4},"end":{"line":134,"column":null}},"type":"if","locations":[{"start":{"line":130,"column":4},"end":{"line":134,"column":null}}]},"6":{"loc":{"start":{"line":135,"column":4},"end":{"line":139,"column":null}},"type":"if","locations":[{"start":{"line":135,"column":4},"end":{"line":139,"column":null}}]},"7":{"loc":{"start":{"line":142,"column":4},"end":{"line":157,"column":null}},"type":"if","locations":[{"start":{"line":142,"column":4},"end":{"line":157,"column":null}}]},"8":{"loc":{"start":{"line":143,"column":6},"end":{"line":149,"column":null}},"type":"if","locations":[{"start":{"line":143,"column":6},"end":{"line":149,"column":null}}]},"9":{"loc":{"start":{"line":144,"column":8},"end":{"line":148,"column":null}},"type":"if","locations":[{"start":{"line":144,"column":8},"end":{"line":148,"column":null}}]},"10":{"loc":{"start":{"line":150,"column":6},"end":{"line":156,"column":null}},"type":"if","locations":[{"start":{"line":150,"column":6},"end":{"line":156,"column":null}}]},"11":{"loc":{"start":{"line":151,"column":8},"end":{"line":155,"column":null}},"type":"if","locations":[{"start":{"line":151,"column":8},"end":{"line":155,"column":null}}]},"12":{"loc":{"start":{"line":159,"column":4},"end":{"line":165,"column":null}},"type":"if","locations":[{"start":{"line":159,"column":4},"end":{"line":165,"column":null}},{"start":{"line":162,"column":11},"end":{"line":165,"column":null}}]},"13":{"loc":{"start":{"line":166,"column":4},"end":{"line":167,"column":53}},"type":"if","locations":[{"start":{"line":166,"column":4},"end":{"line":167,"column":53}}]},"14":{"loc":{"start":{"line":170,"column":4},"end":{"line":172,"column":null}},"type":"if","locations":[{"start":{"line":170,"column":4},"end":{"line":172,"column":null}}]},"15":{"loc":{"start":{"line":203,"column":6},"end":{"line":209,"column":null}},"type":"if","locations":[{"start":{"line":203,"column":6},"end":{"line":209,"column":null}},{"start":{"line":206,"column":13},"end":{"line":209,"column":null}}]},"16":{"loc":{"start":{"line":213,"column":6},"end":{"line":219,"column":null}},"type":"if","locations":[{"start":{"line":213,"column":6},"end":{"line":219,"column":null}},{"start":{"line":216,"column":13},"end":{"line":219,"column":null}}]},"17":{"loc":{"start":{"line":226,"column":4},"end":{"line":362,"column":null}},"type":"if","locations":[{"start":{"line":226,"column":4},"end":{"line":362,"column":null}},{"start":{"line":316,"column":9},"end":{"line":362,"column":null}}]},"18":{"loc":{"start":{"line":228,"column":6},"end":{"line":311,"column":null}},"type":"if","locations":[{"start":{"line":228,"column":6},"end":{"line":311,"column":null}},{"start":{"line":281,"column":13},"end":{"line":311,"column":null}}]},"19":{"loc":{"start":{"line":229,"column":8},"end":{"line":273,"column":null}},"type":"if","locations":[{"start":{"line":229,"column":8},"end":{"line":273,"column":null}},{"start":{"line":260,"column":13},"end":{"line":273,"column":null}}]},"20":{"loc":{"start":{"line":229,"column":12},"end":{"line":229,"column":51}},"type":"binary-expr","locations":[{"start":{"line":229,"column":12},"end":{"line":229,"column":31}},{"start":{"line":229,"column":35},"end":{"line":229,"column":51}}]},"21":{"loc":{"start":{"line":231,"column":32},"end":{"line":232,"column":24}},"type":"binary-expr","locations":[{"start":{"line":231,"column":32},"end":{"line":231,"column":47}},{"start":{"line":231,"column":51},"end":{"line":232,"column":24}}]},"22":{"loc":{"start":{"line":233,"column":34},"end":{"line":234,"column":42}},"type":"binary-expr","locations":[{"start":{"line":233,"column":34},"end":{"line":233,"column":50}},{"start":{"line":234,"column":12},"end":{"line":234,"column":42}}]},"23":{"loc":{"start":{"line":235,"column":32},"end":{"line":236,"column":42}},"type":"binary-expr","locations":[{"start":{"line":235,"column":32},"end":{"line":235,"column":47}},{"start":{"line":236,"column":12},"end":{"line":236,"column":42}}]},"24":{"loc":{"start":{"line":237,"column":34},"end":{"line":238,"column":43}},"type":"binary-expr","locations":[{"start":{"line":237,"column":34},"end":{"line":237,"column":50}},{"start":{"line":238,"column":12},"end":{"line":238,"column":43}}]},"25":{"loc":{"start":{"line":240,"column":10},"end":{"line":252,"column":null}},"type":"if","locations":[{"start":{"line":240,"column":10},"end":{"line":252,"column":null}}]},"26":{"loc":{"start":{"line":240,"column":14},"end":{"line":240,"column":46}},"type":"binary-expr","locations":[{"start":{"line":240,"column":14},"end":{"line":240,"column":27}},{"start":{"line":240,"column":31},"end":{"line":240,"column":46}}]},"27":{"loc":{"start":{"line":241,"column":21},"end":{"line":245,"column":38}},"type":"cond-expr","locations":[{"start":{"line":242,"column":14},"end":{"line":243,"column":38}},{"start":{"line":244,"column":14},"end":{"line":245,"column":38}}]},"28":{"loc":{"start":{"line":246,"column":12},"end":{"line":248,"column":null}},"type":"if","locations":[{"start":{"line":246,"column":12},"end":{"line":248,"column":null}}]},"29":{"loc":{"start":{"line":246,"column":16},"end":{"line":246,"column":56}},"type":"binary-expr","locations":[{"start":{"line":246,"column":16},"end":{"line":246,"column":31}},{"start":{"line":246,"column":35},"end":{"line":246,"column":56}}]},"30":{"loc":{"start":{"line":249,"column":12},"end":{"line":251,"column":null}},"type":"if","locations":[{"start":{"line":249,"column":12},"end":{"line":251,"column":null}}]},"31":{"loc":{"start":{"line":249,"column":16},"end":{"line":249,"column":58}},"type":"binary-expr","locations":[{"start":{"line":249,"column":16},"end":{"line":249,"column":32}},{"start":{"line":249,"column":36},"end":{"line":249,"column":58}}]},"32":{"loc":{"start":{"line":253,"column":10},"end":{"line":255,"column":null}},"type":"if","locations":[{"start":{"line":253,"column":10},"end":{"line":255,"column":null}}]},"33":{"loc":{"start":{"line":256,"column":10},"end":{"line":258,"column":null}},"type":"if","locations":[{"start":{"line":256,"column":10},"end":{"line":258,"column":null}}]},"34":{"loc":{"start":{"line":261,"column":10},"end":{"line":272,"column":null}},"type":"if","locations":[{"start":{"line":261,"column":10},"end":{"line":272,"column":null}},{"start":{"line":270,"column":17},"end":{"line":272,"column":null}}]},"35":{"loc":{"start":{"line":262,"column":21},"end":{"line":266,"column":38}},"type":"cond-expr","locations":[{"start":{"line":263,"column":14},"end":{"line":264,"column":38}},{"start":{"line":265,"column":14},"end":{"line":266,"column":38}}]},"36":{"loc":{"start":{"line":267,"column":12},"end":{"line":269,"column":null}},"type":"if","locations":[{"start":{"line":267,"column":12},"end":{"line":269,"column":null}}]},"37":{"loc":{"start":{"line":282,"column":8},"end":{"line":305,"column":null}},"type":"if","locations":[{"start":{"line":282,"column":8},"end":{"line":305,"column":null}},{"start":{"line":294,"column":15},"end":{"line":305,"column":null}}]},"38":{"loc":{"start":{"line":282,"column":12},"end":{"line":282,"column":51}},"type":"binary-expr","locations":[{"start":{"line":282,"column":12},"end":{"line":282,"column":31}},{"start":{"line":282,"column":35},"end":{"line":282,"column":51}}]},"39":{"loc":{"start":{"line":283,"column":10},"end":{"line":293,"column":40}},"type":"if","locations":[{"start":{"line":283,"column":10},"end":{"line":293,"column":40}},{"start":{"line":293,"column":17},"end":{"line":293,"column":40}}]},"40":{"loc":{"start":{"line":285,"column":21},"end":{"line":289,"column":38}},"type":"cond-expr","locations":[{"start":{"line":286,"column":14},"end":{"line":287,"column":38}},{"start":{"line":288,"column":14},"end":{"line":289,"column":38}}]},"41":{"loc":{"start":{"line":290,"column":12},"end":{"line":292,"column":null}},"type":"if","locations":[{"start":{"line":290,"column":12},"end":{"line":292,"column":null}}]},"42":{"loc":{"start":{"line":295,"column":10},"end":{"line":304,"column":41}},"type":"if","locations":[{"start":{"line":295,"column":10},"end":{"line":304,"column":41}},{"start":{"line":304,"column":17},"end":{"line":304,"column":41}}]},"43":{"loc":{"start":{"line":296,"column":21},"end":{"line":300,"column":38}},"type":"cond-expr","locations":[{"start":{"line":297,"column":14},"end":{"line":298,"column":38}},{"start":{"line":299,"column":14},"end":{"line":300,"column":38}}]},"44":{"loc":{"start":{"line":301,"column":12},"end":{"line":303,"column":null}},"type":"if","locations":[{"start":{"line":301,"column":12},"end":{"line":303,"column":null}}]},"45":{"loc":{"start":{"line":317,"column":6},"end":{"line":361,"column":null}},"type":"if","locations":[{"start":{"line":317,"column":6},"end":{"line":361,"column":null}},{"start":{"line":341,"column":13},"end":{"line":361,"column":null}}]},"46":{"loc":{"start":{"line":320,"column":8},"end":{"line":339,"column":null}},"type":"if","locations":[{"start":{"line":320,"column":8},"end":{"line":339,"column":null}},{"start":{"line":330,"column":15},"end":{"line":339,"column":null}}]},"47":{"loc":{"start":{"line":320,"column":12},"end":{"line":320,"column":51}},"type":"binary-expr","locations":[{"start":{"line":320,"column":12},"end":{"line":320,"column":31}},{"start":{"line":320,"column":35},"end":{"line":320,"column":51}}]},"48":{"loc":{"start":{"line":322,"column":10},"end":{"line":329,"column":41}},"type":"if","locations":[{"start":{"line":322,"column":10},"end":{"line":329,"column":41}},{"start":{"line":323,"column":15},"end":{"line":329,"column":41}}]},"49":{"loc":{"start":{"line":323,"column":15},"end":{"line":329,"column":41}},"type":"if","locations":[{"start":{"line":323,"column":15},"end":{"line":329,"column":41}},{"start":{"line":329,"column":15},"end":{"line":329,"column":41}}]},"50":{"loc":{"start":{"line":323,"column":19},"end":{"line":326,"column":28}},"type":"binary-expr","locations":[{"start":{"line":323,"column":19},"end":{"line":323,"column":44}},{"start":{"line":324,"column":13},"end":{"line":324,"column":28}},{"start":{"line":324,"column":32},"end":{"line":324,"column":56}},{"start":{"line":325,"column":17},"end":{"line":325,"column":33}},{"start":{"line":325,"column":37},"end":{"line":326,"column":27}}]},"51":{"loc":{"start":{"line":332,"column":10},"end":{"line":338,"column":43}},"type":"if","locations":[{"start":{"line":332,"column":10},"end":{"line":338,"column":43}},{"start":{"line":334,"column":15},"end":{"line":338,"column":43}}]},"52":{"loc":{"start":{"line":334,"column":15},"end":{"line":338,"column":43}},"type":"if","locations":[{"start":{"line":334,"column":15},"end":{"line":338,"column":43}},{"start":{"line":338,"column":15},"end":{"line":338,"column":43}}]},"53":{"loc":{"start":{"line":334,"column":19},"end":{"line":335,"column":28}},"type":"binary-expr","locations":[{"start":{"line":334,"column":19},"end":{"line":334,"column":34}},{"start":{"line":334,"column":38},"end":{"line":334,"column":61}},{"start":{"line":335,"column":12},"end":{"line":335,"column":28}}]},"54":{"loc":{"start":{"line":344,"column":8},"end":{"line":360,"column":null}},"type":"if","locations":[{"start":{"line":344,"column":8},"end":{"line":360,"column":null}},{"start":{"line":352,"column":15},"end":{"line":360,"column":null}}]},"55":{"loc":{"start":{"line":344,"column":12},"end":{"line":344,"column":51}},"type":"binary-expr","locations":[{"start":{"line":344,"column":12},"end":{"line":344,"column":31}},{"start":{"line":344,"column":35},"end":{"line":344,"column":51}}]},"56":{"loc":{"start":{"line":346,"column":10},"end":{"line":351,"column":41}},"type":"if","locations":[{"start":{"line":346,"column":10},"end":{"line":351,"column":41}},{"start":{"line":347,"column":15},"end":{"line":351,"column":41}}]},"57":{"loc":{"start":{"line":347,"column":15},"end":{"line":351,"column":41}},"type":"if","locations":[{"start":{"line":347,"column":15},"end":{"line":351,"column":41}},{"start":{"line":351,"column":15},"end":{"line":351,"column":41}}]},"58":{"loc":{"start":{"line":347,"column":19},"end":{"line":348,"column":40}},"type":"binary-expr","locations":[{"start":{"line":347,"column":19},"end":{"line":347,"column":23}},{"start":{"line":347,"column":27},"end":{"line":347,"column":50}},{"start":{"line":348,"column":12},"end":{"line":348,"column":40}}]},"59":{"loc":{"start":{"line":354,"column":10},"end":{"line":359,"column":43}},"type":"if","locations":[{"start":{"line":354,"column":10},"end":{"line":359,"column":43}},{"start":{"line":355,"column":15},"end":{"line":359,"column":43}}]},"60":{"loc":{"start":{"line":355,"column":15},"end":{"line":359,"column":43}},"type":"if","locations":[{"start":{"line":355,"column":15},"end":{"line":359,"column":43}},{"start":{"line":359,"column":15},"end":{"line":359,"column":43}}]},"61":{"loc":{"start":{"line":355,"column":19},"end":{"line":356,"column":41}},"type":"binary-expr","locations":[{"start":{"line":355,"column":19},"end":{"line":355,"column":45}},{"start":{"line":356,"column":12},"end":{"line":356,"column":41}}]},"62":{"loc":{"start":{"line":364,"column":4},"end":{"line":366,"column":null}},"type":"if","locations":[{"start":{"line":364,"column":4},"end":{"line":366,"column":null}}]},"63":{"loc":{"start":{"line":377,"column":8},"end":{"line":379,"column":null}},"type":"if","locations":[{"start":{"line":377,"column":8},"end":{"line":379,"column":null}}]},"64":{"loc":{"start":{"line":385,"column":6},"end":{"line":387,"column":null}},"type":"if","locations":[{"start":{"line":385,"column":6},"end":{"line":387,"column":null}}]},"65":{"loc":{"start":{"line":385,"column":10},"end":{"line":385,"column":42}},"type":"binary-expr","locations":[{"start":{"line":385,"column":10},"end":{"line":385,"column":23}},{"start":{"line":385,"column":27},"end":{"line":385,"column":42}}]},"66":{"loc":{"start":{"line":408,"column":4},"end":{"line":411,"column":null}},"type":"if","locations":[{"start":{"line":408,"column":4},"end":{"line":411,"column":null}}]},"67":{"loc":{"start":{"line":408,"column":8},"end":{"line":408,"column":64}},"type":"binary-expr","locations":[{"start":{"line":408,"column":8},"end":{"line":408,"column":32}},{"start":{"line":408,"column":36},"end":{"line":408,"column":64}}]},"68":{"loc":{"start":{"line":413,"column":4},"end":{"line":417,"column":null}},"type":"if","locations":[{"start":{"line":413,"column":4},"end":{"line":417,"column":null}}]},"69":{"loc":{"start":{"line":418,"column":4},"end":{"line":421,"column":null}},"type":"if","locations":[{"start":{"line":418,"column":4},"end":{"line":421,"column":null}}]},"70":{"loc":{"start":{"line":423,"column":4},"end":{"line":428,"column":null}},"type":"if","locations":[{"start":{"line":423,"column":4},"end":{"line":428,"column":null}}]},"71":{"loc":{"start":{"line":429,"column":4},"end":{"line":432,"column":null}},"type":"if","locations":[{"start":{"line":429,"column":4},"end":{"line":432,"column":null}}]},"72":{"loc":{"start":{"line":434,"column":4},"end":{"line":437,"column":null}},"type":"if","locations":[{"start":{"line":434,"column":4},"end":{"line":437,"column":null}}]},"73":{"loc":{"start":{"line":438,"column":4},"end":{"line":441,"column":null}},"type":"if","locations":[{"start":{"line":438,"column":4},"end":{"line":441,"column":null}}]},"74":{"loc":{"start":{"line":438,"column":8},"end":{"line":438,"column":41}},"type":"binary-expr","locations":[{"start":{"line":438,"column":8},"end":{"line":438,"column":19}},{"start":{"line":438,"column":23},"end":{"line":438,"column":41}}]},"75":{"loc":{"start":{"line":443,"column":4},"end":{"line":446,"column":null}},"type":"if","locations":[{"start":{"line":443,"column":4},"end":{"line":446,"column":null}}]},"76":{"loc":{"start":{"line":443,"column":8},"end":{"line":443,"column":40}},"type":"binary-expr","locations":[{"start":{"line":443,"column":8},"end":{"line":443,"column":18}},{"start":{"line":443,"column":22},"end":{"line":443,"column":40}}]},"77":{"loc":{"start":{"line":447,"column":4},"end":{"line":450,"column":null}},"type":"if","locations":[{"start":{"line":447,"column":4},"end":{"line":450,"column":null}}]},"78":{"loc":{"start":{"line":447,"column":8},"end":{"line":447,"column":42}},"type":"binary-expr","locations":[{"start":{"line":447,"column":8},"end":{"line":447,"column":18}},{"start":{"line":447,"column":22},"end":{"line":447,"column":42}}]},"79":{"loc":{"start":{"line":452,"column":4},"end":{"line":455,"column":null}},"type":"if","locations":[{"start":{"line":452,"column":4},"end":{"line":455,"column":null}}]},"80":{"loc":{"start":{"line":452,"column":8},"end":{"line":452,"column":43}},"type":"binary-expr","locations":[{"start":{"line":452,"column":8},"end":{"line":452,"column":19}},{"start":{"line":452,"column":23},"end":{"line":452,"column":43}}]},"81":{"loc":{"start":{"line":456,"column":4},"end":{"line":459,"column":null}},"type":"if","locations":[{"start":{"line":456,"column":4},"end":{"line":459,"column":null}}]},"82":{"loc":{"start":{"line":456,"column":8},"end":{"line":456,"column":41}},"type":"binary-expr","locations":[{"start":{"line":456,"column":8},"end":{"line":456,"column":18}},{"start":{"line":456,"column":22},"end":{"line":456,"column":41}}]},"83":{"loc":{"start":{"line":461,"column":4},"end":{"line":463,"column":null}},"type":"if","locations":[{"start":{"line":461,"column":4},"end":{"line":463,"column":null}}]},"84":{"loc":{"start":{"line":464,"column":4},"end":{"line":466,"column":null}},"type":"if","locations":[{"start":{"line":464,"column":4},"end":{"line":466,"column":null}}]},"85":{"loc":{"start":{"line":482,"column":6},"end":{"line":485,"column":null}},"type":"if","locations":[{"start":{"line":482,"column":6},"end":{"line":485,"column":null}}]},"86":{"loc":{"start":{"line":487,"column":4},"end":{"line":489,"column":null}},"type":"if","locations":[{"start":{"line":487,"column":4},"end":{"line":489,"column":null}}]},"87":{"loc":{"start":{"line":492,"column":6},"end":{"line":494,"column":null}},"type":"if","locations":[{"start":{"line":492,"column":6},"end":{"line":494,"column":null}}]},"88":{"loc":{"start":{"line":505,"column":6},"end":{"line":579,"column":null}},"type":"if","locations":[{"start":{"line":505,"column":6},"end":{"line":579,"column":null}},{"start":{"line":507,"column":13},"end":{"line":579,"column":null}}]},"89":{"loc":{"start":{"line":508,"column":8},"end":{"line":578,"column":null}},"type":"switch","locations":[{"start":{"line":509,"column":10},"end":{"line":515,"column":18}},{"start":{"line":516,"column":10},"end":{"line":522,"column":18}},{"start":{"line":523,"column":10},"end":{"line":526,"column":18}},{"start":{"line":527,"column":10},"end":{"line":530,"column":18}},{"start":{"line":531,"column":10},"end":{"line":534,"column":18}},{"start":{"line":535,"column":10},"end":{"line":538,"column":18}},{"start":{"line":539,"column":10},"end":{"line":541,"column":18}},{"start":{"line":542,"column":10},"end":{"line":544,"column":18}},{"start":{"line":545,"column":10},"end":{"line":547,"column":18}},{"start":{"line":548,"column":10},"end":{"line":550,"column":18}},{"start":{"line":551,"column":10},"end":{"line":553,"column":18}},{"start":{"line":554,"column":10},"end":{"line":556,"column":18}},{"start":{"line":557,"column":10},"end":{"line":559,"column":18}},{"start":{"line":560,"column":10},"end":{"line":565,"column":18}},{"start":{"line":566,"column":10},"end":{"line":571,"column":18}},{"start":{"line":572,"column":10},"end":{"line":577,"column":18}}]},"90":{"loc":{"start":{"line":561,"column":12},"end":{"line":564,"column":null}},"type":"if","locations":[{"start":{"line":561,"column":12},"end":{"line":564,"column":null}}]},"91":{"loc":{"start":{"line":567,"column":12},"end":{"line":570,"column":null}},"type":"if","locations":[{"start":{"line":567,"column":12},"end":{"line":570,"column":null}}]},"92":{"loc":{"start":{"line":573,"column":12},"end":{"line":576,"column":null}},"type":"if","locations":[{"start":{"line":573,"column":12},"end":{"line":576,"column":null}}]},"93":{"loc":{"start":{"line":596,"column":4},"end":{"line":598,"column":6}},"type":"if","locations":[{"start":{"lin
[...]
:{"start":{"line":97,"column":4},"end":{"line":97,"column":70}},"type":"cond-expr","locations":[{"start":{"line":97,"column":13},"end":{"line":97,"column":40}},{"start":{"line":97,"column":43},"end":{"line":97,"column":70}}]},"6":{"loc":{"start":{"line":104,"column":4},"end":{"line":108,"column":null}},"type":"if","locations":[{"start":{"line":104,"column":4},"end":{"line":108,"column":null}}]},"7":{"loc":{"start":{"line":106,"column":8},"end":{"line":107,"column":27}},"type":"cond-expr","locations":[{"start":{"line":106,"column":26},"end":{"line":106,"column":52}},{"start":{"line":107,"column":10},"end":{"line":107,"column":27}}]},"8":{"loc":{"start":{"line":114,"column":4},"end":{"line":132,"column":null}},"type":"if","locations":[{"start":{"line":114,"column":4},"end":{"line":132,"column":null}},{"start":{"line":123,"column":11},"end":{"line":132,"column":null}}]},"9":{"loc":{"start":{"line":138,"column":4},"end":{"line":146,"column":null}},"type":"if","locations":[{"start":{"line":138,"column":4},"end":{"line":146,"column":null}},{"start":{"line":143,"column":11},"end":{"line":146,"column":null}}]},"10":{"loc":{"start":{"line":140,"column":6},"end":{"line":142,"column":null}},"type":"if","locations":[{"start":{"line":140,"column":6},"end":{"line":142,"column":null}}]},"11":{"loc":{"start":{"line":152,"column":4},"end":{"line":164,"column":null}},"type":"if","locations":[{"start":{"line":152,"column":4},"end":{"line":164,"column":null}},{"start":{"line":161,"column":11},"end":{"line":164,"column":null}}]},"12":{"loc":{"start":{"line":155,"column":6},"end":{"line":160,"column":null}},"type":"if","locations":[{"start":{"line":155,"column":6},"end":{"line":160,"column":null}}]},"13":{"loc":{"start":{"line":225,"column":6},"end":{"line":227,"column":null}},"type":"if","locations":[{"start":{"line":225,"column":6},"end":{"line":227,"column":null}}]},"14":{"loc":{"start":{"line":228,"column":6},"end":{"line":230,"column":null}},"type":"if","locations":[{"start":{"line":228,"column":6},"end":{"line":230,"column":null}}]},"15":{"loc":{"start":{"line":232,"column":6},"end":{"line":263,"column":null}},"type":"if","locations":[{"start":{"line":232,"column":6},"end":{"line":263,"column":null}}]},"16":{"loc":{"start":{"line":237,"column":8},"end":{"line":240,"column":null}},"type":"if","locations":[{"start":{"line":237,"column":8},"end":{"line":240,"column":null}}]},"17":{"loc":{"start":{"line":276,"column":6},"end":{"line":278,"column":null}},"type":"if","locations":[{"start":{"line":276,"column":6},"end":{"line":278,"column":null}}]},"18":{"loc":{"start":{"line":280,"column":6},"end":{"line":295,"column":null}},"type":"if","locations":[{"start":{"line":280,"column":6},"end":{"line":295,"column":null}}]},"19":{"loc":{"start":{"line":289,"column":12},"end":{"line":289,"column":63}},"type":"cond-expr","locations":[{"start":{"line":289,"column":33},"end":{"line":289,"column":59}},{"start":{"line":289,"column":62},"end":{"line":289,"column":63}}]},"20":{"loc":{"start":{"line":291,"column":12},"end":{"line":291,"column":63}},"type":"cond-expr","locations":[{"start":{"line":291,"column":33},"end":{"line":291,"column":59}},{"start":{"line":291,"column":62},"end":{"line":291,"column":63}}]},"21":{"loc":{"start":{"line":305,"column":6},"end":{"line":323,"column":null}},"type":"if","locations":[{"start":{"line":305,"column":6},"end":{"line":323,"column":null}}]},"22":{"loc":{"start":{"line":308,"column":8},"end":{"line":310,"column":null}},"type":"if","locations":[{"start":{"line":308,"column":8},"end":{"line":310,"column":null}}]},"23":{"loc":{"start":{"line":313,"column":8},"end":{"line":322,"column":null}},"type":"if","locations":[{"start":{"line":313,"column":8},"end":{"line":322,"column":null}}]},"24":{"loc":{"start":{"line":316,"column":10},"end":{"line":318,"column":36}},"type":"cond-expr","locations":[{"start":{"line":317,"column":12},"end":{"line":317,"column":36}},{"start":{"line":318,"column":12},"end":{"line":318,"column":36}}]},"25":{"loc":{"start":{"line":332,"column":6},"end":{"line":334,"column":null}},"type":"if","locations":[{"start":{"line":332,"column":6},"end":{"line":334,"column":null}}]},"26":{"loc":{"start":{"line":345,"column":6},"end":{"line":385,"column":null}},"type":"if","locations":[{"start":{"line":345,"column":6},"end":{"line":385,"column":null}}]},"27":{"loc":{"start":{"line":349,"column":8},"end":{"line":363,"column":null}},"type":"if","locations":[{"start":{"line":349,"column":8},"end":{"line":363,"column":null}},{"start":{"line":355,"column":15},"end":{"line":363,"column":null}}]},"28":{"loc":{"start":{"line":375,"column":8},"end":{"line":383,"column":null}},"type":"if","locations":[{"start":{"line":375,"column":8},"end":{"line":383,"column":null}},{"start":{"line":379,"column":13},"end":{"line":383,"column":null}}]},"29":{"loc":{"start":{"line":380,"column":10},"end":{"line":382,"column":36}},"type":"cond-expr","locations":[{"start":{"line":381,"column":12},"end":{"line":381,"column":36}},{"start":{"line":382,"column":12},"end":{"line":382,"column":36}}]},"30":{"loc":{"start":{"line":391,"column":4},"end":{"line":393,"column":51}},"type":"if","locations":[{"start":{"line":391,"column":4},"end":{"line":393,"column":51}},{"start":{"line":393,"column":9},"end":{"line":393,"column":51}}]}},"s":{"0":4,"1":4,"2":4,"3":20,"4":20,"5":4,"6":4,"7":4,"8":4,"9":4,"10":4,"11":4,"12":4,"13":4,"14":18,"15":4,"16":18,"17":0,"18":0,"19":18,"20":18,"21":18,"22":7,"23":11,"24":20,"25":18,"26":18,"27":6,"28":6,"29":1,"30":1,"31":1,"32":1,"33":1,"34":1,"35":1,"36":1,"37":5,"38":5,"39":5,"40":5,"41":5,"42":5,"43":5,"44":5,"45":6,"46":6,"47":5,"48":5,"49":5,"50":1,"51":1,"52":7,"53":7,"54":5,"55":5,"56":5,"57":1,"58":1,"59":2,"60":2,"61":4,"62":4,"63":4,"64":4,"65":4,"66":8,"67":8,"68":8,"69":8,"70":8,"71":8,"72":8,"73":8,"74":8,"75":4,"76":4,"77":4,"78":4,"79":4,"80":4,"81":2,"82":2,"83":2,"84":2,"85":2,"86":2,"87":4,"88":2,"89":2,"90":2,"91":0,"92":2,"93":1,"94":2,"95":2,"96":1,"97":1,"98":1,"99":1,"100":1,"101":1,"102":1,"103":1,"104":1,"105":1,"106":0,"107":0,"108":0,"109":1,"110":1,"111":1,"112":4,"113":4,"114":0,"115":4,"116":0,"117":4,"118":1,"119":1,"120":1,"121":0,"122":1,"123":1,"124":1,"125":1,"126":1,"127":1,"128":1,"129":1,"130":1,"131":1,"132":4,"133":4,"134":1,"135":1,"136":1,"137":1,"138":1,"139":1,"140":0,"141":1,"142":1,"143":1,"144":1,"145":1,"146":1,"147":4,"148":4,"149":2,"150":2,"151":2,"152":0,"153":2,"154":2,"155":2,"156":5,"157":2,"158":1,"159":1,"160":1,"161":0,"162":0,"163":1,"164":1,"165":1,"166":1,"167":1,"168":1,"169":1,"170":1,"171":1,"172":1,"173":0,"174":1,"175":1,"176":4,"177":20,"178":0,"179":20,"180":4},"f":{"0":4,"1":20,"2":18,"3":20,"4":18,"5":6,"6":6,"7":7,"8":4,"9":8,"10":4,"11":4,"12":2,"13":4,"14":2,"15":1,"16":0,"17":0,"18":0,"19":4,"20":1,"21":1,"22":4,"23":1,"24":4,"25":2,"26":5,"27":20},"b":{"0":[20],"1":[7,13],"2":[4],"3":[0,18],"4":[7,11],"5":[9,11],"6":[18],"7":[18,0],"8":[1,5],"9":[5,1],"10":[5],"11":[5,2],"12":[1],"13":[0],"14":[1],"15":[1],"16":[1],"17":[0],"18":[1],"19":[0,1],"20":[0,1],"21":[1],"22":[0],"23":[1],"24":[0,1],"25":[0],"26":[1],"27":[0,1],"28":[0,1],"29":[1,0],"30":[0,20]}}
,"C:\\Users\\Екатерина\\Documents\\GIT\\Metalamp-4th-task\\src\\plugins\\sliderMetaLamp\\mvc\\view\\view-scale\\view-scale.ts": {"path":"C:\\Users\\Екатерина\\Documents\\GIT\\Metalamp-4th-task\\src\\plugins\\sliderMetaLamp\\mvc\\view\\view-scale\\view-scale.ts","statementMap":{"0":{"start":{"line":7,"column":10},"end":{"line":7,"column":33}},"1":{"start":{"line":21,"column":4},"end":{"line":21,"column":21}},"2":{"start":{"line":22,"column":4},"end":{"line":22,"column":25}},"3":{"start":{"line":23,"column":4},"end":{"line":23,"column":23}},"4":{"start":{"line":24,"column":4},"end":{"line":28,"column":null}},"5":{"start":{"line":25,"column":6},"end":{"line":25,"column":31}},"6":{"start":{"line":27,"column":6},"end":{"line":27,"column":31}},"7":{"start":{"line":35,"column":4},"end":{"line":35,"column":21}},"8":{"start":{"line":36,"column":4},"end":{"line":36,"column":33}},"9":{"start":{"line":37,"column":16},"end":{"line":37,"column":69}},"10":{"start":{"line":38,"column":4},"end":{"line":75,"column":null}},"11":{"start":{"line":39,"column":6},"end":{"line":43,"column":null}},"12":{"start":{"line":40,"column":8},"end":{"line":42,"column":null}},"13":{"start":{"line":41,"column":10},"end":{"line":41,"column":24}},"14":{"start":{"line":44,"column":6},"end":{"line":71,"column":null}},"15":{"start":{"line":45,"column":19},"end":{"line":45,"column":48}},"16":{"start":{"line":46,"column":8},"end":{"line":46,"column":48}},"17":{"start":{"line":47,"column":8},"end":{"line":47,"column":51}},"18":{"start":{"line":48,"column":20},"end":{"line":48,"column":49}},"19":{"start":{"line":49,"column":8},"end":{"line":49,"column":43}},"20":{"start":{"line":50,"column":8},"end":{"line":50,"column":50}},"21":{"start":{"line":51,"column":8},"end":{"line":51,"column":32}},"22":{"start":{"line":53,"column":8},"end":{"line":61,"column":null}},"23":{"start":{"line":54,"column":10},"end":{"line":54,"column":55}},"24":{"start":{"line":55,"column":10},"end":{"line":55,"column":57}},"25":{"start":{"line":56,"column":10},"end":{"line":56,"column":53}},"26":{"start":{"line":58,"column":10},"end":{"line":58,"column":61}},"27":{"start":{"line":59,"column":10},"end":{"line":59,"column":63}},"28":{"start":{"line":60,"column":10},"end":{"line":60,"column":51}},"29":{"start":{"line":62,"column":8},"end":{"line":64,"column":null}},"30":{"start":{"line":63,"column":10},"end":{"line":63,"column":66}},"31":{"start":{"line":65,"column":8},"end":{"line":65,"column":37}},"32":{"start":{"line":66,"column":8},"end":{"line":70,"column":null}},"33":{"start":{"line":67,"column":10},"end":{"line":67,"column":65}},"34":{"start":{"line":69,"column":10},"end":{"line":69,"column":65}},"35":{"start":{"line":73,"column":6},"end":{"line":74,"column":66}},"36":{"start":{"line":77,"column":4},"end":{"line":77,"column":18}},"37":{"start":{"line":78,"column":4},"end":{"line":78,"column":48}},"38":{"start":{"line":82,"column":4},"end":{"line":82,"column":21}},"39":{"start":{"line":83,"column":20},"end":{"line":83,"column":73}},"40":{"start":{"line":84,"column":4},"end":{"line":92,"column":null}},"41":{"start":{"line":85,"column":6},"end":{"line":87,"column":null}},"42":{"start":{"line":86,"column":8},"end":{"line":86,"column":67}},"43":{"start":{"line":89,"column":6},"end":{"line":91,"column":null}},"44":{"start":{"line":90,"column":8},"end":{"line":90,"column":64}},"45":{"start":{"line":93,"column":4},"end":{"line":93,"column":21}},"46":{"start":{"line":98,"column":21},"end":{"line":117,"column":5}},"47":{"start":{"line":100,"column":6},"end":{"line":108,"column":null}},"48":{"start":{"line":100,"column":19},"end":{"line":100,"column":20}},"49":{"start":{"line":101,"column":22},"end":{"line":101,"column":62}},"50":{"start":{"line":102,"column":8},"end":{"line":102,"column":57}},"51":{"start":{"line":103,"column":8},"end":{"line":104,"column":54}},"52":{"start":{"line":105,"column":8},"end":{"line":106,"column":57}},"53":{"start":{"line":109,"column":6},"end":{"line":111,"column":102}},"54":{"start":{"line":115,"column":6},"end":{"line":115,"column":35}},"55":{"start":{"line":116,"column":6},"end":{"line":116,"column":43}},"56":{"start":{"line":119,"column":4},"end":{"line":156,"column":null}},"57":{"start":{"line":120,"column":23},"end":{"line":120,"column":24}},"58":{"start":{"line":122,"column":6},"end":{"line":125,"column":null}},"59":{"start":{"line":123,"column":22},"end":{"line":123,"column":55}},"60":{"start":{"line":124,"column":8},"end":{"line":124,"column":58}},"61":{"start":{"line":127,"column":6},"end":{"line":137,"column":null}},"62":{"start":{"line":129,"column":8},"end":{"line":129,"column":29}},"63":{"start":{"line":131,"column":8},"end":{"line":135,"column":null}},"64":{"start":{"line":133,"column":10},"end":{"line":133,"column":51}},"65":{"start":{"line":136,"column":8},"end":{"line":136,"column":29}},"66":{"start":{"line":139,"column":24},"end":{"line":139,"column":25}},"67":{"start":{"line":140,"column":6},"end":{"line":143,"column":null}},"68":{"start":{"line":141,"column":22},"end":{"line":141,"column":55}},"69":{"start":{"line":142,"column":8},"end":{"line":142,"column":60}},"70":{"start":{"line":145,"column":6},"end":{"line":155,"column":null}},"71":{"start":{"line":147,"column":8},"end":{"line":147,"column":29}},"72":{"start":{"line":149,"column":8},"end":{"line":153,"column":null}},"73":{"start":{"line":151,"column":10},"end":{"line":151,"column":51}},"74":{"start":{"line":154,"column":8},"end":{"line":154,"column":29}},"75":{"start":{"line":162,"column":6},"end":{"line":162,"column":94}},"76":{"start":{"line":163,"column":26},"end":{"line":163,"column":69}},"77":{"start":{"line":165,"column":6},"end":{"line":165,"column":77}},"78":{"start":{"line":166,"column":4},"end":{"line":175,"column":null}},"79":{"start":{"line":167,"column":6},"end":{"line":167,"column":66}},"80":{"start":{"line":168,"column":6},"end":{"line":168,"column":69}},"81":{"start":{"line":169,"column":35},"end":{"line":169,"column":79}},"82":{"start":{"line":170,"column":6},"end":{"line":170,"column":70}},"83":{"start":{"line":171,"column":6},"end":{"line":171,"column":62}},"84":{"start":{"line":172,"column":6},"end":{"line":172,"column":65}},"85":{"start":{"line":173,"column":28},"end":{"line":173,"column":65}},"86":{"start":{"line":174,"column":6},"end":{"line":174,"column":66}},"87":{"start":{"line":179,"column":4},"end":{"line":179,"column":46}},"88":{"start":{"line":180,"column":25},"end":{"line":191,"column":5}},"89":{"start":{"line":181,"column":23},"end":{"line":181,"column":46}},"90":{"start":{"line":182,"column":6},"end":{"line":190,"column":null}},"91":{"start":{"line":183,"column":8},"end":{"line":185,"column":null}},"92":{"start":{"line":184,"column":10},"end":{"line":184,"column":47}},"93":{"start":{"line":186,"column":8},"end":{"line":188,"column":null}},"94":{"start":{"line":187,"column":10},"end":{"line":187,"column":55}},"95":{"start":{"line":189,"column":8},"end":{"line":189,"column":37}},"96":{"start":{"line":192,"column":4},"end":{"line":192,"column":52}},"97":{"start":{"line":198,"column":9},"end":{"line":198,"column":18}}},"fnMap":{"0":{"name":"(anonymous_0)","decl":{"start":{"line":15,"column":2},"end":{"line":15,"column":null}},"loc":{"start":{"line":19,"column":32},"end":{"line":29,"column":3}}},"1":{"name":"(anonymous_1)","decl":{"start":{"line":33,"column":9},"end":{"line":33,"column":20}},"loc":{"start":{"line":34,"column":19},"end":{"line":79,"column":3}}},"2":{"name":"(anonymous_2)","decl":{"start":{"line":81,"column":9},"end":{"line":81,"column":20}},"loc":{"start":{"line":81,"column":36},"end":{"line":94,"column":3}}},"3":{"name":"(anonymous_3)","decl":{"start":{"line":97,"column":10},"end":{"line":97,"column":26}},"loc":{"start":{"line":97,"column":46},"end":{"line":157,"column":3}}},"4":{"name":"(anonymous_4)","decl":{"start":{"line":98,"column":21},"end":{"line":98,"column":22}},"loc":{"start":{"line":98,"column":45},"end":{"line":117,"column":5}}},"5":{"name":"(anonymous_5)","decl":{"start":{"line":160,"column":10},"end":{"line":160,"column":22}},"loc":{"start":{"line":160,"column":41},"end":{"line":176,"column":3}}},"6":{"name":"(anonymous_6)","decl":{"start":{"line":178,"column":10},"end":{"line":178,"column":16}},"loc":{"start":{"line":178,"column":16},"end":{"line":193,"column":3}}},"7":{"name":"(anonymous_7)","decl":{"start":{"line":180,"column":25},"end":{"line":180,"column":28}},"loc":{"start":{"line":180,"column":30},"end":{"line":191,"column":5}}}},"branchMap":{"0":{"loc":{"start":{"line":19,"column":4},"end":{"line":19,"column":32}},"type":"default-arg","locations":[{"start":{"line":19,"column":30},"end":{"line":19,"column":32}}]},"1":{"loc":{"start":{"line":24,"column":4},"end":{"line":28,"column":null}},"type":"if","locations":[{"start":{"line":24,"column":4},"end":{"line":28,"column":null}},{"start":{"line":26,"column":11},"end":{"line":28,"column":null}}]},"2":{"loc":{"start":{"line":38,"column":4},"end":{"line":75,"column":null}},"type":"if","locations":[{"start":{"line":38,"column":4},"end":{"line":75,"column":null}}]},"3":{"loc":{"start":{"line":39,"column":6},"end":{"line":43,"column":null}},"type":"if","locations":[{"start":{"line":39,"column":6},"end":{"line":43,"column":null}}]},"4":{"loc":{"start":{"line":53,"column":8},"end":{"line":61,"column":null}},"type":"if","locations":[{"start":{"line":53,"column":8},"end":{"line":61,"column":null}},{"start":{"line":57,"column":15},"end":{"line":61,"column":null}}]},"5":{"loc":{"start":{"line":62,"column":8},"end":{"line":64,"column":null}},"type":"if","locations":[{"start":{"line":62,"column":8},"end":{"line":64,"column":null}}]},"6":{"loc":{"start":{"line":66,"column":8},"end":{"line":70,"column":null}},"type":"if","locations":[{"start":{"line":66,"column":8},"end":{"line":70,"column":null}},{"start":{"line":68,"column":15},"end":{"line":70,"column":null}}]},"7":{"loc":{"start":{"line":84,"column":4},"end":{"line":92,"column":null}},"type":"if","locations":[{"start":{"line":84,"column":4},"end":{"line":92,"column":null}},{"start":{"line":88,"column":11},"end":{"line":92,"column":null}}]},"8":{"loc":{"start":{"line":119,"column":4},"end":{"line":156,"column":null}},"type":"if","locations":[{"start":{"line":119,"column":4},"end":{"line":156,"column":null}},{"start":{"line":138,"column":11},"end":{"line":156,"column":null}}]},"9":{"loc":{"start":{"line":127,"column":6},"end":{"line":137,"column":null}},"type":"if","locations":[{"start":{"line":127,"column":6},"end":{"line":137,"column":null}},{"start":{"line":130,"column":13},"end":{"line":137,"column":null}}]},"10":{"loc":{"start":{"line":131,"column":8},"end":{"line":135,"column":null}},"type":"if","locations":[{"start":{"line":131,"column":8},"end":{"line":135,"column":null}}]},"11":{"loc":{"start":{"line":145,"column":6},"end":{"line":155,"column":null}},"type":"if","locations":[{"start":{"line":145,"column":6},"end":{"line":155,"column":null}},{"start":{"line":148,"column":13},"end":{"line":155,"column":null}}]},"12":{"loc":{"start":{"line":149,"column":8},"end":{"line":153,"column":null}},"type":"if","locations":[{"start":{"line":149,"column":8},"end":{"line":153,"column":null}}]},"13":{"loc":{"start":{"line":166,"column":4},"end":{"line":175,"column":null}},"type":"if","locations":[{"start":{"line":166,"column":4},"end":{"line":175,"column":null}}]},"14":{"loc":{"start":{"line":182,"column":6},"end":{"line":190,"column":null}},"type":"if","locations":[{"start":{"line":182,"column":6},"end":{"line":190,"column":null}}]},"15":{"loc":{"start":{"line":183,"column":8},"end":{"line":185,"column":null}},"type":"if","locations":[{"start":{"line":183,"column":8},"end":{"line":185,"column":null}}]},"16":{"loc":{"start":{"line":186,"column":8},"end":{"line":188,"column":null}},"type":"if","locations":[{"start":{"line":186,"column":8},"end":{"line":188,"column":null}}]}},"s":{"0":7,"1":7,"2":7,"3":7,"4":7,"5":6,"6":1,"7":20,"8":20,"9":20,"10":20,"11":15,"12":9,"13":34,"14":15,"15":73,"16":73,"17":73,"18":73,"19":73,"20":73,"21":73,"22":73,"23":15,"24":15,"25":15,"26":58,"27":58,"28":58,"29":73,"30":12,"31":73,"32":73,"33":15,"34":58,"35":15,"36":20,"37":20,"38":3,"39":3,"40":3,"41":2,"42":6,"43":1,"44":3,"45":3,"46":22,"47":2,"48":2,"49":2,"50":2,"51":2,"52":2,"53":2,"54":2,"55":2,"56":22,"57":15,"58":15,"59":66,"60":66,"61":15,"62":2,"63":13,"64":3,"65":13,"66":7,"67":7,"68":17,"69":17,"70":7,"71":0,"72":7,"73":2,"74":7,"75":5,"76":5,"77":5,"78":5,"79":5,"80":5,"81":5,"82":5,"83":5,"84":5,"85":5,"86":5,"87":20,"88":20,"89":0,"90":0,"91":0,"92":0,"93":0,"94":0,"95":0,"96":20,"97":5},"f":{"0":7,"1":20,"2":3,"3":22,"4":2,"5":5,"6":20,"7":0},"b":{"0":[6],"1":[6,1],"2":[15],"3":[9],"4":[15,58],"5":[12],"6":[15,58],"7":[2,1],"8":[15,7],"9":[2,13],"10":[3],"11":[0,7],"12":[2],"13":[5],"14":[0],"15":[0],"16":[0]}}
}
