{"C:\\Users\\Екатерина\\Documents\\iZotope\\GIT\\Metalamp-4th-task\\src\\plugins\\sliderMetaLamp\\mvc\\observer.ts": {"path":"C:\\Users\\Екатерина\\Documents\\iZotope\\GIT\\Metalamp-4th-task\\src\\plugins\\sliderMetaLamp\\mvc\\observer.ts","statementMap":{"0":{"start":{"line":2,"column":15},"end":{"line":12,"column":1}},"1":{"start":{"line":3,"column":12},"end":{"line":3,"column":59}},"2":{"start":{"line":3,"column":65},"end":{"line":3,"column":74}},"3":{"start":{"line":3,"column":80},"end":{"line":3,"column":81}},"4":{"start":{"line":4,"column":4},"end":{"line":4,"column":28}},"5":{"start":{"line":4,"column":11},"end":{"line":4,"column":28}},"6":{"start":{"line":5,"column":4},"end":{"line":10,"column":6}},"7":{"start":{"line":5,"column":43},"end":{"line":10,"column":6}},"8":{"start":{"line":7,"column":12},"end":{"line":7,"column":47}},"9":{"start":{"line":7,"column":36},"end":{"line":7,"column":47}},"10":{"start":{"line":8,"column":12},"end":{"line":8,"column":52}},"11":{"start":{"line":11,"column":4},"end":{"line":11,"column":91}},"12":{"start":{"line":13,"column":0},"end":{"line":13,"column":62}},"13":{"start":{"line":14,"column":0},"end":{"line":14,"column":26}},"14":{"start":{"line":15,"column":30},"end":{"line":49,"column":3}},"15":{"start":{"line":17,"column":8},"end":{"line":17,"column":28}},"16":{"start":{"line":19,"column":4},"end":{"line":26,"column":6}},"17":{"start":{"line":20,"column":8},"end":{"line":25,"column":25}},"18":{"start":{"line":21,"column":12},"end":{"line":21,"column":42}},"19":{"start":{"line":22,"column":12},"end":{"line":22,"column":34}},"20":{"start":{"line":25,"column":12},"end":{"line":25,"column":25}},"21":{"start":{"line":27,"column":4},"end":{"line":30,"column":6}},"22":{"start":{"line":28,"column":8},"end":{"line":28,"column":92}},"23":{"start":{"line":28,"column":64},"end":{"line":28,"column":88}},"24":{"start":{"line":29,"column":8},"end":{"line":29,"column":30}},"25":{"start":{"line":31,"column":4},"end":{"line":47,"column":6}},"26":{"start":{"line":33,"column":8},"end":{"line":33,"column":43}},"27":{"start":{"line":33,"column":31},"end":{"line":33,"column":41}},"28":{"start":{"line":34,"column":8},"end":{"line":46,"column":9}},"29":{"start":{"line":35,"column":12},"end":{"line":38,"column":13}},"30":{"start":{"line":35,"column":26},"end":{"line":35,"column":50}},"31":{"start":{"line":35,"column":57},"end":{"line":35,"column":66}},"32":{"start":{"line":36,"column":27},"end":{"line":36,"column":35}},"33":{"start":{"line":37,"column":16},"end":{"line":37,"column":38}},"34":{"start":{"line":40,"column":24},"end":{"line":40,"column":47}},"35":{"start":{"line":42,"column":12},"end":{"line":45,"column":49}},"36":{"start":{"line":43,"column":16},"end":{"line":43,"column":68}},"37":{"start":{"line":43,"column":56},"end":{"line":43,"column":68}},"38":{"start":{"line":45,"column":22},"end":{"line":45,"column":47}},"39":{"start":{"line":45,"column":31},"end":{"line":45,"column":47}},"40":{"start":{"line":48,"column":4},"end":{"line":48,"column":20}},"41":{"start":{"line":50,"column":0},"end":{"line":50,"column":28}}},"fnMap":{"0":{"name":"(anonymous_0)","decl":{"start":{"line":2,"column":42},"end":{"line":2,"column":43}},"loc":{"start":{"line":2,"column":54},"end":{"line":12,"column":1}},"line":2},"1":{"name":"(anonymous_1)","decl":{"start":{"line":6,"column":14},"end":{"line":6,"column":15}},"loc":{"start":{"line":6,"column":26},"end":{"line":9,"column":9}},"line":6},"2":{"name":"(anonymous_2)","decl":{"start":{"line":15,"column":30},"end":{"line":15,"column":31}},"loc":{"start":{"line":15,"column":42},"end":{"line":49,"column":1}},"line":15},"3":{"name":"Observer","decl":{"start":{"line":16,"column":13},"end":{"line":16,"column":21}},"loc":{"start":{"line":16,"column":24},"end":{"line":18,"column":5}},"line":16},"4":{"name":"(anonymous_4)","decl":{"start":{"line":19,"column":35},"end":{"line":19,"column":36}},"loc":{"start":{"line":19,"column":55},"end":{"line":26,"column":5}},"line":19},"5":{"name":"(anonymous_5)","decl":{"start":{"line":27,"column":37},"end":{"line":27,"column":38}},"loc":{"start":{"line":27,"column":57},"end":{"line":30,"column":5}},"line":27},"6":{"name":"(anonymous_6)","decl":{"start":{"line":28,"column":47},"end":{"line":28,"column":48}},"loc":{"start":{"line":28,"column":62},"end":{"line":28,"column":90}},"line":28},"7":{"name":"(anonymous_7)","decl":{"start":{"line":31,"column":30},"end":{"line":31,"column":31}},"loc":{"start":{"line":31,"column":57},"end":{"line":47,"column":5}},"line":31}},"branchMap":{"0":{"loc":{"start":{"line":2,"column":15},"end":{"line":12,"column":1}},"type":"binary-expr","locations":[{"start":{"line":2,"column":16},"end":{"line":2,"column":20}},{"start":{"line":2,"column":24},"end":{"line":2,"column":37}},{"start":{"line":2,"column":42},"end":{"line":12,"column":1}}],"line":2},"1":{"loc":{"start":{"line":3,"column":12},"end":{"line":3,"column":59}},"type":"binary-expr","locations":[{"start":{"line":3,"column":12},"end":{"line":3,"column":40}},{"start":{"line":3,"column":44},"end":{"line":3,"column":59}}],"line":3},"2":{"loc":{"start":{"line":3,"column":65},"end":{"line":3,"column":74}},"type":"binary-expr","locations":[{"start":{"line":3,"column":65},"end":{"line":3,"column":66}},{"start":{"line":3,"column":70},"end":{"line":3,"column":74}}],"line":3},"3":{"loc":{"start":{"line":4,"column":4},"end":{"line":4,"column":28}},"type":"if","locations":[{"start":{"line":4,"column":4},"end":{"line":4,"column":28}},{"start":{},"end":{}}],"line":4},"4":{"loc":{"start":{"line":5,"column":4},"end":{"line":10,"column":6}},"type":"if","locations":[{"start":{"line":5,"column":4},"end":{"line":10,"column":6}},{"start":{},"end":{}}],"line":5},"5":{"loc":{"start":{"line":5,"column":8},"end":{"line":5,"column":41}},"type":"binary-expr","locations":[{"start":{"line":5,"column":8},"end":{"line":5,"column":9}},{"start":{"line":5,"column":13},"end":{"line":5,"column":41}}],"line":5},"6":{"loc":{"start":{"line":7,"column":12},"end":{"line":7,"column":47}},"type":"if","locations":[{"start":{"line":7,"column":12},"end":{"line":7,"column":47}},{"start":{},"end":{}}],"line":7},"7":{"loc":{"start":{"line":7,"column":16},"end":{"line":7,"column":34}},"type":"binary-expr","locations":[{"start":{"line":7,"column":16},"end":{"line":7,"column":17}},{"start":{"line":7,"column":21},"end":{"line":7,"column":34}}],"line":7},"8":{"loc":{"start":{"line":8,"column":28},"end":{"line":8,"column":39}},"type":"binary-expr","locations":[{"start":{"line":8,"column":28},"end":{"line":8,"column":29}},{"start":{"line":8,"column":33},"end":{"line":8,"column":39}}],"line":8},"9":{"loc":{"start":{"line":11,"column":24},"end":{"line":11,"column":89}},"type":"cond-expr","locations":[{"start":{"line":11,"column":28},"end":{"line":11,"column":53}},{"start":{"line":11,"column":56},"end":{"line":11,"column":89}}],"line":11},"10":{"loc":{"start":{"line":20,"column":8},"end":{"line":25,"column":25}},"type":"if","locations":[{"start":{"line":20,"column":8},"end":{"line":25,"column":25}},{"start":{"line":25,"column":12},"end":{"line":25,"column":25}}],"line":20},"11":{"loc":{"start":{"line":33,"column":8},"end":{"line":33,"column":43}},"type":"if","locations":[{"start":{"line":33,"column":8},"end":{"line":33,"column":43}},{"start":{},"end":{}}],"line":33},"12":{"loc":{"start":{"line":43,"column":16},"end":{"line":43,"column":68}},"type":"if","locations":[{"start":{"line":43,"column":16},"end":{"line":43,"column":68}},{"start":{},"end":{}}],"line":43},"13":{"loc":{"start":{"line":43,"column":20},"end":{"line":43,"column":54}},"type":"binary-expr","locations":[{"start":{"line":43,"column":20},"end":{"line":43,"column":22}},{"start":{"line":43,"column":26},"end":{"line":43,"column":34}},{"start":{"line":43,"column":39},"end":{"line":43,"column":53}}],"line":43},"14":{"loc":{"start":{"line":45,"column":22},"end":{"line":45,"column":47}},"type":"if","locations":[{"start":{"line":45,"column":22},"end":{"line":45,"column":47}},{"start":{},"end":{}}],"line":45}},"s":{"0":1,"1":1,"2":1,"3":1,"4":1,"5":1,"6":0,"7":0,"8":0,"9":0,"10":0,"11":0,"12":1,"13":1,"14":1,"15":3,"16":1,"17":7,"18":6,"19":6,"20":1,"21":1,"22":2,"23":3,"24":2,"25":1,"26":1,"27":1,"28":1,"29":1,"30":1,"31":1,"32":2,"33":2,"34":0,"35":1,"36":1,"37":0,"38":1,"39":0,"40":1,"41":1},"f":{"0":1,"1":0,"2":1,"3":3,"4":7,"5":2,"6":3,"7":1},"b":{"0":[1,1,1],"1":[1,1],"2":[1,1],"3":[1,0],"4":[0,0],"5":[0,0],"6":[0,0],"7":[0,0],"8":[0,0],"9":[0,0],"10":[6,1],"11":[1,0],"12":[0,1],"13":[1,1,0],"14":[0,1]},"inputSourceMap":null,"_coverageSchema":"1a1c01bbd47fc00a2c39e90264f33305004495a9","hash":"2064d2300550b9a50c477f13eedac987bda57448"}
}
