TN:
SF:src\plugins\sliderMetaLamp\mvc\observer.ts
FN:2,(anonymous_0)
FN:6,(anonymous_1)
FN:15,(anonymous_2)
FN:16,Observer
FN:19,(anonymous_4)
FN:27,(anonymous_5)
FN:28,(anonymous_6)
FN:31,(anonymous_7)
FNF:8
FNH:7
FNDA:27,(anonymous_0)
FNDA:0,(anonymous_1)
FNDA:3,(anonymous_2)
FNDA:10,Observer
FNDA:35,(anonymous_4)
FNDA:2,(anonymous_5)
FNDA:3,(anonymous_6)
FNDA:27,(anonymous_7)
DA:2,3
DA:3,27
DA:4,27
DA:5,0
DA:7,0
DA:8,0
DA:11,0
DA:13,3
DA:14,3
DA:15,3
DA:17,10
DA:19,3
DA:20,35
DA:21,34
DA:22,34
DA:25,1
DA:27,3
DA:28,3
DA:29,2
DA:31,3
DA:33,27
DA:34,27
DA:35,27
DA:36,243
DA:37,243
DA:40,0
DA:42,27
DA:43,27
DA:45,27
DA:48,3
DA:50,3
LF:31
LH:26
BRDA:2,0,0,3
BRDA:2,0,1,3
BRDA:2,0,2,3
BRDA:3,1,0,27
BRDA:3,1,1,27
BRDA:3,2,0,27
BRDA:3,2,1,27
BRDA:4,3,0,27
BRDA:4,3,1,0
BRDA:5,4,0,0
BRDA:5,4,1,0
BRDA:5,5,0,0
BRDA:5,5,1,0
BRDA:7,6,0,0
BRDA:7,6,1,0
BRDA:7,7,0,0
BRDA:7,7,1,0
BRDA:8,8,0,0
BRDA:8,8,1,0
BRDA:11,9,0,0
BRDA:11,9,1,0
BRDA:20,10,0,34
BRDA:20,10,1,1
BRDA:33,11,0,20
BRDA:33,11,1,7
BRDA:43,12,0,0
BRDA:43,12,1,27
BRDA:43,13,0,27
BRDA:43,13,1,27
BRDA:43,13,2,0
BRDA:45,14,0,0
BRDA:45,14,1,27
BRF:32
BRH:16
end_of_record
TN:
SF:src\plugins\sliderMetaLamp\mvc\controller\controller.ts
FN:2,(anonymous_0)
FN:3,(anonymous_1)
FN:5,(anonymous_2)
FN:6,(anonymous_3)
FN:9,(anonymous_4)
FN:13,__
FN:20,(anonymous_6)
FN:22,(anonymous_7)
FN:24,(anonymous_8)
FN:26,sliderController
FN:28,(anonymous_10)
FN:33,(anonymous_11)
FN:40,(anonymous_12)
FN:47,(anonymous_13)
FN:54,(anonymous_14)
FN:61,(anonymous_15)
FN:69,(anonymous_16)
FN:76,(anonymous_17)
FN:83,(anonymous_18)
FN:90,(anonymous_19)
FN:97,(anonymous_20)
FN:104,(anonymous_21)
FN:111,(anonymous_22)
FN:124,(anonymous_23)
FN:129,(anonymous_24)
FN:144,(anonymous_25)
FNF:26
FNH:22
FNDA:2,(anonymous_0)
FNDA:2,(anonymous_1)
FNDA:0,(anonymous_2)
FNDA:0,(anonymous_3)
FNDA:2,(anonymous_4)
FNDA:2,__
FNDA:0,(anonymous_6)
FNDA:0,(anonymous_7)
FNDA:2,(anonymous_8)
FNDA:2,sliderController
FNDA:21,(anonymous_10)
FNDA:21,(anonymous_11)
FNDA:21,(anonymous_12)
FNDA:21,(anonymous_13)
FNDA:21,(anonymous_14)
FNDA:21,(anonymous_15)
FNDA:21,(anonymous_16)
FNDA:21,(anonymous_17)
FNDA:21,(anonymous_18)
FNDA:21,(anonymous_19)
FNDA:21,(anonymous_20)
FNDA:3,(anonymous_21)
FNDA:3,(anonymous_22)
FNDA:2,(anonymous_23)
FNDA:2,(anonymous_24)
FNDA:1,(anonymous_25)
DA:2,2
DA:3,2
DA:4,2
DA:5,0
DA:6,0
DA:7,2
DA:9,2
DA:10,2
DA:11,0
DA:12,2
DA:13,2
DA:14,2
DA:17,2
DA:18,2
DA:19,2
DA:20,2
DA:21,2
DA:22,2
DA:23,2
DA:24,2
DA:25,2
DA:27,2
DA:28,2
DA:29,21
DA:30,18
DA:31,3
DA:33,2
DA:34,21
DA:35,17
DA:37,4
DA:40,2
DA:41,21
DA:42,18
DA:44,3
DA:47,2
DA:48,21
DA:49,17
DA:51,4
DA:54,2
DA:55,21
DA:56,19
DA:58,2
DA:61,2
DA:63,21
DA:64,16
DA:66,5
DA:69,2
DA:70,21
DA:71,21
DA:73,0
DA:76,2
DA:77,21
DA:78,21
DA:80,0
DA:83,2
DA:84,21
DA:85,21
DA:87,0
DA:90,2
DA:91,21
DA:92,21
DA:94,0
DA:97,2
DA:98,21
DA:99,21
DA:101,0
DA:104,2
DA:105,3
DA:106,0
DA:108,3
DA:111,2
DA:112,3
DA:113,3
DA:115,0
DA:118,2
DA:119,2
DA:120,2
DA:121,2
DA:122,2
DA:124,2
DA:125,2
DA:126,2
DA:127,2
DA:129,2
DA:130,2
DA:131,2
DA:132,2
DA:133,2
DA:134,2
DA:135,2
DA:136,2
DA:137,2
DA:138,2
DA:139,2
DA:140,2
DA:141,2
DA:142,2
DA:144,2
DA:145,1
DA:147,2
DA:149,2
LF:101
LH:91
BRDA:2,0,0,2
BRDA:2,0,1,2
BRDA:2,0,2,2
BRDA:4,1,0,2
BRDA:4,1,1,0
BRDA:4,1,2,0
BRDA:4,1,3,0
BRDA:6,2,0,0
BRDA:6,2,1,0
BRDA:10,3,0,0
BRDA:10,3,1,2
BRDA:10,4,0,2
BRDA:10,4,1,0
BRDA:14,5,0,0
BRDA:14,5,1,2
BRDA:27,6,0,2
BRDA:27,6,1,2
BRDA:29,7,0,18
BRDA:29,7,1,3
BRDA:34,8,0,17
BRDA:34,8,1,4
BRDA:41,9,0,18
BRDA:41,9,1,3
BRDA:48,10,0,17
BRDA:48,10,1,4
BRDA:55,11,0,19
BRDA:55,11,1,2
BRDA:63,12,0,16
BRDA:63,12,1,5
BRDA:70,13,0,21
BRDA:70,13,1,0
BRDA:77,14,0,21
BRDA:77,14,1,0
BRDA:84,15,0,21
BRDA:84,15,1,0
BRDA:91,16,0,21
BRDA:91,16,1,0
BRDA:98,17,0,21
BRDA:98,17,1,0
BRDA:105,18,0,0
BRDA:105,18,1,3
BRDA:112,19,0,3
BRDA:112,19,1,0
BRF:43
BRH:28
end_of_record
TN:
SF:src\plugins\sliderMetaLamp\mvc\model\model.ts
FN:2,(anonymous_0)
FN:3,(anonymous_1)
FN:5,(anonymous_2)
FN:6,(anonymous_3)
FN:9,(anonymous_4)
FN:13,__
FN:17,(anonymous_6)
FN:18,adopt
FN:18,(anonymous_8)
FN:19,(anonymous_9)
FN:20,fulfilled
FN:21,rejected
FN:22,step
FN:26,(anonymous_13)
FN:27,(anonymous_14)
FN:28,(anonymous_15)
FN:29,verb
FN:29,(anonymous_17)
FN:30,step
FN:56,(anonymous_19)
FN:58,sliderModel
FN:77,(anonymous_21)
FN:78,(anonymous_22)
FN:79,(anonymous_23)
FN:98,(anonymous_24)
FN:105,(anonymous_25)
FN:115,(anonymous_26)
FN:117,(anonymous_27)
FN:176,(anonymous_28)
FN:204,(anonymous_29)
FN:268,(anonymous_30)
FN:269,(anonymous_31)
FN:270,(anonymous_32)
FN:292,(anonymous_33)
FN:293,(anonymous_34)
FN:294,(anonymous_35)
FN:310,(anonymous_36)
FN:311,(anonymous_37)
FN:312,(anonymous_38)
FN:334,(anonymous_39)
FN:337,(anonymous_40)
FN:340,(anonymous_41)
FN:344,(anonymous_42)
FN:363,(anonymous_43)
FN:379,(anonymous_44)
FN:392,(anonymous_45)
FN:405,(anonymous_46)
FN:448,(anonymous_47)
FN:480,(anonymous_48)
FN:542,(anonymous_49)
FN:545,(anonymous_50)
FN:553,(anonymous_51)
FN:561,(anonymous_52)
FN:572,(anonymous_53)
FN:668,(anonymous_54)
FN:688,(anonymous_55)
FNF:56
FNH:21
FNDA:2,(anonymous_0)
FNDA:2,(anonymous_1)
FNDA:0,(anonymous_2)
FNDA:0,(anonymous_3)
FNDA:2,(anonymous_4)
FNDA:2,__
FNDA:0,(anonymous_6)
FNDA:0,adopt
FNDA:0,(anonymous_8)
FNDA:0,(anonymous_9)
FNDA:0,fulfilled
FNDA:0,rejected
FNDA:0,step
FNDA:0,(anonymous_13)
FNDA:0,(anonymous_14)
FNDA:0,(anonymous_15)
FNDA:0,verb
FNDA:0,(anonymous_17)
FNDA:0,step
FNDA:2,(anonymous_19)
FNDA:2,sliderModel
FNDA:2,(anonymous_21)
FNDA:3,(anonymous_22)
FNDA:1,(anonymous_23)
FNDA:2,(anonymous_24)
FNDA:2,(anonymous_25)
FNDA:3,(anonymous_26)
FNDA:24,(anonymous_27)
FNDA:1,(anonymous_28)
FNDA:1,(anonymous_29)
FNDA:0,(anonymous_30)
FNDA:0,(anonymous_31)
FNDA:0,(anonymous_32)
FNDA:0,(anonymous_33)
FNDA:0,(anonymous_34)
FNDA:0,(anonymous_35)
FNDA:0,(anonymous_36)
FNDA:0,(anonymous_37)
FNDA:0,(anonymous_38)
FNDA:0,(anonymous_39)
FNDA:0,(anonymous_40)
FNDA:0,(anonymous_41)
FNDA:0,(anonymous_42)
FNDA:2,(anonymous_43)
FNDA:2,(anonymous_44)
FNDA:5,(anonymous_45)
FNDA:2,(anonymous_46)
FNDA:7,(anonymous_47)
FNDA:3,(anonymous_48)
FNDA:0,(anonymous_49)
FNDA:0,(anonymous_50)
FNDA:0,(anonymous_51)
FNDA:0,(anonymous_52)
FNDA:0,(anonymous_53)
FNDA:0,(anonymous_54)
FNDA:0,(anonymous_55)
DA:2,2
DA:3,2
DA:4,2
DA:5,0
DA:6,0
DA:7,2
DA:9,2
DA:10,2
DA:11,0
DA:12,2
DA:13,2
DA:14,2
DA:17,2
DA:18,0
DA:19,0
DA:20,0
DA:21,0
DA:22,0
DA:23,0
DA:26,2
DA:27,0
DA:28,0
DA:29,0
DA:31,0
DA:32,0
DA:33,0
DA:34,0
DA:35,0
DA:36,0
DA:37,0
DA:38,0
DA:39,0
DA:41,0
DA:42,0
DA:43,0
DA:44,0
DA:45,0
DA:46,0
DA:48,0
DA:49,0
DA:50,0
DA:53,2
DA:54,2
DA:55,2
DA:56,2
DA:57,2
DA:59,2
DA:61,2
DA:77,2
DA:78,3
DA:79,1
DA:81,2
DA:82,2
DA:94,2
DA:95,2
DA:96,2
DA:98,2
DA:99,2
DA:100,2
DA:101,2
DA:103,2
DA:105,2
DA:106,2
DA:107,2
DA:108,2
DA:109,2
DA:110,2
DA:111,2
DA:112,2
DA:113,2
DA:115,2
DA:117,24
DA:118,3
DA:119,3
DA:120,3
DA:121,3
DA:122,3
DA:123,3
DA:124,3
DA:125,3
DA:126,3
DA:127,2
DA:130,3
DA:131,2
DA:134,3
DA:135,2
DA:136,2
DA:137,2
DA:140,3
DA:141,0
DA:144,3
DA:145,0
DA:148,3
DA:149,0
DA:152,3
DA:153,0
DA:156,3
DA:157,0
DA:160,3
DA:161,0
DA:164,3
DA:165,0
DA:168,3
DA:169,2
DA:171,3
DA:172,2
DA:174,3
DA:176,2
DA:177,1
DA:178,1
DA:180,1
DA:183,1
DA:184,1
DA:187,1
DA:188,10
DA:189,0
DA:190,0
DA:193,1
DA:195,1
DA:196,10
DA:197,0
DA:200,1
DA:204,2
DA:206,1
DA:207,18
DA:208,18
DA:211,0
DA:213,0
DA:214,0
DA:215,0
DA:216,0
DA:217,0
DA:218,0
DA:220,0
DA:221,0
DA:222,0
DA:223,0
DA:224,0
DA:225,0
DA:227,0
DA:228,0
DA:229,0
DA:231,0
DA:232,0
DA:233,0
DA:235,0
DA:236,0
DA:237,0
DA:239,0
DA:240,0
DA:241,0
DA:243,0
DA:244,0
DA:246,0
DA:247,0
DA:249,0
DA:250,0
DA:252,0
DA:253,0
DA:255,0
DA:256,0
DA:258,0
DA:259,0
DA:261,0
DA:262,0
DA:266,1
DA:268,2
DA:269,0
DA:270,0
DA:271,0
DA:272,0
DA:274,0
DA:275,0
DA:277,0
DA:278,0
DA:280,0
DA:281,0
DA:283,0
DA:284,0
DA:286,0
DA:287,0
DA:292,2
DA:293,0
DA:294,0
DA:295,0
DA:296,0
DA:298,0
DA:299,0
DA:301,0
DA:302,0
DA:304,0
DA:305,0
DA:310,2
DA:311,0
DA:312,0
DA:313,0
DA:314,0
DA:316,0
DA:317,0
DA:319,0
DA:320,0
DA:322,0
DA:323,0
DA:325,0
DA:326,0
DA:328,0
DA:329,0
DA:334,2
DA:335,0
DA:337,2
DA:338,0
DA:340,2
DA:341,0
DA:344,2
DA:348,0
DA:349,0
DA:350,0
DA:351,0
DA:352,0
DA:354,0
DA:356,0
DA:357,0
DA:360,0
DA:363,2
DA:364,2
DA:369,2
DA:370,0
DA:372,2
DA:373,2
DA:375,2
DA:379,2
DA:380,2
DA:382,2
DA:383,0
DA:385,2
DA:386,2
DA:388,2
DA:392,2
DA:393,5
DA:394,5
DA:395,5
DA:399,0
DA:400,0
DA:402,5
DA:405,2
DA:406,2
DA:407,2
DA:408,2
DA:409,2
DA:410,2
DA:411,2
DA:412,2
DA:414,2
DA:415,2
DA:416,2
DA:417,2
DA:419,2
DA:420,0
DA:421,0
DA:422,0
DA:424,0
DA:425,0
DA:426,0
DA:427,0
DA:429,2
DA:430,2
DA:431,2
DA:432,4
DA:433,4
DA:434,4
DA:435,4
DA:437,4
DA:438,4
DA:439,4
DA:442,2
DA:444,0
DA:446,2
DA:448,2
DA:449,7
DA:450,7
DA:451,7
DA:452,7
DA:455,0
DA:456,0
DA:458,0
DA:459,0
DA:461,0
DA:462,0
DA:464,0
DA:465,0
DA:467,7
DA:468,3
DA:469,3
DA:470,3
DA:473,4
DA:474,4
DA:475,4
DA:480,2
DA:481,3
DA:482,3
DA:483,0
DA:487,3
DA:488,3
DA:489,0
DA:491,3
DA:496,3
DA:497,0
DA:499,3
DA:501,3
DA:502,0
DA:503,0
DA:504,0
DA:506,3
DA:507,0
DA:508,0
DA:509,0
DA:512,3
DA:513,3
DA:514,1
DA:515,0
DA:516,0
DA:517,0
DA:520,3
DA:521,2
DA:522,0
DA:523,0
DA:524,0
DA:528,3
DA:529,1
DA:530,1
DA:533,2
DA:534,2
DA:536,3
DA:537,3
DA:538,3
DA:539,3
DA:542,2
DA:543,0
DA:545,0
DA:546,0
DA:547,0
DA:548,0
DA:549,0
DA:550,0
DA:553,0
DA:554,0
DA:555,0
DA:556,0
DA:557,0
DA:558,0
DA:561,0
DA:562,0
DA:563,0
DA:567,0
DA:572,0
DA:573,0
DA:574,0
DA:578,0
DA:584,0
DA:585,0
DA:586,0
DA:587,0
DA:589,0
DA:591,0
DA:593,0
DA:594,0
DA:599,0
DA:600,0
DA:602,0
DA:603,0
DA:607,0
DA:610,0
DA:611,0
DA:616,0
DA:617,0
DA:621,0
DA:623,0
DA:624,0
DA:625,0
DA:626,0
DA:629,0
DA:630,0
DA:631,0
DA:636,0
DA:637,0
DA:641,0
DA:644,0
DA:645,0
DA:650,0
DA:651,0
DA:655,0
DA:657,0
DA:658,0
DA:659,0
DA:660,0
DA:662,0
DA:666,0
DA:667,0
DA:668,0
DA:669,0
DA:670,0
DA:671,0
DA:675,0
DA:679,0
DA:680,0
DA:682,0
DA:687,0
DA:688,0
DA:689,0
DA:690,0
DA:691,0
DA:693,0
DA:697,0
DA:698,0
DA:700,0
DA:705,0
DA:706,0
DA:708,2
DA:710,2
LF:419
LH:175
BRDA:2,0,0,2
BRDA:2,0,1,2
BRDA:2,0,2,2
BRDA:4,1,0,2
BRDA:4,1,1,0
BRDA:4,1,2,0
BRDA:4,1,3,0
BRDA:6,2,0,0
BRDA:6,2,1,0
BRDA:10,3,0,0
BRDA:10,3,1,2
BRDA:10,4,0,2
BRDA:10,4,1,0
BRDA:14,5,0,0
BRDA:14,5,1,2
BRDA:17,6,0,2
BRDA:17,6,1,2
BRDA:17,6,2,2
BRDA:18,7,0,0
BRDA:18,7,1,0
BRDA:19,8,0,0
BRDA:19,8,1,0
BRDA:22,9,0,0
BRDA:22,9,1,0
BRDA:23,10,0,0
BRDA:23,10,1,0
BRDA:26,11,0,2
BRDA:26,11,1,2
BRDA:26,11,2,2
BRDA:27,12,0,0
BRDA:27,12,1,0
BRDA:28,13,0,0
BRDA:28,13,1,0
BRDA:31,14,0,0
BRDA:31,14,1,0
BRDA:33,15,0,0
BRDA:33,15,1,0
BRDA:33,16,0,0
BRDA:33,16,1,0
BRDA:33,16,2,0
BRDA:33,17,0,0
BRDA:33,17,1,0
BRDA:33,18,0,0
BRDA:33,18,1,0
BRDA:33,19,0,0
BRDA:33,19,1,0
BRDA:33,20,0,0
BRDA:33,20,1,0
BRDA:34,21,0,0
BRDA:34,21,1,0
BRDA:35,22,0,0
BRDA:35,22,1,0
BRDA:35,22,2,0
BRDA:35,22,3,0
BRDA:35,22,4,0
BRDA:35,22,5,0
BRDA:41,23,0,0
BRDA:41,23,1,0
BRDA:41,24,0,0
BRDA:41,24,1,0
BRDA:41,24,2,0
BRDA:41,25,0,0
BRDA:41,25,1,0
BRDA:42,26,0,0
BRDA:42,26,1,0
BRDA:42,27,0,0
BRDA:42,27,1,0
BRDA:42,27,2,0
BRDA:42,27,3,0
BRDA:43,28,0,0
BRDA:43,28,1,0
BRDA:43,29,0,0
BRDA:43,29,1,0
BRDA:44,30,0,0
BRDA:44,30,1,0
BRDA:44,31,0,0
BRDA:44,31,1,0
BRDA:45,32,0,0
BRDA:45,32,1,0
BRDA:50,33,0,0
BRDA:50,33,1,0
BRDA:50,34,0,0
BRDA:50,34,1,0
BRDA:59,35,0,2
BRDA:59,35,1,2
BRDA:117,36,0,0
BRDA:117,36,1,24
BRDA:126,37,0,2
BRDA:126,37,1,1
BRDA:130,38,0,2
BRDA:130,38,1,1
BRDA:134,39,0,2
BRDA:134,39,1,1
BRDA:140,40,0,0
BRDA:140,40,1,3
BRDA:144,41,0,0
BRDA:144,41,1,3
BRDA:148,42,0,0
BRDA:148,42,1,3
BRDA:148,43,0,3
BRDA:148,43,1,0
BRDA:152,44,0,0
BRDA:152,44,1,3
BRDA:152,45,0,3
BRDA:152,45,1,3
BRDA:156,46,0,0
BRDA:156,46,1,3
BRDA:156,47,0,3
BRDA:156,47,1,3
BRDA:160,48,0,0
BRDA:160,48,1,3
BRDA:160,49,0,3
BRDA:160,49,1,0
BRDA:164,50,0,0
BRDA:164,50,1,3
BRDA:164,51,0,3
BRDA:164,51,1,3
BRDA:168,52,0,2
BRDA:168,52,1,1
BRDA:171,53,0,2
BRDA:171,53,1,1
BRDA:188,54,0,0
BRDA:188,54,1,10
BRDA:196,55,0,0
BRDA:196,55,1,10
BRDA:207,56,0,18
BRDA:207,56,1,0
BRDA:211,57,0,0
BRDA:211,57,1,0
BRDA:211,57,2,0
BRDA:211,57,3,0
BRDA:211,57,4,0
BRDA:211,57,5,0
BRDA:211,57,6,0
BRDA:211,57,7,0
BRDA:211,57,8,0
BRDA:211,57,9,0
BRDA:211,57,10,0
BRDA:211,57,11,0
BRDA:211,57,12,0
BRDA:271,58,0,0
BRDA:271,58,1,0
BRDA:271,58,2,0
BRDA:271,58,3,0
BRDA:271,58,4,0
BRDA:271,58,5,0
BRDA:295,59,0,0
BRDA:295,59,1,0
BRDA:295,59,2,0
BRDA:295,59,3,0
BRDA:313,60,0,0
BRDA:313,60,1,0
BRDA:313,60,2,0
BRDA:313,60,3,0
BRDA:313,60,4,0
BRDA:313,60,5,0
BRDA:351,61,0,0
BRDA:351,61,1,0
BRDA:354,62,0,0
BRDA:354,62,1,0
BRDA:369,63,0,0
BRDA:369,63,1,2
BRDA:372,64,0,2
BRDA:372,64,1,0
BRDA:382,65,0,0
BRDA:382,65,1,2
BRDA:385,66,0,2
BRDA:385,66,1,0
BRDA:393,67,0,5
BRDA:393,67,1,0
BRDA:409,68,0,2
BRDA:409,68,1,0
BRDA:412,69,0,2
BRDA:412,69,1,0
BRDA:419,70,0,0
BRDA:419,70,1,2
BRDA:422,71,0,0
BRDA:422,71,1,0
BRDA:434,72,0,4
BRDA:434,72,1,0
BRDA:442,73,0,0
BRDA:442,73,1,2
BRDA:449,74,0,7
BRDA:449,74,1,0
BRDA:451,75,0,7
BRDA:451,75,1,0
BRDA:455,76,0,0
BRDA:455,76,1,0
BRDA:458,77,0,0
BRDA:458,77,1,0
BRDA:461,78,0,0
BRDA:461,78,1,0
BRDA:464,79,0,0
BRDA:464,79,1,0
BRDA:467,80,0,3
BRDA:467,80,1,4
BRDA:482,81,0,0
BRDA:482,81,1,3
BRDA:488,82,0,0
BRDA:488,82,1,3
BRDA:496,83,0,0
BRDA:496,83,1,3
BRDA:501,84,0,0
BRDA:501,84,1,3
BRDA:506,85,0,0
BRDA:506,85,1,3
BRDA:512,86,0,3
BRDA:512,86,1,0
BRDA:513,87,0,1
BRDA:513,87,1,2
BRDA:514,88,0,0
BRDA:514,88,1,1
BRDA:520,89,0,2
BRDA:520,89,1,1
BRDA:521,90,0,0
BRDA:521,90,1,2
BRDA:528,91,0,1
BRDA:528,91,1,2
BRDA:536,92,0,3
BRDA:536,92,1,0
BRDA:562,93,0,0
BRDA:562,93,1,0
BRDA:573,94,0,0
BRDA:573,94,1,0
BRDA:584,95,0,0
BRDA:584,95,1,0
BRDA:586,96,0,0
BRDA:586,96,1,0
BRDA:587,97,0,0
BRDA:587,97,1,0
BRDA:587,98,0,0
BRDA:587,98,1,0
BRDA:589,99,0,0
BRDA:589,99,1,0
BRDA:591,100,0,0
BRDA:591,100,1,0
BRDA:593,101,0,0
BRDA:593,101,1,0
BRDA:593,102,0,0
BRDA:593,102,1,0
BRDA:594,103,0,0
BRDA:594,103,1,0
BRDA:599,104,0,0
BRDA:599,104,1,0
BRDA:599,105,0,0
BRDA:599,105,1,0
BRDA:602,106,0,0
BRDA:602,106,1,0
BRDA:602,107,0,0
BRDA:602,107,1,0
BRDA:610,108,0,0
BRDA:610,108,1,0
BRDA:611,109,0,0
BRDA:611,109,1,0
BRDA:616,110,0,0
BRDA:616,110,1,0
BRDA:629,111,0,0
BRDA:629,111,1,0
BRDA:629,112,0,0
BRDA:629,112,1,0
BRDA:630,113,0,0
BRDA:630,113,1,0
BRDA:631,114,0,0
BRDA:631,114,1,0
BRDA:636,115,0,0
BRDA:636,115,1,0
BRDA:644,116,0,0
BRDA:644,116,1,0
BRDA:645,117,0,0
BRDA:645,117,1,0
BRDA:650,118,0,0
BRDA:650,118,1,0
BRDA:666,119,0,0
BRDA:666,119,1,0
BRDA:669,120,0,0
BRDA:669,120,1,0
BRDA:669,121,0,0
BRDA:669,121,1,0
BRDA:671,122,0,0
BRDA:671,122,1,0
BRDA:671,123,0,0
BRDA:671,123,1,0
BRDA:671,123,2,0
BRDA:671,123,3,0
BRDA:671,123,4,0
BRDA:680,124,0,0
BRDA:680,124,1,0
BRDA:680,125,0,0
BRDA:680,125,1,0
BRDA:680,125,2,0
BRDA:689,126,0,0
BRDA:689,126,1,0
BRDA:689,127,0,0
BRDA:689,127,1,0
BRDA:691,128,0,0
BRDA:691,128,1,0
BRDA:691,129,0,0
BRDA:691,129,1,0
BRDA:691,129,2,0
BRDA:698,130,0,0
BRDA:698,130,1,0
BRDA:698,131,0,0
BRDA:698,131,1,0
BRF:303
BRH:73
end_of_record
TN:
SF:src\plugins\sliderMetaLamp\mvc\view\view.ts
FN:2,(anonymous_0)
FN:3,(anonymous_1)
FN:5,(anonymous_2)
FN:6,(anonymous_3)
FN:9,(anonymous_4)
FN:13,__
FN:17,(anonymous_6)
FN:21,(anonymous_7)
FN:34,(anonymous_8)
FN:36,sliderView
FN:38,(anonymous_10)
FN:41,(anonymous_11)
FN:44,(anonymous_12)
FN:47,(anonymous_13)
FN:50,(anonymous_14)
FN:53,(anonymous_15)
FN:57,(anonymous_16)
FN:71,(anonymous_17)
FN:74,(anonymous_18)
FN:77,(anonymous_19)
FN:80,(anonymous_20)
FN:83,(anonymous_21)
FN:90,(anonymous_22)
FN:103,(anonymous_23)
FN:114,(anonymous_24)
FN:189,(anonymous_25)
FN:196,(anonymous_26)
FN:201,(anonymous_27)
FNF:28
FNH:21
FNDA:2,(anonymous_0)
FNDA:2,(anonymous_1)
FNDA:0,(anonymous_2)
FNDA:0,(anonymous_3)
FNDA:2,(anonymous_4)
FNDA:2,__
FNDA:4,(anonymous_6)
FNDA:0,(anonymous_7)
FNDA:2,(anonymous_8)
FNDA:2,sliderView
FNDA:3,(anonymous_10)
FNDA:4,(anonymous_11)
FNDA:3,(anonymous_12)
FNDA:4,(anonymous_13)
FNDA:2,(anonymous_14)
FNDA:5,(anonymous_15)
FNDA:2,(anonymous_16)
FNDA:0,(anonymous_17)
FNDA:0,(anonymous_18)
FNDA:0,(anonymous_19)
FNDA:0,(anonymous_20)
FNDA:3,(anonymous_21)
FNDA:3,(anonymous_22)
FNDA:2,(anonymous_23)
FNDA:2,(anonymous_24)
FNDA:2,(anonymous_25)
FNDA:2,(anonymous_26)
FNDA:2,(anonymous_27)
DA:2,2
DA:3,2
DA:4,2
DA:5,0
DA:6,0
DA:7,2
DA:9,2
DA:10,2
DA:11,0
DA:12,2
DA:13,2
DA:14,2
DA:17,2
DA:18,4
DA:19,4
DA:20,0
DA:22,0
DA:23,0
DA:26,0
DA:28,2
DA:29,2
DA:30,2
DA:31,2
DA:32,2
DA:33,2
DA:34,2
DA:35,2
DA:37,2
DA:38,2
DA:39,3
DA:41,2
DA:42,4
DA:44,2
DA:45,3
DA:47,2
DA:48,4
DA:50,2
DA:51,2
DA:53,2
DA:54,5
DA:57,2
DA:58,2
DA:59,0
DA:60,0
DA:61,0
DA:64,2
DA:65,2
DA:66,2
DA:68,2
DA:69,2
DA:71,2
DA:72,0
DA:74,2
DA:75,0
DA:77,2
DA:78,0
DA:80,2
DA:81,0
DA:83,2
DA:84,3
DA:85,0
DA:87,3
DA:90,2
DA:91,3
DA:92,3
DA:94,0
DA:98,2
DA:99,2
DA:100,2
DA:101,2
DA:103,2
DA:104,2
DA:105,2
DA:106,2
DA:107,2
DA:108,2
DA:109,2
DA:110,2
DA:111,2
DA:112,2
DA:114,2
DA:116,2
DA:117,2
DA:118,2
DA:134,2
DA:135,2
DA:136,0
DA:137,0
DA:138,0
DA:139,0
DA:143,0
DA:145,2
DA:146,2
DA:148,2
DA:150,2
DA:151,2
DA:152,0
DA:154,0
DA:155,0
DA:158,0
DA:159,0
DA:162,0
DA:163,0
DA:166,0
DA:167,0
DA:168,0
DA:170,0
DA:171,0
DA:172,0
DA:174,0
DA:175,0
DA:176,0
DA:180,0
DA:182,2
DA:183,2
DA:185,2
DA:187,2
DA:189,2
DA:190,2
DA:191,2
DA:192,2
DA:193,2
DA:196,2
DA:197,2
DA:198,2
DA:199,2
DA:201,2
DA:202,2
DA:203,2
DA:205,2
DA:207,2
LF:131
LH:93
BRDA:2,0,0,2
BRDA:2,0,1,2
BRDA:2,0,2,2
BRDA:4,1,0,2
BRDA:4,1,1,0
BRDA:4,1,2,0
BRDA:4,1,3,0
BRDA:6,2,0,0
BRDA:6,2,1,0
BRDA:10,3,0,0
BRDA:10,3,1,2
BRDA:10,4,0,2
BRDA:10,4,1,0
BRDA:14,5,0,0
BRDA:14,5,1,2
BRDA:17,6,0,2
BRDA:17,6,1,2
BRDA:17,6,2,2
BRDA:18,7,0,4
BRDA:18,7,1,4
BRDA:18,8,0,4
BRDA:18,8,1,4
BRDA:19,9,0,4
BRDA:19,9,1,0
BRDA:20,10,0,0
BRDA:20,10,1,0
BRDA:20,11,0,0
BRDA:20,11,1,0
BRDA:22,12,0,0
BRDA:22,12,1,0
BRDA:22,13,0,0
BRDA:22,13,1,0
BRDA:23,14,0,0
BRDA:23,14,1,0
BRDA:26,15,0,0
BRDA:26,15,1,0
BRDA:37,16,0,2
BRDA:37,16,1,2
BRDA:58,17,0,0
BRDA:58,17,1,2
BRDA:84,18,0,0
BRDA:84,18,1,3
BRDA:91,19,0,3
BRDA:91,19,1,0
BRDA:138,20,0,0
BRDA:138,20,1,0
BRDA:146,21,0,0
BRDA:146,21,1,2
BRDA:146,22,0,2
BRDA:146,22,1,2
BRDA:146,22,2,0
BRDA:148,23,0,0
BRDA:148,23,1,2
BRDA:154,24,0,0
BRDA:154,24,1,0
BRDA:158,25,0,0
BRDA:158,25,1,0
BRDA:162,26,0,0
BRDA:162,26,1,0
BRDA:166,27,0,0
BRDA:166,27,1,0
BRDA:170,28,0,0
BRDA:170,28,1,0
BRDA:174,29,0,0
BRDA:174,29,1,0
BRDA:183,30,0,0
BRDA:183,30,1,2
BRDA:183,31,0,2
BRDA:183,31,1,2
BRDA:183,31,2,0
BRDA:185,32,0,0
BRDA:185,32,1,2
BRF:72
BRH:28
end_of_record
TN:
SF:src\plugins\sliderMetaLamp\mvc\view\view-bar\view-bar.ts
FN:4,(anonymous_0)
FN:5,sliderViewBar
FN:10,(anonymous_2)
FN:15,(anonymous_3)
FN:23,(anonymous_4)
FN:28,(anonymous_5)
FN:34,(anonymous_6)
FNF:7
FNH:7
FNDA:2,(anonymous_0)
FNDA:2,sliderViewBar
FNDA:2,(anonymous_2)
FNDA:2,(anonymous_3)
FNDA:2,(anonymous_4)
FNDA:2,(anonymous_5)
FNDA:5,(anonymous_6)
DA:2,2
DA:3,2
DA:4,2
DA:6,2
DA:7,2
DA:10,2
DA:11,2
DA:12,2
DA:15,2
DA:16,2
DA:17,2
DA:18,2
DA:19,2
DA:20,2
DA:23,2
DA:24,2
DA:25,2
DA:28,2
DA:29,2
DA:30,2
DA:31,2
DA:34,2
DA:35,5
DA:36,5
DA:37,5
DA:38,5
DA:39,5
DA:40,5
DA:43,0
DA:44,0
DA:45,0
DA:46,0
DA:49,2
DA:51,2
LF:34
LH:30
BRDA:25,0,0,0
BRDA:25,0,1,2
BRDA:31,1,0,2
BRDA:31,1,1,0
BRDA:36,2,0,5
BRDA:36,2,1,0
BRF:6
BRH:3
end_of_record
TN:
SF:src\plugins\sliderMetaLamp\mvc\view\view-control\view-control.ts
FN:2,(anonymous_0)
FN:3,(anonymous_1)
FN:5,(anonymous_2)
FN:6,(anonymous_3)
FN:9,(anonymous_4)
FN:13,__
FN:17,(anonymous_6)
FN:33,(anonymous_7)
FN:38,(anonymous_8)
FN:42,(anonymous_9)
FN:52,(anonymous_10)
FN:54,sliderViewControl
FN:56,(anonymous_12)
FN:74,(anonymous_13)
FN:82,(anonymous_14)
FN:94,(anonymous_15)
FN:104,(anonymous_16)
FN:109,(anonymous_17)
FN:118,(anonymous_18)
FN:120,(anonymous_19)
FN:134,(anonymous_20)
FN:139,(anonymous_21)
FN:155,(anonymous_22)
FN:156,(anonymous_23)
FN:159,(anonymous_24)
FN:161,(anonymous_25)
FN:169,(anonymous_26)
FN:182,(anonymous_27)
FN:184,(anonymous_28)
FN:205,(anonymous_29)
FN:207,(anonymous_30)
FN:216,(anonymous_31)
FN:261,(anonymous_32)
FN:268,(anonymous_33)
FN:297,(anonymous_34)
FN:301,(anonymous_35)
FN:327,(anonymous_36)
FN:341,(anonymous_37)
FNF:38
FNH:31
FNDA:2,(anonymous_0)
FNDA:2,(anonymous_1)
FNDA:0,(anonymous_2)
FNDA:0,(anonymous_3)
FNDA:2,(anonymous_4)
FNDA:2,__
FNDA:2,(anonymous_6)
FNDA:2,(anonymous_7)
FNDA:2,(anonymous_8)
FNDA:0,(anonymous_9)
FNDA:2,(anonymous_10)
FNDA:2,sliderViewControl
FNDA:9,(anonymous_12)
FNDA:2,(anonymous_13)
FNDA:4,(anonymous_14)
FNDA:2,(anonymous_15)
FNDA:2,(anonymous_16)
FNDA:2,(anonymous_17)
FNDA:2,(anonymous_18)
FNDA:2,(anonymous_19)
FNDA:1,(anonymous_20)
FNDA:0,(anonymous_21)
FNDA:0,(anonymous_22)
FNDA:0,(anonymous_23)
FNDA:2,(anonymous_24)
FNDA:1,(anonymous_25)
FNDA:1,(anonymous_26)
FNDA:2,(anonymous_27)
FNDA:0,(anonymous_28)
FNDA:2,(anonymous_29)
FNDA:2,(anonymous_30)
FNDA:5,(anonymous_31)
FNDA:7,(anonymous_32)
FNDA:7,(anonymous_33)
FNDA:7,(anonymous_34)
FNDA:2,(anonymous_35)
FNDA:2,(anonymous_36)
FNDA:2,(anonymous_37)
DA:2,2
DA:3,2
DA:4,2
DA:5,0
DA:6,0
DA:7,2
DA:9,2
DA:10,2
DA:11,0
DA:12,2
DA:13,2
DA:14,2
DA:17,2
DA:18,2
DA:19,2
DA:20,2
DA:21,2
DA:22,6
DA:24,0
DA:26,2
DA:27,2
DA:29,2
DA:31,2
DA:33,2
DA:34,2
DA:35,6
DA:36,2
DA:38,2
DA:39,2
DA:40,2
DA:41,0
DA:43,0
DA:44,0
DA:47,0
DA:49,2
DA:50,2
DA:51,2
DA:52,2
DA:53,2
DA:55,2
DA:56,2
DA:57,9
DA:59,2
DA:60,2
DA:61,2
DA:62,2
DA:63,2
DA:64,2
DA:65,2
DA:66,2
DA:67,2
DA:68,2
DA:69,2
DA:74,2
DA:75,2
DA:76,2
DA:77,2
DA:78,2
DA:80,2
DA:82,2
DA:83,4
DA:84,4
DA:85,4
DA:86,4
DA:87,4
DA:88,4
DA:89,4
DA:90,4
DA:91,4
DA:94,2
DA:95,2
DA:100,2
DA:101,2
DA:104,2
DA:105,2
DA:106,2
DA:107,2
DA:109,2
DA:110,2
DA:111,2
DA:112,2
DA:113,2
DA:114,2
DA:115,2
DA:118,2
DA:119,2
DA:120,2
DA:121,2
DA:122,2
DA:123,2
DA:124,2
DA:125,2
DA:127,1
DA:129,1
DA:130,1
DA:133,1
DA:134,1
DA:135,1
DA:136,1
DA:137,1
DA:139,1
DA:140,0
DA:141,0
DA:143,0
DA:149,1
DA:150,1
DA:151,1
DA:154,2
DA:155,2
DA:156,2
DA:159,2
DA:160,2
DA:161,2
DA:162,1
DA:163,1
DA:164,1
DA:165,1
DA:167,1
DA:168,1
DA:169,1
DA:170,1
DA:172,1
DA:174,1
DA:176,1
DA:179,2
DA:182,2
DA:183,2
DA:184,2
DA:185,0
DA:186,0
DA:187,0
DA:188,0
DA:189,0
DA:190,0
DA:191,0
DA:193,0
DA:196,0
DA:197,0
DA:198,0
DA:202,2
DA:205,2
DA:206,2
DA:207,2
DA:208,2
DA:209,2
DA:210,2
DA:211,2
DA:216,2
DA:217,5
DA:219,2
DA:220,1
DA:221,1
DA:223,1
DA:224,0
DA:227,0
DA:231,1
DA:234,1
DA:239,1
DA:240,1
DA:242,1
DA:243,1
DA:244,1
DA:245,1
DA:246,1
DA:248,1
DA:249,0
DA:252,1
DA:256,1
DA:259,2
DA:261,2
DA:262,7
DA:263,0
DA:265,7
DA:268,2
DA:269,7
DA:270,2
DA:272,7
DA:273,0
DA:274,0
DA:277,7
DA:278,7
DA:281,7
DA:282,3
DA:286,4
DA:290,7
DA:291,7
DA:297,2
DA:298,7
DA:301,2
DA:303,2
DA:304,2
DA:305,2
DA:306,2
DA:307,8
DA:308,8
DA:309,0
DA:310,0
DA:313,8
DA:314,8
DA:318,0
DA:320,2
DA:321,2
DA:323,2
DA:327,2
DA:328,2
DA:329,2
DA:330,2
DA:331,2
DA:332,2
DA:336,0
DA:337,0
DA:341,2
DA:342,2
DA:343,2
DA:344,2
DA:345,2
DA:346,2
DA:347,0
DA:349,0
DA:354,0
DA:355,0
DA:358,2
DA:360,2
LF:223
LH:186
BRDA:2,0,0,2
BRDA:2,0,1,2
BRDA:2,0,2,2
BRDA:4,1,0,2
BRDA:4,1,1,0
BRDA:4,1,2,0
BRDA:4,1,3,0
BRDA:6,2,0,0
BRDA:6,2,1,0
BRDA:10,3,0,0
BRDA:10,3,1,2
BRDA:10,4,0,2
BRDA:10,4,1,0
BRDA:14,5,0,0
BRDA:14,5,1,2
BRDA:17,6,0,2
BRDA:17,6,1,2
BRDA:17,6,2,2
BRDA:18,7,0,2
BRDA:18,7,1,2
BRDA:19,8,0,0
BRDA:19,8,1,2
BRDA:22,9,0,8
BRDA:22,9,1,0
BRDA:22,9,2,8
BRDA:27,10,0,0
BRDA:27,10,1,2
BRDA:27,11,0,2
BRDA:27,11,1,2
BRDA:27,11,2,0
BRDA:29,12,0,0
BRDA:29,12,1,2
BRDA:33,13,0,2
BRDA:33,13,1,2
BRDA:33,13,2,2
BRDA:38,14,0,2
BRDA:38,14,1,2
BRDA:38,14,2,2
BRDA:39,15,0,2
BRDA:39,15,1,2
BRDA:39,16,0,2
BRDA:39,16,1,2
BRDA:40,17,0,2
BRDA:40,17,1,0
BRDA:41,18,0,0
BRDA:41,18,1,0
BRDA:41,19,0,0
BRDA:41,19,1,0
BRDA:43,20,0,0
BRDA:43,20,1,0
BRDA:43,21,0,0
BRDA:43,21,1,0
BRDA:44,22,0,0
BRDA:44,22,1,0
BRDA:47,23,0,0
BRDA:47,23,1,0
BRDA:55,24,0,2
BRDA:55,24,1,2
BRDA:57,25,0,3
BRDA:57,25,1,6
BRDA:125,26,0,1
BRDA:125,26,1,1
BRDA:129,27,0,1
BRDA:129,27,1,0
BRDA:165,28,0,1
BRDA:165,28,1,0
BRDA:171,29,0,0
BRDA:171,29,1,1
BRDA:173,30,0,0
BRDA:173,30,1,1
BRDA:187,31,0,0
BRDA:187,31,1,0
BRDA:191,32,0,0
BRDA:191,32,1,0
BRDA:193,33,0,0
BRDA:193,33,1,0
BRDA:219,34,0,1
BRDA:219,34,1,1
BRDA:223,35,0,0
BRDA:223,35,1,1
BRDA:248,36,0,0
BRDA:248,36,1,1
BRDA:252,37,0,1
BRDA:252,37,1,0
BRDA:262,38,0,0
BRDA:262,38,1,7
BRDA:269,39,0,2
BRDA:269,39,1,5
BRDA:272,40,0,0
BRDA:272,40,1,7
BRDA:281,41,0,3
BRDA:281,41,1,4
BRDA:290,42,0,7
BRDA:290,42,1,0
BRDA:292,43,0,7
BRDA:292,43,1,0
BRDA:298,44,0,3
BRDA:298,44,1,4
BRDA:308,45,0,0
BRDA:308,45,1,8
BRDA:321,46,0,0
BRDA:321,46,1,2
BRDA:321,47,0,2
BRDA:321,47,1,2
BRDA:321,47,2,0
BRDA:323,48,0,0
BRDA:323,48,1,2
BRDA:329,49,0,2
BRDA:329,49,1,0
BRDA:331,50,0,2
BRDA:331,50,1,0
BRDA:343,51,0,2
BRDA:343,51,1,0
BRDA:346,52,0,0
BRDA:346,52,1,2
BRF:115
BRH:64
end_of_record
TN:
SF:src\plugins\sliderMetaLamp\mvc\view\view-scale\view-scale.ts
FN:2,(anonymous_0)
FN:18,(anonymous_1)
FN:23,(anonymous_2)
FN:27,(anonymous_3)
FN:36,(anonymous_4)
FN:37,sliderViewScale
FN:43,(anonymous_6)
FN:49,(anonymous_7)
FN:52,(anonymous_8)
FN:129,(anonymous_9)
FN:141,(anonymous_10)
FN:147,(anonymous_11)
FN:148,(anonymous_12)
FN:151,(anonymous_13)
FN:156,(anonymous_14)
FN:165,(anonymous_15)
FN:183,(anonymous_16)
FN:192,(anonymous_17)
FN:254,(anonymous_18)
FNF:19
FNH:11
FNDA:2,(anonymous_0)
FNDA:2,(anonymous_1)
FNDA:4,(anonymous_2)
FNDA:0,(anonymous_3)
FNDA:2,(anonymous_4)
FNDA:2,sliderViewScale
FNDA:2,(anonymous_6)
FNDA:2,(anonymous_7)
FNDA:0,(anonymous_8)
FNDA:0,(anonymous_9)
FNDA:2,(anonymous_10)
FNDA:2,(anonymous_11)
FNDA:2,(anonymous_12)
FNDA:0,(anonymous_13)
FNDA:0,(anonymous_14)
FNDA:0,(anonymous_15)
FNDA:0,(anonymous_16)
FNDA:2,(anonymous_17)
FNDA:0,(anonymous_18)
DA:2,2
DA:3,2
DA:4,2
DA:5,2
DA:6,2
DA:7,6
DA:9,0
DA:11,2
DA:12,2
DA:14,2
DA:16,2
DA:18,2
DA:19,2
DA:20,6
DA:21,2
DA:23,2
DA:24,4
DA:25,4
DA:26,0
DA:28,0
DA:29,0
DA:32,0
DA:34,2
DA:35,2
DA:36,2
DA:38,2
DA:39,2
DA:40,2
DA:43,2
DA:44,2
DA:45,2
DA:46,2
DA:49,2
DA:51,2
DA:52,2
DA:54,0
DA:55,0
DA:57,0
DA:60,0
DA:64,0
DA:65,0
DA:67,2
DA:68,2
DA:69,2
DA:71,2
DA:72,6
DA:73,6
DA:77,0
DA:79,2
DA:80,2
DA:82,2
DA:85,2
DA:87,0
DA:90,2
DA:92,0
DA:93,0
DA:98,0
DA:99,0
DA:101,0
DA:102,0
DA:103,0
DA:107,0
DA:109,0
DA:110,0
DA:112,0
DA:115,0
DA:117,0
DA:120,0
DA:122,0
DA:123,0
DA:129,2
DA:130,0
DA:132,0
DA:133,0
DA:134,0
DA:135,0
DA:136,0
DA:137,0
DA:138,0
DA:141,2
DA:142,2
DA:143,2
DA:144,2
DA:145,2
DA:146,2
DA:147,2
DA:148,2
DA:149,2
DA:150,2
DA:151,2
DA:152,0
DA:153,0
DA:155,0
DA:156,0
DA:157,0
DA:158,0
DA:161,2
DA:163,2
DA:165,2
DA:166,0
DA:167,0
DA:170,0
DA:171,0
DA:172,0
DA:173,0
DA:174,0
DA:176,0
DA:177,0
DA:179,0
DA:183,2
DA:184,0
DA:185,0
DA:186,0
DA:187,0
DA:192,2
DA:194,2
DA:195,2
DA:196,2
DA:198,2
DA:199,0
DA:200,0
DA:201,0
DA:202,0
DA:205,0
DA:207,0
DA:208,0
DA:210,0
DA:213,2
DA:214,2
DA:215,6
DA:216,6
DA:217,6
DA:218,6
DA:219,6
DA:220,6
DA:221,6
DA:222,6
DA:223,0
DA:224,0
DA:225,0
DA:228,6
DA:229,6
DA:230,6
DA:232,6
DA:233,0
DA:235,6
DA:236,6
DA:237,0
DA:240,6
DA:244,0
DA:246,2
DA:247,2
DA:249,2
DA:251,2
DA:252,2
DA:254,2
DA:256,0
DA:257,0
DA:258,0
DA:259,0
DA:260,0
DA:261,0
DA:262,0
DA:265,0
DA:267,0
DA:268,0
DA:270,0
DA:274,0
DA:275,0
DA:276,0
DA:277,0
DA:280,0
DA:282,0
DA:283,0
DA:285,0
DA:289,2
DA:291,2
LF:177
LH:87
BRDA:2,0,0,2
BRDA:2,0,1,2
BRDA:2,0,2,2
BRDA:3,1,0,2
BRDA:3,1,1,2
BRDA:4,2,0,0
BRDA:4,2,1,2
BRDA:7,3,0,8
BRDA:7,3,1,0
BRDA:7,3,2,8
BRDA:12,4,0,0
BRDA:12,4,1,2
BRDA:12,5,0,2
BRDA:12,5,1,2
BRDA:12,5,2,0
BRDA:14,6,0,0
BRDA:14,6,1,2
BRDA:18,7,0,2
BRDA:18,7,1,2
BRDA:18,7,2,2
BRDA:23,8,0,2
BRDA:23,8,1,2
BRDA:23,8,2,2
BRDA:24,9,0,4
BRDA:24,9,1,4
BRDA:24,10,0,4
BRDA:24,10,1,4
BRDA:25,11,0,4
BRDA:25,11,1,0
BRDA:26,12,0,0
BRDA:26,12,1,0
BRDA:26,13,0,0
BRDA:26,13,1,0
BRDA:28,14,0,0
BRDA:28,14,1,0
BRDA:28,15,0,0
BRDA:28,15,1,0
BRDA:29,16,0,0
BRDA:29,16,1,0
BRDA:32,17,0,0
BRDA:32,17,1,0
BRDA:67,18,0,2
BRDA:67,18,1,0
BRDA:80,19,0,0
BRDA:80,19,1,2
BRDA:80,20,0,2
BRDA:80,20,1,2
BRDA:80,20,2,0
BRDA:82,21,0,0
BRDA:82,21,1,2
BRDA:85,22,0,0
BRDA:85,22,1,2
BRDA:90,23,0,0
BRDA:90,23,1,2
BRDA:110,24,0,0
BRDA:110,24,1,0
BRDA:110,25,0,0
BRDA:110,25,1,0
BRDA:110,25,2,0
BRDA:112,26,0,0
BRDA:112,26,1,0
BRDA:115,27,0,0
BRDA:115,27,1,0
BRDA:120,28,0,0
BRDA:120,28,1,0
BRDA:134,29,0,0
BRDA:134,29,1,0
BRDA:149,30,0,2
BRDA:149,30,1,0
BRDA:152,31,0,0
BRDA:152,31,1,0
BRDA:166,32,0,0
BRDA:166,32,1,0
BRDA:172,33,0,0
BRDA:172,33,1,0
BRDA:173,34,0,0
BRDA:173,34,1,0
BRDA:176,35,0,0
BRDA:176,35,1,0
BRDA:185,36,0,0
BRDA:185,36,1,0
BRDA:198,37,0,0
BRDA:198,37,1,2
BRDA:208,38,0,0
BRDA:208,38,1,0
BRDA:208,39,0,0
BRDA:208,39,1,0
BRDA:208,39,2,0
BRDA:210,40,0,0
BRDA:210,40,1,0
BRDA:222,41,0,0
BRDA:222,41,1,6
BRDA:232,42,0,0
BRDA:232,42,1,6
BRDA:236,43,0,0
BRDA:236,43,1,6
BRDA:247,44,0,0
BRDA:247,44,1,2
BRDA:247,45,0,2
BRDA:247,45,1,2
BRDA:247,45,2,0
BRDA:249,46,0,0
BRDA:249,46,1,2
BRDA:258,47,0,0
BRDA:258,47,1,0
BRDA:268,48,0,0
BRDA:268,48,1,0
BRDA:268,49,0,0
BRDA:268,49,1,0
BRDA:268,49,2,0
BRDA:270,50,0,0
BRDA:270,50,1,0
BRDA:283,51,0,0
BRDA:283,51,1,0
BRDA:283,52,0,0
BRDA:283,52,1,0
BRDA:283,52,2,0
BRDA:285,53,0,0
BRDA:285,53,1,0
BRF:119
BRH:39
end_of_record
