TN:
SF:src\plugins\sliderMetaLamp\sliderMetaLamp.ts
FN:5,plugin
FN:6,(anonymous_2)
FNF:2
FNH:2
FNDA:1,plugin
FNDA:1,(anonymous_2)
DA:1,1
DA:2,1
DA:5,1
DA:6,1
DA:7,1
DA:8,1
DA:9,1
DA:16,1
DA:19,1
LF:9
LH:9
BRDA:8,0,0,1
BRF:1
BRH:1
end_of_record
TN:
SF:src\plugins\sliderMetaLamp\mvc\observer.ts
FN:10,(anonymous_0)
FN:14,(anonymous_1)
FN:22,(anonymous_2)
FN:23,(anonymous_3)
FN:27,(anonymous_4)
FNF:5
FNH:5
FNDA:31,(anonymous_0)
FNDA:78,(anonymous_1)
FNDA:28,(anonymous_2)
FNDA:141,(anonymous_3)
FNDA:311,(anonymous_4)
DA:5,6
DA:11,31
DA:15,78
DA:16,77
DA:17,77
DA:19,1
DA:23,141
DA:24,28
DA:28,311
DA:29,533
DA:34,6
LF:11
LH:11
BRDA:15,0,0,77
BRDA:15,0,1,1
BRDA:27,1,0,111
BRF:3
BRH:3
end_of_record
TN:
SF:src\plugins\sliderMetaLamp\mvc\utils.ts
FN:23,(anonymous_0)
FN:24,(anonymous_1)
FN:25,(anonymous_2)
FNF:3
FNH:3
FNDA:6,(anonymous_0)
FNDA:28,(anonymous_1)
FNDA:34,(anonymous_2)
DA:7,6
DA:23,6
DA:24,28
DA:25,34
DA:28,6
LF:5
LH:5
BRF:0
BRH:0
end_of_record
TN:
SF:src\plugins\sliderMetaLamp\mvc\controller\controller.ts
FN:206,(anonymous_0)
FN:206,(anonymous_1)
FN:10,(anonymous_2)
FN:101,(anonymous_3)
FN:107,(anonymous_4)
FN:114,(anonymous_5)
FN:121,(anonymous_6)
FN:128,(anonymous_7)
FN:135,(anonymous_8)
FN:142,(anonymous_9)
FN:149,(anonymous_10)
FN:156,(anonymous_11)
FN:163,(anonymous_12)
FN:171,(anonymous_13)
FN:179,(anonymous_14)
FN:195,(anonymous_15)
FN:19,(anonymous_16)
FN:25,(anonymous_17)
FN:31,(anonymous_18)
FN:39,(anonymous_19)
FN:47,(anonymous_20)
FN:55,(anonymous_21)
FN:63,(anonymous_22)
FN:81,(anonymous_23)
FNF:24
FNH:24
FNDA:1,(anonymous_0)
FNDA:1,(anonymous_1)
FNDA:3,(anonymous_2)
FNDA:47,(anonymous_3)
FNDA:47,(anonymous_4)
FNDA:47,(anonymous_5)
FNDA:47,(anonymous_6)
FNDA:47,(anonymous_7)
FNDA:47,(anonymous_8)
FNDA:47,(anonymous_9)
FNDA:47,(anonymous_10)
FNDA:47,(anonymous_11)
FNDA:47,(anonymous_12)
FNDA:47,(anonymous_13)
FNDA:4,(anonymous_14)
FNDA:4,(anonymous_15)
FNDA:2,(anonymous_16)
FNDA:2,(anonymous_17)
FNDA:2,(anonymous_18)
FNDA:2,(anonymous_19)
FNDA:2,(anonymous_20)
FNDA:3,(anonymous_21)
FNDA:5,(anonymous_22)
FNDA:2,(anonymous_23)
DA:2,3
DA:3,3
DA:4,3
DA:11,3
DA:12,3
DA:13,3
DA:14,3
DA:15,3
DA:16,3
DA:20,2
DA:21,2
DA:26,2
DA:27,2
DA:32,2
DA:33,2
DA:34,2
DA:35,2
DA:40,2
DA:41,2
DA:42,2
DA:44,2
DA:48,2
DA:49,2
DA:50,2
DA:51,2
DA:56,3
DA:57,3
DA:58,3
DA:59,3
DA:64,5
DA:65,5
DA:66,5
DA:67,5
DA:68,5
DA:69,5
DA:70,5
DA:71,5
DA:72,5
DA:73,5
DA:74,5
DA:75,5
DA:76,5
DA:77,5
DA:82,2
DA:83,2
DA:84,2
DA:85,2
DA:86,2
DA:87,2
DA:88,2
DA:89,2
DA:90,2
DA:91,2
DA:92,2
DA:93,2
DA:94,2
DA:95,2
DA:100,3
DA:102,47
DA:103,6
DA:104,6
DA:107,3
DA:108,47
DA:109,9
DA:110,9
DA:114,3
DA:115,47
DA:116,7
DA:117,7
DA:121,3
DA:122,47
DA:123,9
DA:124,9
DA:128,3
DA:129,47
DA:130,5
DA:131,5
DA:135,3
DA:136,47
DA:137,9
DA:138,9
DA:142,3
DA:143,47
DA:144,0
DA:145,0
DA:149,3
DA:150,47
DA:151,0
DA:152,0
DA:156,3
DA:157,47
DA:158,0
DA:159,0
DA:163,3
DA:164,47
DA:165,0
DA:166,0
DA:171,3
DA:172,47
DA:173,0
DA:174,0
DA:179,3
DA:180,4
DA:181,3
DA:182,3
DA:195,3
DA:196,4
DA:197,1
DA:198,1
DA:206,4
LF:110
LH:100
BRDA:102,0,0,41
BRDA:103,1,0,6
BRDA:108,2,0,38
BRDA:109,3,0,9
BRDA:115,4,0,40
BRDA:116,5,0,7
BRDA:122,6,0,38
BRDA:123,7,0,9
BRDA:129,8,0,42
BRDA:130,9,0,5
BRDA:136,10,0,38
BRDA:137,11,0,9
BRDA:143,12,0,47
BRDA:144,13,0,0
BRDA:150,14,0,47
BRDA:151,15,0,0
BRDA:157,16,0,47
BRDA:158,17,0,0
BRDA:164,18,0,47
BRDA:165,19,0,0
BRDA:172,20,0,47
BRDA:173,21,0,0
BRDA:180,22,0,1
BRDA:181,23,0,3
BRDA:196,24,0,3
BRDA:197,25,0,1
BRDA:20,26,0,2
BRDA:26,27,0,2
BRDA:32,28,0,2
BRDA:40,29,0,2
BRDA:40,30,0,2
BRDA:40,30,1,2
BRDA:48,31,0,2
BRDA:56,32,0,3
BRDA:56,33,0,3
BRDA:56,33,1,3
BRDA:64,34,0,5
BRDA:64,35,0,5
BRDA:64,35,1,5
BRDA:82,36,0,2
BRDA:82,37,0,2
BRDA:82,37,1,2
BRF:42
BRH:37
end_of_record
TN:
SF:src\plugins\sliderMetaLamp\mvc\model\model.ts
FN:23,(anonymous_7)
FN:70,(anonymous_8)
FN:79,(anonymous_9)
FN:92,(anonymous_10)
FN:97,(anonymous_11)
FN:181,(anonymous_12)
FN:183,(anonymous_13)
FN:193,(anonymous_14)
FN:202,(anonymous_15)
FN:212,(anonymous_16)
FN:319,(anonymous_17)
FN:343,(anonymous_18)
FN:370,(anonymous_19)
FN:383,(anonymous_21)
FN:470,(anonymous_22)
FN:502,(anonymous_23)
FN:585,(anonymous_24)
FN:593,(anonymous_26)
FN:601,(anonymous_28)
FN:611,(anonymous_30)
FN:615,(anonymous_31)
FN:619,(anonymous_32)
FN:623,(anonymous_33)
FN:642,(anonymous_34)
FN:659,(anonymous_35)
FN:674,(anonymous_36)
FN:688,(anonymous_37)
FN:736,(anonymous_38)
FNF:28
FNH:28
FNDA:18,(anonymous_7)
FNDA:18,(anonymous_8)
FNDA:18,(anonymous_9)
FNDA:2,(anonymous_10)
FNDA:15,(anonymous_11)
FNDA:21,(anonymous_12)
FNDA:2,(anonymous_13)
FNDA:2,(anonymous_14)
FNDA:5,(anonymous_15)
FNDA:5,(anonymous_16)
FNDA:25,(anonymous_17)
FNDA:47,(anonymous_18)
FNDA:64,(anonymous_19)
FNDA:384,(anonymous_21)
FNDA:46,(anonymous_22)
FNDA:46,(anonymous_23)
FNDA:1,(anonymous_24)
FNDA:5,(anonymous_26)
FNDA:8,(anonymous_28)
FNDA:1,(anonymous_30)
FNDA:1,(anonymous_31)
FNDA:1,(anonymous_32)
FNDA:14,(anonymous_33)
FNDA:38,(anonymous_34)
FNDA:42,(anonymous_35)
FNDA:66,(anonymous_36)
FNDA:29,(anonymous_37)
FNDA:84,(anonymous_38)
DA:8,4
DA:9,4
DA:24,18
DA:26,18
DA:29,18
DA:55,18
DA:67,18
DA:68,18
DA:71,18
DA:73,18
DA:76,18
DA:80,18
DA:81,18
DA:82,18
DA:83,18
DA:84,18
DA:85,18
DA:86,18
DA:87,18
DA:88,18
DA:93,2
DA:107,15
DA:108,15
DA:109,0
DA:113,15
DA:114,15
DA:115,1
DA:118,15
DA:124,15
DA:125,6
DA:128,15
DA:130,15
DA:131,1
DA:132,1
DA:133,1
DA:135,14
DA:136,2
DA:137,2
DA:138,2
DA:142,12
DA:143,12
DA:144,5
DA:145,2
DA:146,2
DA:147,2
DA:150,10
DA:151,7
DA:152,2
DA:153,2
DA:154,2
DA:159,8
DA:160,3
DA:161,3
DA:163,5
DA:164,5
DA:166,8
DA:167,8
DA:169,8
DA:170,8
DA:171,8
DA:174,8
DA:183,21
DA:184,2
DA:185,2
DA:186,2
DA:187,2
DA:188,2
DA:190,2
DA:193,21
DA:194,2
DA:195,2
DA:196,2
DA:197,2
DA:198,2
DA:199,2
DA:202,21
DA:203,5
DA:204,2
DA:207,3
DA:212,21
DA:213,5
DA:214,2
DA:217,3
DA:226,21
DA:227,11
DA:228,11
DA:229,5
DA:231,1
DA:233,1
DA:235,1
DA:237,1
DA:240,1
DA:241,0
DA:246,0
DA:247,0
DA:249,0
DA:250,0
DA:253,1
DA:254,1
DA:256,1
DA:257,0
DA:261,4
DA:262,2
DA:267,2
DA:268,0
DA:271,2
DA:275,5
DA:276,5
DA:277,5
DA:278,5
DA:279,5
DA:282,6
DA:283,4
DA:285,2
DA:290,2
DA:291,0
DA:293,2
DA:295,2
DA:296,0
DA:301,0
DA:302,0
DA:304,2
DA:306,6
DA:307,6
DA:308,6
DA:309,6
DA:310,6
DA:312,11
DA:317,10
DA:318,5
DA:319,25
DA:320,5
DA:321,1
DA:322,1
DA:323,1
DA:327,0
DA:329,1
DA:331,4
DA:332,4
DA:334,2
DA:336,2
DA:338,0
DA:342,5
DA:343,47
DA:344,5
DA:345,4
DA:346,4
DA:347,2
DA:349,2
DA:351,0
DA:353,1
DA:354,1
DA:355,1
DA:357,0
DA:359,1
DA:363,17
DA:364,17
DA:365,17
DA:367,17
DA:374,64
DA:376,512
DA:377,512
DA:378,512
DA:380,512
DA:383,64
DA:384,384
DA:385,384
DA:386,251
DA:388,384
DA:391,64
DA:392,64
DA:393,64
DA:394,64
DA:395,64
DA:396,64
DA:397,64
DA:398,64
DA:400,64
DA:401,64
DA:402,64
DA:403,64
DA:404,64
DA:405,64
DA:408,64
DA:409,0
DA:413,64
DA:414,3
DA:418,64
DA:419,3
DA:423,64
DA:424,17
DA:425,17
DA:426,17
DA:429,64
DA:430,1
DA:434,64
DA:435,6
DA:438,64
DA:439,0
DA:443,64
DA:444,0
DA:447,64
DA:448,0
DA:452,64
DA:453,0
DA:456,64
DA:457,0
DA:461,64
DA:462,3
DA:464,64
DA:465,22
DA:467,64
DA:472,46
DA:474,46
DA:477,46
DA:478,46
DA:481,46
DA:482,460
DA:483,51
DA:484,51
DA:487,46
DA:488,46
DA:491,46
DA:492,460
DA:493,51
DA:496,46
DA:498,46
DA:504,46
DA:505,1138
DA:506,1096
DA:508,42
DA:510,4
DA:511,4
DA:512,4
DA:513,4
DA:514,4
DA:515,4
DA:517,4
DA:518,4
DA:519,4
DA:520,4
DA:521,4
DA:522,4
DA:524,5
DA:525,5
DA:526,5
DA:528,9
DA:529,9
DA:530,9
DA:532,4
DA:533,4
DA:534,4
DA:536,3
DA:537,3
DA:538,3
DA:540,2
DA:541,2
DA:543,1
DA:544,1
DA:546,5
DA:547,5
DA:549,1
DA:550,1
DA:552,1
DA:553,1
DA:555,1
DA:556,1
DA:558,1
DA:559,1
DA:561,0
DA:562,0
DA:563,0
DA:565,0
DA:567,0
DA:568,0
DA:569,0
DA:571,0
DA:573,0
DA:574,0
DA:575,0
DA:577,0
DA:581,46
DA:586,1
DA:587,1
DA:588,1
DA:589,1
DA:590,1
DA:594,5
DA:595,5
DA:596,5
DA:597,5
DA:602,8
DA:603,8
DA:604,8
DA:605,8
DA:606,8
DA:608,8
DA:612,1
DA:616,1
DA:620,1
DA:627,14
DA:628,14
DA:629,76
DA:630,76
DA:631,73
DA:633,76
DA:635,14
DA:636,14
DA:639,14
DA:643,38
DA:649,38
DA:650,4
DA:652,38
DA:653,33
DA:655,38
DA:660,42
DA:662,42
DA:663,4
DA:665,42
DA:666,36
DA:668,42
DA:675,66
DA:676,62
DA:677,62
DA:680,4
DA:681,4
DA:683,66
DA:689,29
DA:690,29
DA:691,29
DA:692,29
DA:693,26
DA:694,26
DA:695,26
DA:697,26
DA:698,26
DA:699,26
DA:700,26
DA:703,29
DA:704,3
DA:705,3
DA:706,3
DA:708,3
DA:709,3
DA:710,3
DA:711,3
DA:714,29
DA:715,29
DA:717,29
DA:718,266
DA:719,266
DA:720,266
DA:721,264
DA:724,264
DA:725,264
DA:726,264
DA:729,29
DA:731,2
DA:733,29
DA:739,84
DA:740,84
DA:741,84
DA:742,77
DA:745,7
DA:746,1
DA:747,6
DA:748,2
DA:750,4
DA:751,2
DA:753,2
DA:754,2
DA:756,84
DA:757,40
DA:758,40
DA:759,40
DA:761,44
DA:762,44
DA:763,44
DA:769,4
LF:379
LH:345
BRDA:87,0,0,18
BRDA:97,1,0,0
BRDA:108,2,0,0
BRDA:108,2,1,15
BRDA:114,3,0,1
BRDA:124,4,0,6
BRDA:130,5,0,1
BRDA:135,6,0,2
BRDA:142,7,0,12
BRDA:143,8,0,5
BRDA:144,9,0,2
BRDA:150,10,0,7
BRDA:151,11,0,2
BRDA:159,12,0,3
BRDA:159,12,1,5
BRDA:166,13,0,8
BRDA:170,14,0,8
BRDA:203,15,0,2
BRDA:203,15,1,3
BRDA:213,16,0,2
BRDA:213,16,1,3
BRDA:226,17,0,11
BRDA:226,17,1,10
BRDA:228,18,0,5
BRDA:228,18,1,6
BRDA:229,19,0,1
BRDA:229,19,1,4
BRDA:229,20,0,5
BRDA:229,20,1,4
BRDA:231,21,0,1
BRDA:231,21,1,1
BRDA:233,22,0,1
BRDA:233,22,1,0
BRDA:235,23,0,1
BRDA:235,23,1,1
BRDA:237,24,0,1
BRDA:237,24,1,0
BRDA:240,25,0,0
BRDA:240,26,0,1
BRDA:240,26,1,1
BRDA:241,27,0,0
BRDA:241,27,1,0
BRDA:246,28,0,0
BRDA:246,29,0,0
BRDA:246,29,1,0
BRDA:249,30,0,0
BRDA:249,31,0,0
BRDA:249,31,1,0
BRDA:253,32,0,1
BRDA:256,33,0,0
BRDA:261,34,0,2
BRDA:261,34,1,2
BRDA:262,35,0,1
BRDA:262,35,1,1
BRDA:267,36,0,0
BRDA:282,37,0,4
BRDA:282,37,1,2
BRDA:282,38,0,6
BRDA:282,38,1,2
BRDA:283,39,0,2
BRDA:283,39,1,2
BRDA:285,40,0,1
BRDA:285,40,1,1
BRDA:290,41,0,0
BRDA:295,42,0,0
BRDA:295,42,1,2
BRDA:296,43,0,0
BRDA:296,43,1,0
BRDA:301,44,0,0
BRDA:317,45,0,5
BRDA:317,45,1,5
BRDA:320,46,0,1
BRDA:320,46,1,4
BRDA:320,47,0,5
BRDA:320,47,1,4
BRDA:322,48,0,0
BRDA:322,48,1,1
BRDA:323,49,0,0
BRDA:323,49,1,1
BRDA:323,50,0,1
BRDA:323,50,1,1
BRDA:323,50,2,1
BRDA:323,50,3,1
BRDA:323,50,4,0
BRDA:332,51,0,2
BRDA:332,51,1,2
BRDA:334,52,0,2
BRDA:334,52,1,0
BRDA:334,53,0,2
BRDA:334,53,1,2
BRDA:334,53,2,0
BRDA:344,54,0,4
BRDA:344,54,1,1
BRDA:344,55,0,5
BRDA:344,55,1,1
BRDA:346,56,0,2
BRDA:346,56,1,2
BRDA:347,57,0,2
BRDA:347,57,1,0
BRDA:347,58,0,2
BRDA:347,58,1,2
BRDA:347,58,2,2
BRDA:354,59,0,0
BRDA:354,59,1,1
BRDA:355,60,0,0
BRDA:355,60,1,1
BRDA:355,61,0,1
BRDA:355,61,1,0
BRDA:364,62,0,17
BRDA:377,63,0,512
BRDA:385,64,0,251
BRDA:385,65,0,384
BRDA:385,65,1,133
BRDA:408,66,0,0
BRDA:408,67,0,64
BRDA:408,67,1,3
BRDA:413,68,0,3
BRDA:418,69,0,3
BRDA:423,70,0,17
BRDA:429,71,0,1
BRDA:434,72,0,6
BRDA:438,73,0,0
BRDA:438,74,0,64
BRDA:438,74,1,7
BRDA:443,75,0,0
BRDA:443,76,0,64
BRDA:443,76,1,57
BRDA:447,77,0,0
BRDA:447,78,0,64
BRDA:447,78,1,57
BRDA:452,79,0,0
BRDA:452,80,0,64
BRDA:452,80,1,7
BRDA:456,81,0,0
BRDA:456,82,0,64
BRDA:456,82,1,57
BRDA:461,83,0,3
BRDA:464,84,0,22
BRDA:482,85,0,51
BRDA:487,86,0,46
BRDA:492,87,0,51
BRDA:505,88,0,1096
BRDA:505,88,1,42
BRDA:508,89,0,4
BRDA:508,89,1,4
BRDA:508,89,2,5
BRDA:508,89,3,9
BRDA:508,89,4,4
BRDA:508,89,5,3
BRDA:508,89,6,2
BRDA:508,89,7,1
BRDA:508,89,8,5
BRDA:508,89,9,1
BRDA:508,89,10,1
BRDA:508,89,11,1
BRDA:508,89,12,1
BRDA:508,89,13,0
BRDA:508,89,14,0
BRDA:508,89,15,0
BRDA:561,90,0,0
BRDA:567,91,0,0
BRDA:573,92,0,0
BRDA:596,93,0,5
BRDA:605,94,0,8
BRDA:630,95,0,73
BRDA:633,96,0,14
BRDA:649,97,0,4
BRDA:652,98,0,33
BRDA:662,99,0,4
BRDA:665,100,0,36
BRDA:675,101,0,62
BRDA:675,101,1,4
BRDA:692,102,0,26
BRDA:695,103,0,25
BRDA:695,103,1,1
BRDA:703,104,0,3
BRDA:706,105,0,2
BRDA:706,105,1,1
BRDA:720,106,0,264
BRDA:729,107,0,2
BRDA:739,108,0,84
BRDA:741,109,0,77
BRDA:741,109,1,7
BRDA:745,110,0,1
BRDA:745,110,1,6
BRDA:747,111,0,2
BRDA:747,111,1,4
BRDA:750,112,0,2
BRDA:750,112,1,2
BRDA:753,113,0,2
BRDA:756,114,0,40
BRDA:756,114,1,44
BRF:192
BRH:151
end_of_record
TN:
SF:src\plugins\sliderMetaLamp\mvc\view\view.ts
FN:26,(anonymous_0)
FN:190,(anonymous_1)
FN:197,(anonymous_2)
FN:35,(anonymous_3)
FN:42,(anonymous_4)
FN:46,(anonymous_5)
FN:50,(anonymous_6)
FN:56,(anonymous_7)
FN:62,(anonymous_8)
FN:66,(anonymous_9)
FN:70,(anonymous_10)
FN:75,(anonymous_11)
FN:80,(anonymous_12)
FN:94,(anonymous_13)
FN:98,(anonymous_14)
FN:102,(anonymous_15)
FN:106,(anonymous_16)
FN:110,(anonymous_17)
FN:123,(anonymous_18)
FN:178,(anonymous_19)
FN:185,(anonymous_20)
FNF:21
FNH:20
FNDA:4,(anonymous_0)
FNDA:4,(anonymous_1)
FNDA:4,(anonymous_2)
FNDA:4,(anonymous_3)
FNDA:2,(anonymous_4)
FNDA:2,(anonymous_5)
FNDA:7,(anonymous_6)
FNDA:10,(anonymous_7)
FNDA:8,(anonymous_8)
FNDA:10,(anonymous_9)
FNDA:6,(anonymous_10)
FNDA:10,(anonymous_11)
FNDA:4,(anonymous_12)
FNDA:0,(anonymous_13)
FNDA:1,(anonymous_14)
FNDA:1,(anonymous_15)
FNDA:1,(anonymous_16)
FNDA:4,(anonymous_17)
FNDA:4,(anonymous_18)
FNDA:4,(anonymous_19)
FNDA:4,(anonymous_20)
DA:1,4
DA:2,4
DA:4,4
DA:6,4
DA:27,4
DA:29,4
DA:30,4
DA:31,4
DA:36,4
DA:37,4
DA:38,4
DA:39,4
DA:43,2
DA:47,2
DA:51,7
DA:53,7
DA:57,10
DA:59,10
DA:63,8
DA:67,10
DA:71,6
DA:76,10
DA:81,4
DA:82,0
DA:83,0
DA:84,0
DA:86,4
DA:87,4
DA:88,4
DA:90,4
DA:91,4
DA:95,0
DA:99,1
DA:103,1
DA:107,1
DA:111,4
DA:112,4
DA:113,4
DA:114,4
DA:116,4
DA:117,4
DA:118,4
DA:119,4
DA:120,4
DA:124,4
DA:125,4
DA:126,4
DA:142,4
DA:143,15
DA:144,15
DA:145,15
DA:148,4
DA:150,18
DA:151,9
DA:154,18
DA:155,6
DA:158,18
DA:159,2
DA:162,18
DA:163,1
DA:164,1
DA:166,18
DA:167,1
DA:168,1
DA:170,18
DA:171,1
DA:172,1
DA:175,4
DA:179,4
DA:180,4
DA:182,4
DA:186,4
DA:187,4
DA:190,4
DA:191,4
DA:193,3
DA:197,4
DA:198,4
DA:200,1
DA:205,4
LF:80
LH:76
BRDA:191,0,0,1
BRDA:191,0,1,3
BRDA:198,1,0,3
BRDA:198,1,1,1
BRDA:81,2,0,0
BRDA:81,2,1,4
BRDA:144,3,0,15
BRDA:150,4,0,9
BRDA:154,5,0,6
BRDA:158,6,0,2
BRDA:162,7,0,1
BRDA:166,8,0,1
BRDA:170,9,0,1
BRF:13
BRH:12
end_of_record
TN:
SF:src\plugins\sliderMetaLamp\mvc\view\view-bar\view-bar.ts
FN:20,(anonymous_0)
FN:26,(anonymous_1)
FN:33,(anonymous_2)
FN:42,(anonymous_3)
FN:58,(anonymous_4)
FN:63,(anonymous_5)
FNF:6
FNH:6
FNDA:5,(anonymous_0)
FNDA:6,(anonymous_1)
FNDA:8,(anonymous_2)
FNDA:12,(anonymous_3)
FNDA:5,(anonymous_4)
FNDA:5,(anonymous_5)
DA:21,5
DA:22,5
DA:27,6
DA:28,6
DA:34,8
DA:35,8
DA:36,8
DA:43,12
DA:44,12
DA:45,10
DA:46,10
DA:47,10
DA:48,10
DA:50,2
DA:51,2
DA:52,2
DA:53,2
DA:59,5
DA:60,5
DA:64,5
DA:65,5
DA:66,5
DA:67,5
DA:68,5
DA:72,5
LF:25
LH:25
BRDA:28,0,0,1
BRDA:28,0,1,5
BRDA:36,1,0,5
BRDA:36,1,1,3
BRDA:44,2,0,10
BRDA:44,2,1,2
BRF:6
BRH:6
end_of_record
TN:
SF:src\plugins\sliderMetaLamp\mvc\view\view-control\view-control.ts
FN:33,(anonymous_0)
FN:206,(anonymous_1)
FN:73,(anonymous_2)
FN:96,(anonymous_3)
FN:102,(anonymous_4)
FN:112,(anonymous_5)
FN:136,(anonymous_6)
FN:150,(anonymous_7)
FN:168,(anonymous_8)
FN:176,(anonymous_9)
FN:191,(anonymous_10)
FN:199,(anonymous_11)
FN:211,(anonymous_12)
FN:221,(anonymous_13)
FN:222,(anonymous_14)
FN:243,(anonymous_15)
FN:250,(anonymous_16)
FN:267,(anonymous_17)
FN:268,(anonymous_18)
FN:272,(anonymous_19)
FN:273,(anonymous_20)
FN:286,(anonymous_21)
FN:301,(anonymous_22)
FN:302,(anonymous_23)
FN:328,(anonymous_24)
FN:329,(anonymous_25)
FN:343,(anonymous_26)
FN:390,(anonymous_27)
FNF:28
FNH:25
FNDA:4,(anonymous_0)
FNDA:20,(anonymous_1)
FNDA:18,(anonymous_2)
FNDA:20,(anonymous_3)
FNDA:18,(anonymous_4)
FNDA:6,(anonymous_5)
FNDA:6,(anonymous_6)
FNDA:7,(anonymous_7)
FNDA:4,(anonymous_8)
FNDA:8,(anonymous_9)
FNDA:4,(anonymous_10)
FNDA:4,(anonymous_11)
FNDA:2,(anonymous_12)
FNDA:4,(anonymous_13)
FNDA:2,(anonymous_14)
FNDA:1,(anonymous_15)
FNDA:0,(anonymous_16)
FNDA:0,(anonymous_17)
FNDA:0,(anonymous_18)
FNDA:4,(anonymous_19)
FNDA:1,(anonymous_20)
FNDA:1,(anonymous_21)
FNDA:4,(anonymous_22)
FNDA:1,(anonymous_23)
FNDA:4,(anonymous_24)
FNDA:2,(anonymous_25)
FNDA:5,(anonymous_26)
FNDA:20,(anonymous_27)
DA:2,4
DA:34,4
DA:35,4
DA:36,4
DA:37,4
DA:39,4
DA:65,4
DA:66,4
DA:67,4
DA:68,4
DA:69,4
DA:74,18
DA:75,4
DA:78,18
DA:79,0
DA:80,0
DA:82,18
DA:83,18
DA:86,18
DA:87,7
DA:90,11
DA:97,20
DA:104,18
DA:105,18
DA:113,6
DA:114,6
DA:115,1
DA:116,1
DA:117,1
DA:118,1
DA:119,1
DA:120,1
DA:121,1
DA:122,1
DA:124,5
DA:125,5
DA:126,5
DA:127,5
DA:128,5
DA:129,5
DA:130,5
DA:131,5
DA:137,6
DA:138,6
DA:139,5
DA:140,5
DA:141,5
DA:144,1
DA:145,1
DA:151,7
DA:152,7
DA:153,5
DA:154,5
DA:155,5
DA:156,1
DA:158,1
DA:162,2
DA:163,2
DA:169,4
DA:170,4
DA:171,4
DA:172,4
DA:173,4
DA:178,8
DA:179,8
DA:180,8
DA:181,8
DA:182,8
DA:183,8
DA:184,8
DA:185,8
DA:186,8
DA:192,4
DA:194,4
DA:195,4
DA:200,4
DA:202,4
DA:203,4
DA:206,4
DA:207,20
DA:208,20
DA:212,2
DA:213,2
DA:214,2
DA:215,2
DA:216,2
DA:217,2
DA:222,4
DA:223,2
DA:224,2
DA:225,2
DA:226,0
DA:228,2
DA:229,1
DA:231,2
DA:232,2
DA:235,1
DA:237,1
DA:238,1
DA:241,1
DA:243,1
DA:244,1
DA:245,1
DA:246,1
DA:247,1
DA:250,1
DA:251,0
DA:252,0
DA:254,0
DA:260,1
DA:261,1
DA:262,1
DA:266,4
DA:267,4
DA:268,4
DA:273,4
DA:274,1
DA:275,1
DA:276,1
DA:277,0
DA:279,1
DA:280,1
DA:283,1
DA:284,1
DA:286,1
DA:287,1
DA:288,1
DA:290,1
DA:292,1
DA:294,1
DA:297,4
DA:302,4
DA:303,1
DA:304,1
DA:305,1
DA:306,1
DA:307,1
DA:308,1
DA:309,0
DA:311,1
DA:313,1
DA:316,1
DA:319,1
DA:320,1
DA:321,1
DA:325,4
DA:329,4
DA:330,2
DA:331,2
DA:332,2
DA:333,0
DA:335,2
DA:338,2
DA:343,2
DA:344,5
DA:345,2
DA:346,1
DA:347,1
DA:349,1
DA:350,0
DA:353,0
DA:356,1
DA:359,1
DA:365,1
DA:366,1
DA:368,1
DA:369,1
DA:370,1
DA:371,1
DA:372,1
DA:375,1
DA:376,0
DA:380,1
DA:384,1
DA:387,4
DA:391,20
DA:392,0
DA:393,20
DA:399,4
LF:179
LH:166
BRDA:207,0,0,20
BRDA:208,1,0,7
BRDA:208,1,1,13
BRDA:74,2,0,4
BRDA:78,3,0,0
BRDA:78,3,1,18
BRDA:86,4,0,7
BRDA:86,4,1,11
BRDA:97,5,0,9
BRDA:97,5,1,11
BRDA:104,6,0,18
BRDA:106,7,0,18
BRDA:106,7,1,0
BRDA:114,8,0,1
BRDA:114,8,1,5
BRDA:138,9,0,5
BRDA:138,9,1,1
BRDA:140,10,0,5
BRDA:152,11,0,5
BRDA:152,11,1,2
BRDA:155,12,0,1
BRDA:225,13,0,0
BRDA:228,14,0,1
BRDA:232,15,0,1
BRDA:237,16,0,1
BRDA:276,17,0,0
BRDA:280,18,0,1
BRDA:289,19,0,0
BRDA:289,19,1,1
BRDA:291,20,0,0
BRDA:291,20,1,1
BRDA:305,21,0,1
BRDA:308,22,0,0
BRDA:313,23,0,1
BRDA:316,24,0,0
BRDA:316,24,1,1
BRDA:332,25,0,0
BRDA:345,26,0,1
BRDA:349,27,0,0
BRDA:349,27,1,1
BRDA:375,28,0,0
BRDA:375,28,1,1
BRDA:380,29,0,1
BRDA:380,29,1,0
BRDA:391,30,0,0
BRDA:391,30,1,20
BRF:46
BRH:33
end_of_record
TN:
SF:src\plugins\sliderMetaLamp\mvc\view\view-scale\view-scale.ts
FN:15,(anonymous_0)
FN:33,(anonymous_1)
FN:81,(anonymous_2)
FN:97,(anonymous_3)
FN:98,(anonymous_4)
FN:160,(anonymous_5)
FN:178,(anonymous_6)
FN:180,(anonymous_7)
FNF:8
FNH:7
FNDA:7,(anonymous_0)
FNDA:20,(anonymous_1)
FNDA:3,(anonymous_2)
FNDA:22,(anonymous_3)
FNDA:2,(anonymous_4)
FNDA:5,(anonymous_5)
FNDA:20,(anonymous_6)
FNDA:0,(anonymous_7)
DA:7,7
DA:21,7
DA:22,7
DA:23,7
DA:24,7
DA:25,6
DA:27,1
DA:35,20
DA:36,20
DA:37,20
DA:38,20
DA:39,15
DA:40,9
DA:41,34
DA:44,15
DA:45,73
DA:46,73
DA:47,73
DA:48,73
DA:49,73
DA:50,73
DA:51,73
DA:53,73
DA:54,15
DA:55,15
DA:56,15
DA:58,58
DA:59,58
DA:60,58
DA:62,73
DA:63,12
DA:65,73
DA:66,73
DA:67,15
DA:69,58
DA:73,15
DA:77,20
DA:78,20
DA:82,3
DA:83,3
DA:84,3
DA:85,2
DA:86,6
DA:89,1
DA:90,3
DA:93,3
DA:98,22
DA:100,2
DA:101,2
DA:102,2
DA:103,2
DA:105,2
DA:109,2
DA:115,2
DA:116,2
DA:119,22
DA:120,15
DA:122,15
DA:123,66
DA:124,66
DA:127,15
DA:129,2
DA:131,13
DA:133,3
DA:136,13
DA:139,7
DA:140,7
DA:141,17
DA:142,17
DA:145,7
DA:147,0
DA:149,7
DA:151,2
DA:154,7
DA:162,5
DA:163,5
DA:165,5
DA:166,5
DA:167,5
DA:168,5
DA:169,5
DA:170,5
DA:171,5
DA:172,5
DA:173,5
DA:174,5
DA:179,20
DA:180,20
DA:181,0
DA:182,0
DA:183,0
DA:184,0
DA:186,0
DA:187,0
DA:189,0
DA:192,20
DA:198,5
LF:97
LH:89
BRDA:19,0,0,6
BRDA:24,1,0,6
BRDA:24,1,1,1
BRDA:38,2,0,15
BRDA:39,3,0,9
BRDA:53,4,0,15
BRDA:53,4,1,58
BRDA:62,5,0,12
BRDA:66,6,0,15
BRDA:66,6,1,58
BRDA:84,7,0,2
BRDA:84,7,1,1
BRDA:119,8,0,15
BRDA:119,8,1,7
BRDA:127,9,0,2
BRDA:127,9,1,13
BRDA:131,10,0,3
BRDA:145,11,0,0
BRDA:145,11,1,7
BRDA:149,12,0,2
BRDA:166,13,0,5
BRDA:182,14,0,0
BRDA:183,15,0,0
BRDA:186,16,0,0
BRF:24
BRH:20
end_of_record
